/Users/padilla/.rvm/rubies/ruby-1.9.3-p545/bin/ruby extconf.rb 
checking for ffi.h... no
checking for ffi.h in /usr/local/include,/usr/include/ffi... yes
checking for ffi_call() in -lffi... yes
checking for ffi_prep_closure()... yes
checking for ffi_raw_call()... no
checking for rb_thread_blocking_region()... yes
checking for rb_thread_call_with_gvl()... yes
checking for rb_thread_call_without_gvl()... yes
checking for ffi_prep_cif_var()... no
creating extconf.h
creating Makefile

make  clean

make
compiling AbstractMemory.c
compiling ArrayType.c
compiling Buffer.c
compiling Call.c
compiling ClosurePool.c
compiling DataConverter.c
compiling DynamicLibrary.c
compiling ffi.c
compiling Function.c
Function.c: In function 'callback_invoke':
Function.c:479:9: warning: passing argument 1 of 'rb_thread_call_with_gvl' from incompatible pointer type [enabled by default]
Function.c:102:14: note: expected 'void * (*)(void *)' but argument is of type 'VALUE (*)(void *)'
compiling FunctionInfo.c
compiling LastError.c
compiling LongDouble.c
compiling MappedType.c
compiling MemoryPointer.c
compiling MethodHandle.c
compiling Platform.c
compiling Pointer.c
compiling Struct.c
compiling StructByReference.c
compiling StructByValue.c
compiling StructLayout.c
compiling Thread.c
compiling Type.c
compiling Types.c
compiling Variadic.c
linking shared-object ffi_c.bundle

make  install
/usr/bin/install -c -m 0755 ffi_c.bundle /Users/padilla/DropBox/Private/TheDevelopmentBox/thepista/httparty/ruby/1.9.1/gems/ffi-1.9.3/ext/ffi_c/.gem.20140620-12404-1qkyufj
installing default ffi_c libraries
