# Logfile created on 2013-12-16 20:52:34 +0100 by logger.rb/31641
D, [2013-12-16T20:53:11.289633 #3767] DEBUG -- : SETTING CHANNELS
D, [2013-12-16T20:53:11.289749 #3767] DEBUG -- : SENDING SUBSCRIBE REQUEST
D, [2013-12-16T20:53:11.298920 #3767] DEBUG -- : ENCODING PATH
D, [2013-12-16T20:53:11.299059 #3767] DEBUG -- : /subscribe/demo/a/0/0
D, [2013-12-16T20:53:11.590212 #3767] DEBUG -- : GOT SUBSCRIBE RESPONSE
I, [2013-12-16T20:53:11.590329 #3767]  INFO -- : CONNECTED: ASYNC SUBSCRIBE CONNECTION
D, [2013-12-16T20:53:11.590701 #3767] DEBUG -- : GOT VALID JSON
D, [2013-12-16T20:53:11.590897 #3767] DEBUG -- : HANDLED RESPONSE
D, [2013-12-16T20:53:11.590932 #3767] DEBUG -- : TIMETOKEN UPDATED
D, [2013-12-16T20:53:11.800493 #3767] DEBUG -- : SETTING CHANNELS
D, [2013-12-16T20:53:11.800606 #3767] DEBUG -- : SENDING SUBSCRIBE REQUEST
D, [2013-12-16T20:53:11.800654 #3767] DEBUG -- : ENCODING PATH
D, [2013-12-16T20:53:11.800726 #3767] DEBUG -- : /subscribe/demo/a/0/13872235908348144
D, [2013-12-16T20:53:12.027555 #3767] DEBUG -- : GOT SUBSCRIBE RESPONSE
D, [2013-12-16T20:53:12.027639 #3767] DEBUG -- : GOT VALID JSON
D, [2013-12-16T20:53:12.027692 #3767] DEBUG -- : ENCODING PATH
D, [2013-12-16T20:53:12.027734 #3767] DEBUG -- : /subscribe/demo/a/0/13872235919626190
D, [2013-12-16T20:53:12.027784 #3767] DEBUG -- : HANDLED RESPONSE
D, [2013-12-16T20:53:12.027812 #3767] DEBUG -- : TIMETOKEN UPDATED
D, [2013-12-16T20:53:12.027842 #3767] DEBUG -- : CALLING SUBSCRIPTION CALLBACK FOR CHANNEL a
D, [2013-12-16T20:53:12.027891 #3767] DEBUG -- : AFTER CALLING SUBSCRIPTION CALLBACK FOR CHANNEL a
D, [2013-12-16T20:53:12.051398 #3767] DEBUG -- : SETTING CHANNELS
D, [2013-12-16T20:53:12.051501 #3767] DEBUG -- : SENDING SUBSCRIBE REQUEST
D, [2013-12-16T20:53:12.051536 #3767] DEBUG -- : ENCODING PATH
D, [2013-12-16T20:53:12.051584 #3767] DEBUG -- : /subscribe/demo/a/0/13872235919626190
D, [2013-12-16T20:53:13.038349 #3767] DEBUG -- : GOT SUBSCRIBE RESPONSE
D, [2013-12-16T20:53:13.038435 #3767] DEBUG -- : GOT VALID JSON
D, [2013-12-16T20:53:13.038503 #3767] DEBUG -- : ENCODING PATH
D, [2013-12-16T20:53:13.038572 #3767] DEBUG -- : /subscribe/demo/a/0/13872235929532708
D, [2013-12-16T20:53:13.038628 #3767] DEBUG -- : HANDLED RESPONSE
D, [2013-12-16T20:53:13.038657 #3767] DEBUG -- : TIMETOKEN UPDATED
D, [2013-12-16T20:53:13.038686 #3767] DEBUG -- : CALLING SUBSCRIPTION CALLBACK FOR CHANNEL a
D, [2013-12-16T20:53:13.038737 #3767] DEBUG -- : AFTER CALLING SUBSCRIPTION CALLBACK FOR CHANNEL a
D, [2013-12-16T20:53:13.052983 #3767] DEBUG -- : SETTING CHANNELS
D, [2013-12-16T20:53:13.053073 #3767] DEBUG -- : SENDING SUBSCRIBE REQUEST
D, [2013-12-16T20:53:13.053106 #3767] DEBUG -- : ENCODING PATH
D, [2013-12-16T20:53:13.053152 #3767] DEBUG -- : /subscribe/demo/a/0/13872235929532708
D, [2013-12-16T20:53:14.131981 #3767] DEBUG -- : GOT SUBSCRIBE RESPONSE
D, [2013-12-16T20:53:14.132065 #3767] DEBUG -- : GOT VALID JSON
D, [2013-12-16T20:53:14.132116 #3767] DEBUG -- : ENCODING PATH
D, [2013-12-16T20:53:14.132159 #3767] DEBUG -- : /subscribe/demo/a/0/13872235940505874
D, [2013-12-16T20:53:14.132205 #3767] DEBUG -- : HANDLED RESPONSE
D, [2013-12-16T20:53:14.132233 #3767] DEBUG -- : TIMETOKEN UPDATED
D, [2013-12-16T20:53:14.132262 #3767] DEBUG -- : CALLING SUBSCRIPTION CALLBACK FOR CHANNEL a
D, [2013-12-16T20:53:14.132306 #3767] DEBUG -- : AFTER CALLING SUBSCRIPTION CALLBACK FOR CHANNEL a
D, [2013-12-16T20:53:14.305932 #3767] DEBUG -- : SETTING CHANNELS
D, [2013-12-16T20:53:14.306017 #3767] DEBUG -- : SENDING SUBSCRIBE REQUEST
D, [2013-12-16T20:53:14.306051 #3767] DEBUG -- : ENCODING PATH
D, [2013-12-16T20:53:14.306097 #3767] DEBUG -- : /subscribe/demo/a/0/13872235940505874
D, [2013-12-16T20:53:15.192274 #3767] DEBUG -- : GOT SUBSCRIBE RESPONSE
D, [2013-12-16T20:53:15.192358 #3767] DEBUG -- : GOT VALID JSON
D, [2013-12-16T20:53:15.192407 #3767] DEBUG -- : ENCODING PATH
D, [2013-12-16T20:53:15.192448 #3767] DEBUG -- : /subscribe/demo/a/0/13872235951089434
D, [2013-12-16T20:53:15.192494 #3767] DEBUG -- : HANDLED RESPONSE
D, [2013-12-16T20:53:15.192529 #3767] DEBUG -- : TIMETOKEN UPDATED
D, [2013-12-16T20:53:15.192576 #3767] DEBUG -- : CALLING SUBSCRIPTION CALLBACK FOR CHANNEL a
D, [2013-12-16T20:53:15.192628 #3767] DEBUG -- : AFTER CALLING SUBSCRIPTION CALLBACK FOR CHANNEL a
D, [2013-12-16T20:53:15.307180 #3767] DEBUG -- : SETTING CHANNELS
D, [2013-12-16T20:53:15.307283 #3767] DEBUG -- : SENDING SUBSCRIBE REQUEST
D, [2013-12-16T20:53:15.307319 #3767] DEBUG -- : ENCODING PATH
D, [2013-12-16T20:53:15.307367 #3767] DEBUG -- : /subscribe/demo/a/0/13872235951089434
D, [2013-12-16T20:53:16.314105 #3767] DEBUG -- : GOT SUBSCRIBE RESPONSE
D, [2013-12-16T20:53:16.314196 #3767] DEBUG -- : GOT VALID JSON
D, [2013-12-16T20:53:16.314252 #3767] DEBUG -- : ENCODING PATH
D, [2013-12-16T20:53:16.314299 #3767] DEBUG -- : /subscribe/demo/a/0/13872235962323094
D, [2013-12-16T20:53:16.314357 #3767] DEBUG -- : HANDLED RESPONSE
D, [2013-12-16T20:53:16.314386 #3767] DEBUG -- : TIMETOKEN UPDATED
D, [2013-12-16T20:53:16.314414 #3767] DEBUG -- : CALLING SUBSCRIPTION CALLBACK FOR CHANNEL a
D, [2013-12-16T20:53:16.314463 #3767] DEBUG -- : AFTER CALLING SUBSCRIPTION CALLBACK FOR CHANNEL a
D, [2013-12-16T20:53:16.558243 #3767] DEBUG -- : SETTING CHANNELS
D, [2013-12-16T20:53:16.558345 #3767] DEBUG -- : SENDING SUBSCRIBE REQUEST
D, [2013-12-16T20:53:16.558379 #3767] DEBUG -- : ENCODING PATH
D, [2013-12-16T20:53:16.558426 #3767] DEBUG -- : /subscribe/demo/a/0/13872235962323094
D, [2013-12-16T20:53:17.417972 #3767] DEBUG -- : GOT SUBSCRIBE RESPONSE
D, [2013-12-16T20:53:17.418055 #3767] DEBUG -- : GOT VALID JSON
D, [2013-12-16T20:53:17.418106 #3767] DEBUG -- : ENCODING PATH
D, [2013-12-16T20:53:17.418147 #3767] DEBUG -- : /subscribe/demo/a/0/13872235973510092
D, [2013-12-16T20:53:17.418192 #3767] DEBUG -- : HANDLED RESPONSE
D, [2013-12-16T20:53:17.418219 #3767] DEBUG -- : TIMETOKEN UPDATED
D, [2013-12-16T20:53:17.418247 #3767] DEBUG -- : CALLING SUBSCRIPTION CALLBACK FOR CHANNEL a
D, [2013-12-16T20:53:17.418295 #3767] DEBUG -- : AFTER CALLING SUBSCRIPTION CALLBACK FOR CHANNEL a
D, [2013-12-16T20:53:17.559915 #3767] DEBUG -- : SETTING CHANNELS
D, [2013-12-16T20:53:17.560014 #3767] DEBUG -- : SENDING SUBSCRIBE REQUEST
D, [2013-12-16T20:53:17.560048 #3767] DEBUG -- : ENCODING PATH
D, [2013-12-16T20:53:17.560095 #3767] DEBUG -- : /subscribe/demo/a/0/13872235973510092
D, [2013-12-16T20:53:18.449222 #3767] DEBUG -- : GOT SUBSCRIBE RESPONSE
D, [2013-12-16T20:53:18.449313 #3767] DEBUG -- : GOT VALID JSON
D, [2013-12-16T20:53:18.449363 #3767] DEBUG -- : ENCODING PATH
D, [2013-12-16T20:53:18.449405 #3767] DEBUG -- : /subscribe/demo/a/0/13872235983732884
D, [2013-12-16T20:53:18.449460 #3767] DEBUG -- : HANDLED RESPONSE
D, [2013-12-16T20:53:18.449497 #3767] DEBUG -- : TIMETOKEN UPDATED
D, [2013-12-16T20:53:18.449527 #3767] DEBUG -- : CALLING SUBSCRIPTION CALLBACK FOR CHANNEL a
D, [2013-12-16T20:53:18.449571 #3767] DEBUG -- : AFTER CALLING SUBSCRIPTION CALLBACK FOR CHANNEL a
D, [2013-12-16T20:53:18.561215 #3767] DEBUG -- : SETTING CHANNELS
D, [2013-12-16T20:53:18.561306 #3767] DEBUG -- : SENDING SUBSCRIBE REQUEST
D, [2013-12-16T20:53:18.561339 #3767] DEBUG -- : ENCODING PATH
D, [2013-12-16T20:53:18.561385 #3767] DEBUG -- : /subscribe/demo/a/0/13872235983732884
D, [2013-12-16T20:53:19.568174 #3767] DEBUG -- : GOT SUBSCRIBE RESPONSE
D, [2013-12-16T20:53:19.568260 #3767] DEBUG -- : GOT VALID JSON
D, [2013-12-16T20:53:19.568309 #3767] DEBUG -- : ENCODING PATH
D, [2013-12-16T20:53:19.568351 #3767] DEBUG -- : /subscribe/demo/a/0/13872235994873752
D, [2013-12-16T20:53:19.568395 #3767] DEBUG -- : HANDLED RESPONSE
D, [2013-12-16T20:53:19.568423 #3767] DEBUG -- : TIMETOKEN UPDATED
D, [2013-12-16T20:53:19.568451 #3767] DEBUG -- : CALLING SUBSCRIPTION CALLBACK FOR CHANNEL a
D, [2013-12-16T20:53:19.568495 #3767] DEBUG -- : AFTER CALLING SUBSCRIPTION CALLBACK FOR CHANNEL a
D, [2013-12-16T20:53:19.812956 #3767] DEBUG -- : SETTING CHANNELS
D, [2013-12-16T20:53:19.813049 #3767] DEBUG -- : SENDING SUBSCRIBE REQUEST
D, [2013-12-16T20:53:19.813081 #3767] DEBUG -- : ENCODING PATH
D, [2013-12-16T20:53:19.813128 #3767] DEBUG -- : /subscribe/demo/a/0/13872235994873752
D, [2013-12-16T20:53:20.478465 #3767] DEBUG -- : GOT SUBSCRIBE RESPONSE
D, [2013-12-16T20:53:20.478567 #3767] DEBUG -- : GOT VALID JSON
D, [2013-12-16T20:53:20.478634 #3767] DEBUG -- : ENCODING PATH
D, [2013-12-16T20:53:20.478691 #3767] DEBUG -- : /subscribe/demo/a/0/13872236004027146
D, [2013-12-16T20:53:20.478753 #3767] DEBUG -- : HANDLED RESPONSE
D, [2013-12-16T20:53:20.478791 #3767] DEBUG -- : TIMETOKEN UPDATED
D, [2013-12-16T20:53:20.478830 #3767] DEBUG -- : CALLING SUBSCRIPTION CALLBACK FOR CHANNEL a
D, [2013-12-16T20:53:20.478898 #3767] DEBUG -- : AFTER CALLING SUBSCRIPTION CALLBACK FOR CHANNEL a
D, [2013-12-16T20:53:20.565155 #3767] DEBUG -- : SETTING CHANNELS
D, [2013-12-16T20:53:20.565340 #3767] DEBUG -- : SENDING SUBSCRIBE REQUEST
D, [2013-12-16T20:53:20.565550 #3767] DEBUG -- : ENCODING PATH
D, [2013-12-16T20:53:20.565736 #3767] DEBUG -- : /subscribe/demo/a/0/13872236004027146
D, [2013-12-16T20:53:21.552965 #3767] DEBUG -- : GOT SUBSCRIBE RESPONSE
D, [2013-12-16T20:53:21.553068 #3767] DEBUG -- : GOT VALID JSON
D, [2013-12-16T20:53:21.553134 #3767] DEBUG -- : ENCODING PATH
D, [2013-12-16T20:53:21.553191 #3767] DEBUG -- : /subscribe/demo/a/0/13872236014737216
D, [2013-12-16T20:53:21.553252 #3767] DEBUG -- : HANDLED RESPONSE
D, [2013-12-16T20:53:21.553290 #3767] DEBUG -- : TIMETOKEN UPDATED
D, [2013-12-16T20:53:21.553350 #3767] DEBUG -- : CALLING SUBSCRIPTION CALLBACK FOR CHANNEL a
D, [2013-12-16T20:53:21.553451 #3767] DEBUG -- : AFTER CALLING SUBSCRIPTION CALLBACK FOR CHANNEL a
D, [2013-12-16T20:53:21.567879 #3767] DEBUG -- : SETTING CHANNELS
D, [2013-12-16T20:53:21.567978 #3767] DEBUG -- : SENDING SUBSCRIBE REQUEST
D, [2013-12-16T20:53:21.568015 #3767] DEBUG -- : ENCODING PATH
D, [2013-12-16T20:53:21.568067 #3767] DEBUG -- : /subscribe/demo/a/0/13872236014737216
D, [2013-12-16T20:53:22.696926 #3767] DEBUG -- : GOT SUBSCRIBE RESPONSE
D, [2013-12-16T20:53:22.697005 #3767] DEBUG -- : GOT VALID JSON
D, [2013-12-16T20:53:22.697052 #3767] DEBUG -- : ENCODING PATH
D, [2013-12-16T20:53:22.697092 #3767] DEBUG -- : /subscribe/demo/a/0/13872236026192434
D, [2013-12-16T20:53:22.697135 #3767] DEBUG -- : HANDLED RESPONSE
D, [2013-12-16T20:53:22.697161 #3767] DEBUG -- : TIMETOKEN UPDATED
D, [2013-12-16T20:53:22.697187 #3767] DEBUG -- : CALLING SUBSCRIPTION CALLBACK FOR CHANNEL a
D, [2013-12-16T20:53:22.697238 #3767] DEBUG -- : AFTER CALLING SUBSCRIPTION CALLBACK FOR CHANNEL a
D, [2013-12-16T20:53:22.822031 #3767] DEBUG -- : SETTING CHANNELS
D, [2013-12-16T20:53:22.822119 #3767] DEBUG -- : SENDING SUBSCRIBE REQUEST
D, [2013-12-16T20:53:22.822152 #3767] DEBUG -- : ENCODING PATH
D, [2013-12-16T20:53:22.822199 #3767] DEBUG -- : /subscribe/demo/a/0/13872236026192434
D, [2013-12-16T20:53:23.878157 #3767] DEBUG -- : GOT SUBSCRIBE RESPONSE
D, [2013-12-16T20:53:23.878241 #3767] DEBUG -- : GOT VALID JSON
D, [2013-12-16T20:53:23.878291 #3767] DEBUG -- : ENCODING PATH
D, [2013-12-16T20:53:23.878334 #3767] DEBUG -- : /subscribe/demo/a/0/13872236038021184
D, [2013-12-16T20:53:23.878379 #3767] DEBUG -- : HANDLED RESPONSE
D, [2013-12-16T20:53:23.878407 #3767] DEBUG -- : TIMETOKEN UPDATED
D, [2013-12-16T20:53:23.878436 #3767] DEBUG -- : CALLING SUBSCRIPTION CALLBACK FOR CHANNEL a
D, [2013-12-16T20:53:23.878484 #3767] DEBUG -- : AFTER CALLING SUBSCRIPTION CALLBACK FOR CHANNEL a
D, [2013-12-16T20:53:24.073540 #3767] DEBUG -- : SETTING CHANNELS
D, [2013-12-16T20:53:24.073639 #3767] DEBUG -- : SENDING SUBSCRIBE REQUEST
D, [2013-12-16T20:53:24.073673 #3767] DEBUG -- : ENCODING PATH
D, [2013-12-16T20:53:24.073720 #3767] DEBUG -- : /subscribe/demo/a/0/13872236038021184
D, [2013-12-16T20:53:24.846285 #3767] DEBUG -- : GOT SUBSCRIBE RESPONSE
D, [2013-12-16T20:53:24.846374 #3767] DEBUG -- : GOT VALID JSON
D, [2013-12-16T20:53:24.846421 #3767] DEBUG -- : ENCODING PATH
D, [2013-12-16T20:53:24.846460 #3767] DEBUG -- : /subscribe/demo/a/0/13872236047755614
D, [2013-12-16T20:53:24.846502 #3767] DEBUG -- : HANDLED RESPONSE
D, [2013-12-16T20:53:24.846528 #3767] DEBUG -- : TIMETOKEN UPDATED
D, [2013-12-16T20:53:24.846555 #3767] DEBUG -- : CALLING SUBSCRIPTION CALLBACK FOR CHANNEL a
D, [2013-12-16T20:53:24.846620 #3767] DEBUG -- : AFTER CALLING SUBSCRIPTION CALLBACK FOR CHANNEL a
D, [2013-12-16T20:53:25.074555 #3767] DEBUG -- : SETTING CHANNELS
D, [2013-12-16T20:53:25.074644 #3767] DEBUG -- : SENDING SUBSCRIBE REQUEST
D, [2013-12-16T20:53:25.074676 #3767] DEBUG -- : ENCODING PATH
D, [2013-12-16T20:53:25.074721 #3767] DEBUG -- : /subscribe/demo/a/0/13872236047755614
D, [2013-12-16T20:53:26.018198 #3767] DEBUG -- : GOT SUBSCRIBE RESPONSE
D, [2013-12-16T20:53:26.018282 #3767] DEBUG -- : GOT VALID JSON
D, [2013-12-16T20:53:26.018367 #3767] DEBUG -- : ENCODING PATH
D, [2013-12-16T20:53:26.018433 #3767] DEBUG -- : /subscribe/demo/a/0/13872236059548454
D, [2013-12-16T20:53:26.018480 #3767] DEBUG -- : HANDLED RESPONSE
D, [2013-12-16T20:53:26.018509 #3767] DEBUG -- : TIMETOKEN UPDATED
D, [2013-12-16T20:53:26.018537 #3767] DEBUG -- : CALLING SUBSCRIPTION CALLBACK FOR CHANNEL a
D, [2013-12-16T20:53:26.018586 #3767] DEBUG -- : AFTER CALLING SUBSCRIPTION CALLBACK FOR CHANNEL a
D, [2013-12-16T20:53:26.075808 #3767] DEBUG -- : SETTING CHANNELS
D, [2013-12-16T20:53:26.075900 #3767] DEBUG -- : SENDING SUBSCRIBE REQUEST
D, [2013-12-16T20:53:26.075944 #3767] DEBUG -- : ENCODING PATH
D, [2013-12-16T20:53:26.076018 #3767] DEBUG -- : /subscribe/demo/a/0/13872236059548454
D, [2013-12-16T20:53:27.045222 #3767] DEBUG -- : GOT SUBSCRIBE RESPONSE
D, [2013-12-16T20:53:27.045343 #3767] DEBUG -- : GOT VALID JSON
D, [2013-12-16T20:53:27.045430 #3767] DEBUG -- : ENCODING PATH
D, [2013-12-16T20:53:27.045506 #3767] DEBUG -- : /subscribe/demo/a/0/13872236069690900
D, [2013-12-16T20:53:27.045584 #3767] DEBUG -- : HANDLED RESPONSE
D, [2013-12-16T20:53:27.045633 #3767] DEBUG -- : TIMETOKEN UPDATED
D, [2013-12-16T20:53:27.045685 #3767] DEBUG -- : CALLING SUBSCRIPTION CALLBACK FOR CHANNEL a
D, [2013-12-16T20:53:27.045770 #3767] DEBUG -- : AFTER CALLING SUBSCRIPTION CALLBACK FOR CHANNEL a
D, [2013-12-16T20:53:27.077805 #3767] DEBUG -- : SETTING CHANNELS
D, [2013-12-16T20:53:27.077945 #3767] DEBUG -- : SENDING SUBSCRIBE REQUEST
D, [2013-12-16T20:53:27.077990 #3767] DEBUG -- : ENCODING PATH
D, [2013-12-16T20:53:27.078069 #3767] DEBUG -- : /subscribe/demo/a/0/13872236069690900
D, [2013-12-16T20:53:28.127657 #3767] DEBUG -- : GOT SUBSCRIBE RESPONSE
D, [2013-12-16T20:53:28.127740 #3767] DEBUG -- : GOT VALID JSON
D, [2013-12-16T20:53:28.127791 #3767] DEBUG -- : ENCODING PATH
D, [2013-12-16T20:53:28.127833 #3767] DEBUG -- : /subscribe/demo/a/0/13872236080447460
D, [2013-12-16T20:53:28.127879 #3767] DEBUG -- : HANDLED RESPONSE
D, [2013-12-16T20:53:28.127907 #3767] DEBUG -- : TIMETOKEN UPDATED
D, [2013-12-16T20:53:28.127936 #3767] DEBUG -- : CALLING SUBSCRIPTION CALLBACK FOR CHANNEL a
D, [2013-12-16T20:53:28.127981 #3767] DEBUG -- : AFTER CALLING SUBSCRIPTION CALLBACK FOR CHANNEL a
D, [2013-12-16T20:53:28.329804 #3767] DEBUG -- : SETTING CHANNELS
D, [2013-12-16T20:53:28.329889 #3767] DEBUG -- : SENDING SUBSCRIBE REQUEST
D, [2013-12-16T20:53:28.329935 #3767] DEBUG -- : ENCODING PATH
D, [2013-12-16T20:53:28.329984 #3767] DEBUG -- : /subscribe/demo/a/0/13872236080447460
D, [2013-12-16T20:53:29.236311 #3767] DEBUG -- : GOT SUBSCRIBE RESPONSE
D, [2013-12-16T20:53:29.236395 #3767] DEBUG -- : GOT VALID JSON
D, [2013-12-16T20:53:29.236445 #3767] DEBUG -- : ENCODING PATH
D, [2013-12-16T20:53:29.236487 #3767] DEBUG -- : /subscribe/demo/a/0/13872236091583312
D, [2013-12-16T20:53:29.236532 #3767] DEBUG -- : HANDLED RESPONSE
D, [2013-12-16T20:53:29.236559 #3767] DEBUG -- : TIMETOKEN UPDATED
D, [2013-12-16T20:53:29.236588 #3767] DEBUG -- : CALLING SUBSCRIPTION CALLBACK FOR CHANNEL a
D, [2013-12-16T20:53:29.236632 #3767] DEBUG -- : AFTER CALLING SUBSCRIPTION CALLBACK FOR CHANNEL a
D, [2013-12-16T20:53:29.330825 #3767] DEBUG -- : SETTING CHANNELS
D, [2013-12-16T20:53:29.330915 #3767] DEBUG -- : SENDING SUBSCRIBE REQUEST
D, [2013-12-16T20:53:29.330948 #3767] DEBUG -- : ENCODING PATH
D, [2013-12-16T20:53:29.330993 #3767] DEBUG -- : /subscribe/demo/a/0/13872236091583312
D, [2013-12-16T20:53:30.216374 #3767] DEBUG -- : GOT SUBSCRIBE RESPONSE
D, [2013-12-16T20:53:30.216479 #3767] DEBUG -- : GOT VALID JSON
D, [2013-12-16T20:53:30.216530 #3767] DEBUG -- : ENCODING PATH
D, [2013-12-16T20:53:30.216572 #3767] DEBUG -- : /subscribe/demo/a/0/13872236101341128
D, [2013-12-16T20:53:30.216617 #3767] DEBUG -- : HANDLED RESPONSE
D, [2013-12-16T20:53:30.216645 #3767] DEBUG -- : TIMETOKEN UPDATED
D, [2013-12-16T20:53:30.216673 #3767] DEBUG -- : CALLING SUBSCRIPTION CALLBACK FOR CHANNEL a
D, [2013-12-16T20:53:30.216722 #3767] DEBUG -- : AFTER CALLING SUBSCRIPTION CALLBACK FOR CHANNEL a
D, [2013-12-16T20:53:30.332771 #3767] DEBUG -- : SETTING CHANNELS
D, [2013-12-16T20:53:30.332870 #3767] DEBUG -- : SENDING SUBSCRIBE REQUEST
D, [2013-12-16T20:53:30.332902 #3767] DEBUG -- : ENCODING PATH
D, [2013-12-16T20:53:30.332947 #3767] DEBUG -- : /subscribe/demo/a/0/13872236101341128
D, [2013-12-16T20:53:31.382244 #3767] DEBUG -- : GOT SUBSCRIBE RESPONSE
D, [2013-12-16T20:53:31.382326 #3767] DEBUG -- : GOT VALID JSON
D, [2013-12-16T20:53:31.382376 #3767] DEBUG -- : ENCODING PATH
D, [2013-12-16T20:53:31.382418 #3767] DEBUG -- : /subscribe/demo/a/0/13872236113034276
D, [2013-12-16T20:53:31.382462 #3767] DEBUG -- : HANDLED RESPONSE
D, [2013-12-16T20:53:31.382490 #3767] DEBUG -- : TIMETOKEN UPDATED
D, [2013-12-16T20:53:31.382518 #3767] DEBUG -- : CALLING SUBSCRIPTION CALLBACK FOR CHANNEL a
D, [2013-12-16T20:53:31.382562 #3767] DEBUG -- : AFTER CALLING SUBSCRIPTION CALLBACK FOR CHANNEL a
D, [2013-12-16T20:53:31.585544 #3767] DEBUG -- : SETTING CHANNELS
D, [2013-12-16T20:53:31.585633 #3767] DEBUG -- : SENDING SUBSCRIBE REQUEST
D, [2013-12-16T20:53:31.585666 #3767] DEBUG -- : ENCODING PATH
D, [2013-12-16T20:53:31.585711 #3767] DEBUG -- : /subscribe/demo/a/0/13872236113034276
D, [2013-12-16T20:53:32.449134 #3767] DEBUG -- : GOT SUBSCRIBE RESPONSE
D, [2013-12-16T20:53:32.449216 #3767] DEBUG -- : GOT VALID JSON
D, [2013-12-16T20:53:32.449265 #3767] DEBUG -- : ENCODING PATH
D, [2013-12-16T20:53:32.449307 #3767] DEBUG -- : /subscribe/demo/a/0/13872236123794124
D, [2013-12-16T20:53:32.449354 #3767] DEBUG -- : HANDLED RESPONSE
D, [2013-12-16T20:53:32.449398 #3767] DEBUG -- : TIMETOKEN UPDATED
D, [2013-12-16T20:53:32.449432 #3767] DEBUG -- : CALLING SUBSCRIPTION CALLBACK FOR CHANNEL a
D, [2013-12-16T20:53:32.449482 #3767] DEBUG -- : AFTER CALLING SUBSCRIPTION CALLBACK FOR CHANNEL a
D, [2013-12-16T20:53:32.586807 #3767] DEBUG -- : SETTING CHANNELS
D, [2013-12-16T20:53:32.586919 #3767] DEBUG -- : SENDING SUBSCRIBE REQUEST
D, [2013-12-16T20:53:32.586974 #3767] DEBUG -- : ENCODING PATH
D, [2013-12-16T20:53:32.587075 #3767] DEBUG -- : /subscribe/demo/a/0/13872236123794124
D, [2013-12-16T20:53:33.520842 #3767] DEBUG -- : GOT SUBSCRIBE RESPONSE
D, [2013-12-16T20:53:33.520926 #3767] DEBUG -- : GOT VALID JSON
D, [2013-12-16T20:53:33.520975 #3767] DEBUG -- : ENCODING PATH
D, [2013-12-16T20:53:33.521018 #3767] DEBUG -- : /subscribe/demo/a/0/13872236134373474
D, [2013-12-16T20:53:33.521062 #3767] DEBUG -- : HANDLED RESPONSE
D, [2013-12-16T20:53:33.521089 #3767] DEBUG -- : TIMETOKEN UPDATED
D, [2013-12-16T20:53:33.521117 #3767] DEBUG -- : CALLING SUBSCRIPTION CALLBACK FOR CHANNEL a
D, [2013-12-16T20:53:33.521165 #3767] DEBUG -- : AFTER CALLING SUBSCRIPTION CALLBACK FOR CHANNEL a
D, [2013-12-16T20:53:33.589881 #3767] DEBUG -- : SETTING CHANNELS
D, [2013-12-16T20:53:33.590043 #3767] DEBUG -- : SENDING SUBSCRIBE REQUEST
D, [2013-12-16T20:53:33.590092 #3767] DEBUG -- : ENCODING PATH
D, [2013-12-16T20:53:33.590140 #3767] DEBUG -- : /subscribe/demo/a/0/13872236134373474
D, [2013-12-16T20:53:34.477347 #3767] DEBUG -- : GOT SUBSCRIBE RESPONSE
D, [2013-12-16T20:53:34.477438 #3767] DEBUG -- : GOT VALID JSON
D, [2013-12-16T20:53:34.477488 #3767] DEBUG -- : ENCODING PATH
D, [2013-12-16T20:53:34.477537 #3767] DEBUG -- : /subscribe/demo/a/0/13872236143996044
D, [2013-12-16T20:53:34.477579 #3767] DEBUG -- : HANDLED RESPONSE
D, [2013-12-16T20:53:34.477605 #3767] DEBUG -- : TIMETOKEN UPDATED
D, [2013-12-16T20:53:34.477632 #3767] DEBUG -- : CALLING SUBSCRIPTION CALLBACK FOR CHANNEL a
D, [2013-12-16T20:53:34.477688 #3767] DEBUG -- : AFTER CALLING SUBSCRIPTION CALLBACK FOR CHANNEL a
D, [2013-12-16T20:53:34.590950 #3767] DEBUG -- : SETTING CHANNELS
D, [2013-12-16T20:53:34.591044 #3767] DEBUG -- : SENDING SUBSCRIBE REQUEST
D, [2013-12-16T20:53:34.591079 #3767] DEBUG -- : ENCODING PATH
D, [2013-12-16T20:53:34.591126 #3767] DEBUG -- : /subscribe/demo/a/0/13872236143996044
D, [2013-12-16T20:53:35.693936 #3767] DEBUG -- : GOT SUBSCRIBE RESPONSE
D, [2013-12-16T20:53:35.694020 #3767] DEBUG -- : GOT VALID JSON
D, [2013-12-16T20:53:35.694070 #3767] DEBUG -- : ENCODING PATH
D, [2013-12-16T20:53:35.694111 #3767] DEBUG -- : /subscribe/demo/a/0/13872236156149660
D, [2013-12-16T20:53:35.694155 #3767] DEBUG -- : HANDLED RESPONSE
D, [2013-12-16T20:53:35.694182 #3767] DEBUG -- : TIMETOKEN UPDATED
D, [2013-12-16T20:53:35.694210 #3767] DEBUG -- : CALLING SUBSCRIPTION CALLBACK FOR CHANNEL a
D, [2013-12-16T20:53:35.694256 #3767] DEBUG -- : AFTER CALLING SUBSCRIPTION CALLBACK FOR CHANNEL a
D, [2013-12-16T20:53:35.842529 #3767] DEBUG -- : SETTING CHANNELS
D, [2013-12-16T20:53:35.842617 #3767] DEBUG -- : SENDING SUBSCRIBE REQUEST
D, [2013-12-16T20:53:35.842651 #3767] DEBUG -- : ENCODING PATH
D, [2013-12-16T20:53:35.842699 #3767] DEBUG -- : /subscribe/demo/a/0/13872236156149660
D, [2013-12-16T20:53:36.702757 #3767] DEBUG -- : GOT SUBSCRIBE RESPONSE
D, [2013-12-16T20:53:36.702843 #3767] DEBUG -- : GOT VALID JSON
D, [2013-12-16T20:53:36.702893 #3767] DEBUG -- : ENCODING PATH
D, [2013-12-16T20:53:36.702934 #3767] DEBUG -- : /subscribe/demo/a/0/13872236166204166
D, [2013-12-16T20:53:36.702982 #3767] DEBUG -- : HANDLED RESPONSE
D, [2013-12-16T20:53:36.703010 #3767] DEBUG -- : TIMETOKEN UPDATED
D, [2013-12-16T20:53:36.703038 #3767] DEBUG -- : CALLING SUBSCRIPTION CALLBACK FOR CHANNEL a
D, [2013-12-16T20:53:36.703081 #3767] DEBUG -- : AFTER CALLING SUBSCRIPTION CALLBACK FOR CHANNEL a
D, [2013-12-16T20:53:36.844128 #3767] DEBUG -- : SETTING CHANNELS
D, [2013-12-16T20:53:36.844249 #3767] DEBUG -- : SENDING SUBSCRIBE REQUEST
D, [2013-12-16T20:53:36.844285 #3767] DEBUG -- : ENCODING PATH
D, [2013-12-16T20:53:36.844333 #3767] DEBUG -- : /subscribe/demo/a/0/13872236166204166
D, [2013-12-16T20:53:37.751402 #3767] DEBUG -- : GOT SUBSCRIBE RESPONSE
D, [2013-12-16T20:53:37.751482 #3767] DEBUG -- : GOT VALID JSON
D, [2013-12-16T20:53:37.751529 #3767] DEBUG -- : ENCODING PATH
D, [2013-12-16T20:53:37.751578 #3767] DEBUG -- : /subscribe/demo/a/0/13872236176703860
D, [2013-12-16T20:53:37.751623 #3767] DEBUG -- : HANDLED RESPONSE
D, [2013-12-16T20:53:37.751650 #3767] DEBUG -- : TIMETOKEN UPDATED
D, [2013-12-16T20:53:37.751694 #3767] DEBUG -- : CALLING SUBSCRIPTION CALLBACK FOR CHANNEL a
D, [2013-12-16T20:53:37.751743 #3767] DEBUG -- : AFTER CALLING SUBSCRIPTION CALLBACK FOR CHANNEL a
D, [2013-12-16T20:53:37.845579 #3767] DEBUG -- : SETTING CHANNELS
D, [2013-12-16T20:53:37.845693 #3767] DEBUG -- : SENDING SUBSCRIBE REQUEST
D, [2013-12-16T20:53:37.845729 #3767] DEBUG -- : ENCODING PATH
D, [2013-12-16T20:53:37.845777 #3767] DEBUG -- : /subscribe/demo/a/0/13872236176703860
D, [2013-12-16T20:53:38.897575 #3767] DEBUG -- : GOT SUBSCRIBE RESPONSE
D, [2013-12-16T20:53:38.897657 #3767] DEBUG -- : GOT VALID JSON
D, [2013-12-16T20:53:38.897707 #3767] DEBUG -- : ENCODING PATH
D, [2013-12-16T20:53:38.897749 #3767] DEBUG -- : /subscribe/demo/a/0/13872236188160720
D, [2013-12-16T20:53:38.897793 #3767] DEBUG -- : HANDLED RESPONSE
D, [2013-12-16T20:53:38.897820 #3767] DEBUG -- : TIMETOKEN UPDATED
D, [2013-12-16T20:53:38.897849 #3767] DEBUG -- : CALLING SUBSCRIPTION CALLBACK FOR CHANNEL a
D, [2013-12-16T20:53:38.897894 #3767] DEBUG -- : AFTER CALLING SUBSCRIPTION CALLBACK FOR CHANNEL a
D, [2013-12-16T20:53:39.098584 #3767] DEBUG -- : SETTING CHANNELS
D, [2013-12-16T20:53:39.098674 #3767] DEBUG -- : SENDING SUBSCRIBE REQUEST
D, [2013-12-16T20:53:39.098714 #3767] DEBUG -- : ENCODING PATH
D, [2013-12-16T20:53:39.098758 #3767] DEBUG -- : /subscribe/demo/a/0/13872236188160720
D, [2013-12-16T20:53:40.025056 #3767] DEBUG -- : GOT SUBSCRIBE RESPONSE
D, [2013-12-16T20:53:40.025144 #3767] DEBUG -- : GOT VALID JSON
D, [2013-12-16T20:53:40.025193 #3767] DEBUG -- : ENCODING PATH
D, [2013-12-16T20:53:40.025254 #3767] DEBUG -- : /subscribe/demo/a/0/13872236199467448
D, [2013-12-16T20:53:40.025306 #3767] DEBUG -- : HANDLED RESPONSE
D, [2013-12-16T20:53:40.025333 #3767] DEBUG -- : TIMETOKEN UPDATED
D, [2013-12-16T20:53:40.025368 #3767] DEBUG -- : CALLING SUBSCRIPTION CALLBACK FOR CHANNEL a
D, [2013-12-16T20:53:40.025412 #3767] DEBUG -- : AFTER CALLING SUBSCRIPTION CALLBACK FOR CHANNEL a
D, [2013-12-16T20:53:40.100043 #3767] DEBUG -- : SETTING CHANNELS
D, [2013-12-16T20:53:40.100155 #3767] DEBUG -- : SENDING SUBSCRIBE REQUEST
D, [2013-12-16T20:53:40.100206 #3767] DEBUG -- : ENCODING PATH
D, [2013-12-16T20:53:40.100252 #3767] DEBUG -- : /subscribe/demo/a/0/13872236199467448
D, [2013-12-16T20:53:40.967323 #3767] DEBUG -- : GOT SUBSCRIBE RESPONSE
D, [2013-12-16T20:53:40.967406 #3767] DEBUG -- : GOT VALID JSON
D, [2013-12-16T20:53:40.967455 #3767] DEBUG -- : ENCODING PATH
D, [2013-12-16T20:53:40.967497 #3767] DEBUG -- : /subscribe/demo/a/0/13872236208941736
D, [2013-12-16T20:53:40.967541 #3767] DEBUG -- : HANDLED RESPONSE
D, [2013-12-16T20:53:40.967568 #3767] DEBUG -- : TIMETOKEN UPDATED
D, [2013-12-16T20:53:40.967597 #3767] DEBUG -- : CALLING SUBSCRIPTION CALLBACK FOR CHANNEL a
D, [2013-12-16T20:53:40.967640 #3767] DEBUG -- : AFTER CALLING SUBSCRIPTION CALLBACK FOR CHANNEL a
D, [2013-12-16T20:53:41.102325 #3767] DEBUG -- : SETTING CHANNELS
D, [2013-12-16T20:53:41.102417 #3767] DEBUG -- : SENDING SUBSCRIBE REQUEST
D, [2013-12-16T20:53:41.102450 #3767] DEBUG -- : ENCODING PATH
D, [2013-12-16T20:53:41.102498 #3767] DEBUG -- : /subscribe/demo/a/0/13872236208941736
D, [2013-12-16T20:53:42.017509 #3767] DEBUG -- : GOT SUBSCRIBE RESPONSE
D, [2013-12-16T20:53:42.017604 #3767] DEBUG -- : GOT VALID JSON
D, [2013-12-16T20:53:42.017654 #3767] DEBUG -- : ENCODING PATH
D, [2013-12-16T20:53:42.017695 #3767] DEBUG -- : /subscribe/demo/a/0/13872236219384868
D, [2013-12-16T20:53:42.017743 #3767] DEBUG -- : HANDLED RESPONSE
D, [2013-12-16T20:53:42.017771 #3767] DEBUG -- : TIMETOKEN UPDATED
D, [2013-12-16T20:53:42.017798 #3767] DEBUG -- : CALLING SUBSCRIPTION CALLBACK FOR CHANNEL a
D, [2013-12-16T20:53:42.017841 #3767] DEBUG -- : AFTER CALLING SUBSCRIPTION CALLBACK FOR CHANNEL a
D, [2013-12-16T20:53:42.103748 #3767] DEBUG -- : SETTING CHANNELS
D, [2013-12-16T20:53:42.103851 #3767] DEBUG -- : SENDING SUBSCRIBE REQUEST
D, [2013-12-16T20:53:42.103896 #3767] DEBUG -- : ENCODING PATH
D, [2013-12-16T20:53:42.103956 #3767] DEBUG -- : /subscribe/demo/a/0/13872236219384868
D, [2013-12-16T20:53:43.117104 #3767] DEBUG -- : GOT SUBSCRIBE RESPONSE
D, [2013-12-16T20:53:43.117187 #3767] DEBUG -- : GOT VALID JSON
D, [2013-12-16T20:53:43.117236 #3767] DEBUG -- : ENCODING PATH
D, [2013-12-16T20:53:43.117277 #3767] DEBUG -- : /subscribe/demo/a/0/13872236230397002
D, [2013-12-16T20:53:43.117321 #3767] DEBUG -- : HANDLED RESPONSE
D, [2013-12-16T20:53:43.117348 #3767] DEBUG -- : TIMETOKEN UPDATED
D, [2013-12-16T20:53:43.117377 #3767] DEBUG -- : CALLING SUBSCRIPTION CALLBACK FOR CHANNEL a
D, [2013-12-16T20:53:43.117441 #3767] DEBUG -- : AFTER CALLING SUBSCRIPTION CALLBACK FOR CHANNEL a
D, [2013-12-16T20:53:43.355123 #3767] DEBUG -- : SETTING CHANNELS
D, [2013-12-16T20:53:43.355212 #3767] DEBUG -- : SENDING SUBSCRIBE REQUEST
D, [2013-12-16T20:53:43.355245 #3767] DEBUG -- : ENCODING PATH
D, [2013-12-16T20:53:43.355291 #3767] DEBUG -- : /subscribe/demo/a/0/13872236230397002
D, [2013-12-16T20:53:44.088122 #3767] DEBUG -- : GOT SUBSCRIBE RESPONSE
D, [2013-12-16T20:53:44.088240 #3767] DEBUG -- : GOT VALID JSON
D, [2013-12-16T20:53:44.088291 #3767] DEBUG -- : ENCODING PATH
D, [2013-12-16T20:53:44.088332 #3767] DEBUG -- : /subscribe/demo/a/0/13872236240111700
D, [2013-12-16T20:53:44.088395 #3767] DEBUG -- : HANDLED RESPONSE
D, [2013-12-16T20:53:44.088452 #3767] DEBUG -- : TIMETOKEN UPDATED
D, [2013-12-16T20:53:44.088485 #3767] DEBUG -- : CALLING SUBSCRIPTION CALLBACK FOR CHANNEL a
D, [2013-12-16T20:53:44.088557 #3767] DEBUG -- : AFTER CALLING SUBSCRIPTION CALLBACK FOR CHANNEL a
D, [2013-12-16T20:53:44.106983 #3767] DEBUG -- : SETTING CHANNELS
D, [2013-12-16T20:53:44.107093 #3767] DEBUG -- : SENDING SUBSCRIBE REQUEST
D, [2013-12-16T20:53:44.107128 #3767] DEBUG -- : ENCODING PATH
D, [2013-12-16T20:53:44.107174 #3767] DEBUG -- : /subscribe/demo/a/0/13872236240111700
D, [2013-12-16T20:53:45.118490 #3767] DEBUG -- : GOT SUBSCRIBE RESPONSE
D, [2013-12-16T20:53:45.118571 #3767] DEBUG -- : GOT VALID JSON
D, [2013-12-16T20:53:45.118620 #3767] DEBUG -- : ENCODING PATH
D, [2013-12-16T20:53:45.118660 #3767] DEBUG -- : /subscribe/demo/a/0/13872236250437884
D, [2013-12-16T20:53:45.118717 #3767] DEBUG -- : HANDLED RESPONSE
D, [2013-12-16T20:53:45.118784 #3767] DEBUG -- : TIMETOKEN UPDATED
D, [2013-12-16T20:53:45.118819 #3767] DEBUG -- : CALLING SUBSCRIPTION CALLBACK FOR CHANNEL a
D, [2013-12-16T20:53:45.118867 #3767] DEBUG -- : AFTER CALLING SUBSCRIPTION CALLBACK FOR CHANNEL a
D, [2013-12-16T20:53:45.358906 #3767] DEBUG -- : SETTING CHANNELS
D, [2013-12-16T20:53:45.359060 #3767] DEBUG -- : SENDING SUBSCRIBE REQUEST
D, [2013-12-16T20:53:45.359114 #3767] DEBUG -- : ENCODING PATH
D, [2013-12-16T20:53:45.359162 #3767] DEBUG -- : /subscribe/demo/a/0/13872236250437884
D, [2013-12-16T20:53:46.400809 #3767] DEBUG -- : GOT SUBSCRIBE RESPONSE
D, [2013-12-16T20:53:46.400918 #3767] DEBUG -- : GOT VALID JSON
D, [2013-12-16T20:53:46.400996 #3767] DEBUG -- : ENCODING PATH
D, [2013-12-16T20:53:46.401041 #3767] DEBUG -- : /subscribe/demo/a/0/13872236263179346
D, [2013-12-16T20:53:46.401098 #3767] DEBUG -- : HANDLED RESPONSE
D, [2013-12-16T20:53:46.401151 #3767] DEBUG -- : TIMETOKEN UPDATED
D, [2013-12-16T20:53:46.401204 #3767] DEBUG -- : CALLING SUBSCRIPTION CALLBACK FOR CHANNEL a
D, [2013-12-16T20:53:46.401271 #3767] DEBUG -- : AFTER CALLING SUBSCRIPTION CALLBACK FOR CHANNEL a
D, [2013-12-16T20:53:46.610615 #3767] DEBUG -- : SETTING CHANNELS
D, [2013-12-16T20:53:46.610707 #3767] DEBUG -- : SENDING SUBSCRIBE REQUEST
D, [2013-12-16T20:53:46.610745 #3767] DEBUG -- : ENCODING PATH
D, [2013-12-16T20:53:46.610793 #3767] DEBUG -- : /subscribe/demo/a/0/13872236263179346
D, [2013-12-16T20:53:47.282462 #3767] DEBUG -- : GOT SUBSCRIBE RESPONSE
D, [2013-12-16T20:53:47.282545 #3767] DEBUG -- : GOT VALID JSON
D, [2013-12-16T20:53:47.282595 #3767] DEBUG -- : ENCODING PATH
D, [2013-12-16T20:53:47.282638 #3767] DEBUG -- : /subscribe/demo/a/0/13872236272182672
D, [2013-12-16T20:53:47.282683 #3767] DEBUG -- : HANDLED RESPONSE
D, [2013-12-16T20:53:47.282754 #3767] DEBUG -- : TIMETOKEN UPDATED
D, [2013-12-16T20:53:47.282800 #3767] DEBUG -- : CALLING SUBSCRIPTION CALLBACK FOR CHANNEL a
D, [2013-12-16T20:53:47.282870 #3767] DEBUG -- : AFTER CALLING SUBSCRIPTION CALLBACK FOR CHANNEL a
D, [2013-12-16T20:53:47.361919 #3767] DEBUG -- : SETTING CHANNELS
D, [2013-12-16T20:53:47.362007 #3767] DEBUG -- : SENDING SUBSCRIBE REQUEST
D, [2013-12-16T20:53:47.362040 #3767] DEBUG -- : ENCODING PATH
D, [2013-12-16T20:53:47.362090 #3767] DEBUG -- : /subscribe/demo/a/0/13872236272182672
D, [2013-12-16T20:53:48.391799 #3767] DEBUG -- : GOT SUBSCRIBE RESPONSE
D, [2013-12-16T20:53:48.391902 #3767] DEBUG -- : GOT VALID JSON
D, [2013-12-16T20:53:48.391980 #3767] DEBUG -- : ENCODING PATH
D, [2013-12-16T20:53:48.392047 #3767] DEBUG -- : /subscribe/demo/a/0/13872236283189304
D, [2013-12-16T20:53:48.392121 #3767] DEBUG -- : HANDLED RESPONSE
D, [2013-12-16T20:53:48.392169 #3767] DEBUG -- : TIMETOKEN UPDATED
D, [2013-12-16T20:53:48.392219 #3767] DEBUG -- : CALLING SUBSCRIPTION CALLBACK FOR CHANNEL a
D, [2013-12-16T20:53:48.392292 #3767] DEBUG -- : AFTER CALLING SUBSCRIPTION CALLBACK FOR CHANNEL a
D, [2013-12-16T20:53:48.615037 #3767] DEBUG -- : SETTING CHANNELS
D, [2013-12-16T20:53:48.615132 #3767] DEBUG -- : SENDING SUBSCRIBE REQUEST
D, [2013-12-16T20:53:48.615166 #3767] DEBUG -- : ENCODING PATH
D, [2013-12-16T20:53:48.615213 #3767] DEBUG -- : /subscribe/demo/a/0/13872236283189304
D, [2013-12-16T20:53:49.607165 #3767] DEBUG -- : GOT SUBSCRIBE RESPONSE
D, [2013-12-16T20:53:49.607289 #3767] DEBUG -- : GOT VALID JSON
D, [2013-12-16T20:53:49.607348 #3767] DEBUG -- : ENCODING PATH
D, [2013-12-16T20:53:49.607418 #3767] DEBUG -- : /subscribe/demo/a/0/13872236295311508
D, [2013-12-16T20:53:49.607506 #3767] DEBUG -- : HANDLED RESPONSE
D, [2013-12-16T20:53:49.607537 #3767] DEBUG -- : TIMETOKEN UPDATED
D, [2013-12-16T20:53:49.607566 #3767] DEBUG -- : CALLING SUBSCRIPTION CALLBACK FOR CHANNEL a
D, [2013-12-16T20:53:49.607614 #3767] DEBUG -- : AFTER CALLING SUBSCRIPTION CALLBACK FOR CHANNEL a
D, [2013-12-16T20:53:49.617235 #3767] DEBUG -- : SETTING CHANNELS
D, [2013-12-16T20:53:49.617329 #3767] DEBUG -- : SENDING SUBSCRIBE REQUEST
D, [2013-12-16T20:53:49.617366 #3767] DEBUG -- : ENCODING PATH
D, [2013-12-16T20:53:49.617418 #3767] DEBUG -- : /subscribe/demo/a/0/13872236295311508
D, [2013-12-16T20:53:50.508961 #3767] DEBUG -- : GOT SUBSCRIBE RESPONSE
D, [2013-12-16T20:53:50.509067 #3767] DEBUG -- : GOT VALID JSON
D, [2013-12-16T20:53:50.509142 #3767] DEBUG -- : ENCODING PATH
D, [2013-12-16T20:53:50.509187 #3767] DEBUG -- : /subscribe/demo/a/0/13872236304239880
D, [2013-12-16T20:53:50.509236 #3767] DEBUG -- : HANDLED RESPONSE
D, [2013-12-16T20:53:50.509269 #3767] DEBUG -- : TIMETOKEN UPDATED
D, [2013-12-16T20:53:50.509312 #3767] DEBUG -- : CALLING SUBSCRIPTION CALLBACK FOR CHANNEL a
D, [2013-12-16T20:53:50.509384 #3767] DEBUG -- : AFTER CALLING SUBSCRIPTION CALLBACK FOR CHANNEL a
D, [2013-12-16T20:53:50.618497 #3767] DEBUG -- : SETTING CHANNELS
D, [2013-12-16T20:53:50.618613 #3767] DEBUG -- : SENDING SUBSCRIBE REQUEST
D, [2013-12-16T20:53:50.618654 #3767] DEBUG -- : ENCODING PATH
D, [2013-12-16T20:53:50.618702 #3767] DEBUG -- : /subscribe/demo/a/0/13872236304239880
D, [2013-12-16T20:53:51.631550 #3767] DEBUG -- : GOT SUBSCRIBE RESPONSE
D, [2013-12-16T20:53:51.631646 #3767] DEBUG -- : GOT VALID JSON
D, [2013-12-16T20:53:51.631784 #3767] DEBUG -- : ENCODING PATH
D, [2013-12-16T20:53:51.631860 #3767] DEBUG -- : /subscribe/demo/a/0/13872236315502320
D, [2013-12-16T20:53:51.631934 #3767] DEBUG -- : HANDLED RESPONSE
D, [2013-12-16T20:53:51.631991 #3767] DEBUG -- : TIMETOKEN UPDATED
D, [2013-12-16T20:53:51.632039 #3767] DEBUG -- : CALLING SUBSCRIPTION CALLBACK FOR CHANNEL a
D, [2013-12-16T20:53:51.632110 #3767] DEBUG -- : AFTER CALLING SUBSCRIPTION CALLBACK FOR CHANNEL a
D, [2013-12-16T20:53:51.870211 #3767] DEBUG -- : SETTING CHANNELS
D, [2013-12-16T20:53:51.870316 #3767] DEBUG -- : SENDING SUBSCRIBE REQUEST
D, [2013-12-16T20:53:51.870351 #3767] DEBUG -- : ENCODING PATH
D, [2013-12-16T20:53:51.870398 #3767] DEBUG -- : /subscribe/demo/a/0/13872236315502320
D, [2013-12-16T20:53:52.609170 #3767] DEBUG -- : GOT SUBSCRIBE RESPONSE
D, [2013-12-16T20:53:52.609290 #3767] DEBUG -- : GOT VALID JSON
D, [2013-12-16T20:53:52.609372 #3767] DEBUG -- : ENCODING PATH
D, [2013-12-16T20:53:52.609444 #3767] DEBUG -- : /subscribe/demo/a/0/13872236325273492
D, [2013-12-16T20:53:52.609520 #3767] DEBUG -- : HANDLED RESPONSE
D, [2013-12-16T20:53:52.609569 #3767] DEBUG -- : TIMETOKEN UPDATED
D, [2013-12-16T20:53:52.609619 #3767] DEBUG -- : CALLING SUBSCRIPTION CALLBACK FOR CHANNEL a
D, [2013-12-16T20:53:52.609694 #3767] DEBUG -- : AFTER CALLING SUBSCRIPTION CALLBACK FOR CHANNEL a
D, [2013-12-16T20:53:52.622154 #3767] DEBUG -- : SETTING CHANNELS
D, [2013-12-16T20:53:52.622271 #3767] DEBUG -- : SENDING SUBSCRIBE REQUEST
D, [2013-12-16T20:53:52.622316 #3767] DEBUG -- : ENCODING PATH
D, [2013-12-16T20:53:52.622378 #3767] DEBUG -- : /subscribe/demo/a/0/13872236325273492
D, [2013-12-16T20:53:53.777435 #3767] DEBUG -- : GOT SUBSCRIBE RESPONSE
D, [2013-12-16T20:53:53.777592 #3767] DEBUG -- : GOT VALID JSON
D, [2013-12-16T20:53:53.777713 #3767] DEBUG -- : ENCODING PATH
D, [2013-12-16T20:53:53.777827 #3767] DEBUG -- : /subscribe/demo/a/0/13872236337048140
D, [2013-12-16T20:53:53.777948 #3767] DEBUG -- : HANDLED RESPONSE
D, [2013-12-16T20:53:53.778016 #3767] DEBUG -- : TIMETOKEN UPDATED
D, [2013-12-16T20:53:53.778094 #3767] DEBUG -- : CALLING SUBSCRIPTION CALLBACK FOR CHANNEL a
D, [2013-12-16T20:53:53.778198 #3767] DEBUG -- : AFTER CALLING SUBSCRIPTION CALLBACK FOR CHANNEL a
D, [2013-12-16T20:53:53.875085 #3767] DEBUG -- : SETTING CHANNELS
D, [2013-12-16T20:53:53.875361 #3767] DEBUG -- : SENDING SUBSCRIBE REQUEST
D, [2013-12-16T20:53:53.875522 #3767] DEBUG -- : ENCODING PATH
D, [2013-12-16T20:53:53.875665 #3767] DEBUG -- : /subscribe/demo/a/0/13872236337048140
D, [2013-12-16T20:53:54.740846 #3767] DEBUG -- : GOT SUBSCRIBE RESPONSE
D, [2013-12-16T20:53:54.741007 #3767] DEBUG -- : GOT VALID JSON
D, [2013-12-16T20:53:54.741119 #3767] DEBUG -- : ENCODING PATH
D, [2013-12-16T20:53:54.741217 #3767] DEBUG -- : /subscribe/demo/a/0/13872236346676284
D, [2013-12-16T20:53:54.741319 #3767] DEBUG -- : HANDLED RESPONSE
D, [2013-12-16T20:53:54.741386 #3767] DEBUG -- : TIMETOKEN UPDATED
D, [2013-12-16T20:53:54.741454 #3767] DEBUG -- : CALLING SUBSCRIPTION CALLBACK FOR CHANNEL a
D, [2013-12-16T20:53:54.741558 #3767] DEBUG -- : AFTER CALLING SUBSCRIPTION CALLBACK FOR CHANNEL a
D, [2013-12-16T20:53:54.878765 #3767] DEBUG -- : SETTING CHANNELS
D, [2013-12-16T20:53:54.879013 #3767] DEBUG -- : SENDING SUBSCRIBE REQUEST
D, [2013-12-16T20:53:54.879143 #3767] DEBUG -- : ENCODING PATH
D, [2013-12-16T20:53:54.879293 #3767] DEBUG -- : /subscribe/demo/a/0/13872236346676284
D, [2013-12-16T20:53:55.895540 #3767] DEBUG -- : GOT SUBSCRIBE RESPONSE
D, [2013-12-16T20:53:55.895618 #3767] DEBUG -- : GOT VALID JSON
D, [2013-12-16T20:53:55.895666 #3767] DEBUG -- : ENCODING PATH
D, [2013-12-16T20:53:55.895710 #3767] DEBUG -- : /subscribe/demo/a/0/13872236358237480
D, [2013-12-16T20:53:55.895755 #3767] DEBUG -- : HANDLED RESPONSE
D, [2013-12-16T20:53:55.895785 #3767] DEBUG -- : TIMETOKEN UPDATED
D, [2013-12-16T20:53:55.895813 #3767] DEBUG -- : CALLING SUBSCRIPTION CALLBACK FOR CHANNEL a
D, [2013-12-16T20:53:55.895861 #3767] DEBUG -- : AFTER CALLING SUBSCRIPTION CALLBACK FOR CHANNEL a
D, [2013-12-16T20:53:56.131606 #3767] DEBUG -- : SETTING CHANNELS
D, [2013-12-16T20:53:56.131696 #3767] DEBUG -- : SENDING SUBSCRIBE REQUEST
D, [2013-12-16T20:53:56.131735 #3767] DEBUG -- : ENCODING PATH
D, [2013-12-16T20:53:56.131830 #3767] DEBUG -- : /subscribe/demo/a/0/13872236358237480
D, [2013-12-16T20:53:56.921481 #3767] DEBUG -- : GOT SUBSCRIBE RESPONSE
D, [2013-12-16T20:53:56.921563 #3767] DEBUG -- : GOT VALID JSON
D, [2013-12-16T20:53:56.921628 #3767] DEBUG -- : ENCODING PATH
D, [2013-12-16T20:53:56.921676 #3767] DEBUG -- : /subscribe/demo/a/0/13872236368409480
D, [2013-12-16T20:53:56.921720 #3767] DEBUG -- : HANDLED RESPONSE
D, [2013-12-16T20:53:56.921754 #3767] DEBUG -- : TIMETOKEN UPDATED
D, [2013-12-16T20:53:56.921797 #3767] DEBUG -- : CALLING SUBSCRIPTION CALLBACK FOR CHANNEL a
D, [2013-12-16T20:53:56.921862 #3767] DEBUG -- : AFTER CALLING SUBSCRIPTION CALLBACK FOR CHANNEL a
D, [2013-12-16T20:53:57.133761 #3767] DEBUG -- : SETTING CHANNELS
D, [2013-12-16T20:53:57.133882 #3767] DEBUG -- : SENDING SUBSCRIBE REQUEST
D, [2013-12-16T20:53:57.133917 #3767] DEBUG -- : ENCODING PATH
D, [2013-12-16T20:53:57.133963 #3767] DEBUG -- : /subscribe/demo/a/0/13872236368409480
D, [2013-12-16T20:53:58.114595 #3767] DEBUG -- : GOT SUBSCRIBE RESPONSE
D, [2013-12-16T20:53:58.114680 #3767] DEBUG -- : GOT VALID JSON
D, [2013-12-16T20:53:58.114729 #3767] DEBUG -- : ENCODING PATH
D, [2013-12-16T20:53:58.114770 #3767] DEBUG -- : /subscribe/demo/a/0/13872236380388828
D, [2013-12-16T20:53:58.114814 #3767] DEBUG -- : HANDLED RESPONSE
D, [2013-12-16T20:53:58.114842 #3767] DEBUG -- : TIMETOKEN UPDATED
D, [2013-12-16T20:53:58.114869 #3767] DEBUG -- : CALLING SUBSCRIPTION CALLBACK FOR CHANNEL a
D, [2013-12-16T20:53:58.114913 #3767] DEBUG -- : AFTER CALLING SUBSCRIPTION CALLBACK FOR CHANNEL a
D, [2013-12-16T20:53:58.135728 #3767] DEBUG -- : SETTING CHANNELS
D, [2013-12-16T20:53:58.135816 #3767] DEBUG -- : SENDING SUBSCRIBE REQUEST
D, [2013-12-16T20:53:58.135852 #3767] DEBUG -- : ENCODING PATH
D, [2013-12-16T20:53:58.135898 #3767] DEBUG -- : /subscribe/demo/a/0/13872236380388828
D, [2013-12-16T20:53:59.165388 #3767] DEBUG -- : GOT SUBSCRIBE RESPONSE
D, [2013-12-16T20:53:59.165472 #3767] DEBUG -- : GOT VALID JSON
D, [2013-12-16T20:53:59.165521 #3767] DEBUG -- : ENCODING PATH
D, [2013-12-16T20:53:59.165563 #3767] DEBUG -- : /subscribe/demo/a/0/13872236390902460
D, [2013-12-16T20:53:59.165628 #3767] DEBUG -- : HANDLED RESPONSE
D, [2013-12-16T20:53:59.165656 #3767] DEBUG -- : TIMETOKEN UPDATED
D, [2013-12-16T20:53:59.165684 #3767] DEBUG -- : CALLING SUBSCRIPTION CALLBACK FOR CHANNEL a
D, [2013-12-16T20:53:59.165729 #3767] DEBUG -- : AFTER CALLING SUBSCRIPTION CALLBACK FOR CHANNEL a
D, [2013-12-16T20:53:59.387401 #3767] DEBUG -- : SETTING CHANNELS
D, [2013-12-16T20:53:59.387515 #3767] DEBUG -- : SENDING SUBSCRIBE REQUEST
D, [2013-12-16T20:53:59.387571 #3767] DEBUG -- : ENCODING PATH
D, [2013-12-16T20:53:59.387638 #3767] DEBUG -- : /subscribe/demo/a/0/13872236390902460
D, [2013-12-16T20:54:00.115060 #3767] DEBUG -- : GOT SUBSCRIBE RESPONSE
D, [2013-12-16T20:54:00.115279 #3767] DEBUG -- : GOT VALID JSON
D, [2013-12-16T20:54:00.115387 #3767] DEBUG -- : ENCODING PATH
D, [2013-12-16T20:54:00.115458 #3767] DEBUG -- : /subscribe/demo/a/0/13872236400207454
D, [2013-12-16T20:54:00.115513 #3767] DEBUG -- : HANDLED RESPONSE
D, [2013-12-16T20:54:00.115545 #3767] DEBUG -- : TIMETOKEN UPDATED
D, [2013-12-16T20:54:00.115576 #3767] DEBUG -- : CALLING SUBSCRIPTION CALLBACK FOR CHANNEL a
D, [2013-12-16T20:54:00.115632 #3767] DEBUG -- : AFTER CALLING SUBSCRIPTION CALLBACK FOR CHANNEL a
D, [2013-12-16T20:54:00.138858 #3767] DEBUG -- : SETTING CHANNELS
D, [2013-12-16T20:54:00.138981 #3767] DEBUG -- : SENDING SUBSCRIBE REQUEST
D, [2013-12-16T20:54:00.139016 #3767] DEBUG -- : ENCODING PATH
D, [2013-12-16T20:54:00.139071 #3767] DEBUG -- : /subscribe/demo/a/0/13872236400207454
D, [2013-12-16T20:54:01.218541 #3767] DEBUG -- : GOT SUBSCRIBE RESPONSE
D, [2013-12-16T20:54:01.218626 #3767] DEBUG -- : GOT VALID JSON
D, [2013-12-16T20:54:01.218674 #3767] DEBUG -- : ENCODING PATH
D, [2013-12-16T20:54:01.218716 #3767] DEBUG -- : /subscribe/demo/a/0/13872236411406340
D, [2013-12-16T20:54:01.218760 #3767] DEBUG -- : HANDLED RESPONSE
D, [2013-12-16T20:54:01.218787 #3767] DEBUG -- : TIMETOKEN UPDATED
D, [2013-12-16T20:54:01.218815 #3767] DEBUG -- : CALLING SUBSCRIPTION CALLBACK FOR CHANNEL a
D, [2013-12-16T20:54:01.218866 #3767] DEBUG -- : AFTER CALLING SUBSCRIPTION CALLBACK FOR CHANNEL a
D, [2013-12-16T20:54:01.390618 #3767] DEBUG -- : SETTING CHANNELS
D, [2013-12-16T20:54:01.390709 #3767] DEBUG -- : SENDING SUBSCRIBE REQUEST
D, [2013-12-16T20:54:01.390755 #3767] DEBUG -- : ENCODING PATH
D, [2013-12-16T20:54:01.390804 #3767] DEBUG -- : /subscribe/demo/a/0/13872236411406340
D, [2013-12-16T20:54:02.202356 #3767] DEBUG -- : GOT SUBSCRIBE RESPONSE
D, [2013-12-16T20:54:02.202442 #3767] DEBUG -- : GOT VALID JSON
D, [2013-12-16T20:54:02.202501 #3767] DEBUG -- : ENCODING PATH
D, [2013-12-16T20:54:02.202543 #3767] DEBUG -- : /subscribe/demo/a/0/13872236421320740
D, [2013-12-16T20:54:02.202587 #3767] DEBUG -- : HANDLED RESPONSE
D, [2013-12-16T20:54:02.202616 #3767] DEBUG -- : TIMETOKEN UPDATED
D, [2013-12-16T20:54:02.202662 #3767] DEBUG -- : CALLING SUBSCRIPTION CALLBACK FOR CHANNEL a
D, [2013-12-16T20:54:02.202714 #3767] DEBUG -- : AFTER CALLING SUBSCRIPTION CALLBACK FOR CHANNEL a
D, [2013-12-16T20:54:02.393730 #3767] DEBUG -- : SETTING CHANNELS
D, [2013-12-16T20:54:02.393824 #3767] DEBUG -- : SENDING SUBSCRIBE REQUEST
D, [2013-12-16T20:54:02.393857 #3767] DEBUG -- : ENCODING PATH
D, [2013-12-16T20:54:02.393904 #3767] DEBUG -- : /subscribe/demo/a/0/13872236421320740
D, [2013-12-16T20:54:03.358740 #3767] DEBUG -- : GOT SUBSCRIBE RESPONSE
D, [2013-12-16T20:54:03.358826 #3767] DEBUG -- : GOT VALID JSON
D, [2013-12-16T20:54:03.358881 #3767] DEBUG -- : ENCODING PATH
D, [2013-12-16T20:54:03.358924 #3767] DEBUG -- : /subscribe/demo/a/0/13872236432804932
D, [2013-12-16T20:54:03.358968 #3767] DEBUG -- : HANDLED RESPONSE
D, [2013-12-16T20:54:03.358995 #3767] DEBUG -- : TIMETOKEN UPDATED
D, [2013-12-16T20:54:03.359027 #3767] DEBUG -- : CALLING SUBSCRIPTION CALLBACK FOR CHANNEL a
D, [2013-12-16T20:54:03.359075 #3767] DEBUG -- : AFTER CALLING SUBSCRIPTION CALLBACK FOR CHANNEL a
D, [2013-12-16T20:54:03.395516 #3767] DEBUG -- : SETTING CHANNELS
D, [2013-12-16T20:54:03.395638 #3767] DEBUG -- : SENDING SUBSCRIBE REQUEST
D, [2013-12-16T20:54:03.395692 #3767] DEBUG -- : ENCODING PATH
D, [2013-12-16T20:54:03.395794 #3767] DEBUG -- : /subscribe/demo/a/0/13872236432804932
D, [2013-12-16T20:54:04.408748 #3767] DEBUG -- : GOT SUBSCRIBE RESPONSE
D, [2013-12-16T20:54:04.408923 #3767] DEBUG -- : GOT VALID JSON
D, [2013-12-16T20:54:04.409022 #3767] DEBUG -- : ENCODING PATH
D, [2013-12-16T20:54:04.409091 #3767] DEBUG -- : /subscribe/demo/a/0/13872236443273812
D, [2013-12-16T20:54:04.409154 #3767] DEBUG -- : HANDLED RESPONSE
D, [2013-12-16T20:54:04.409193 #3767] DEBUG -- : TIMETOKEN UPDATED
D, [2013-12-16T20:54:04.409223 #3767] DEBUG -- : CALLING SUBSCRIPTION CALLBACK FOR CHANNEL a
D, [2013-12-16T20:54:04.409287 #3767] DEBUG -- : AFTER CALLING SUBSCRIPTION CALLBACK FOR CHANNEL a
D, [2013-12-16T20:54:04.648036 #3767] DEBUG -- : SETTING CHANNELS
D, [2013-12-16T20:54:04.648185 #3767] DEBUG -- : SENDING SUBSCRIBE REQUEST
D, [2013-12-16T20:54:04.648242 #3767] DEBUG -- : ENCODING PATH
D, [2013-12-16T20:54:04.648319 #3767] DEBUG -- : /subscribe/demo/a/0/13872236443273812
D, [2013-12-16T20:54:05.389485 #3767] DEBUG -- : GOT SUBSCRIBE RESPONSE
D, [2013-12-16T20:54:05.389566 #3767] DEBUG -- : GOT VALID JSON
D, [2013-12-16T20:54:05.389616 #3767] DEBUG -- : ENCODING PATH
D, [2013-12-16T20:54:05.389662 #3767] DEBUG -- : /subscribe/demo/a/0/13872236453114256
D, [2013-12-16T20:54:05.389707 #3767] DEBUG -- : HANDLED RESPONSE
D, [2013-12-16T20:54:05.389735 #3767] DEBUG -- : TIMETOKEN UPDATED
D, [2013-12-16T20:54:05.389762 #3767] DEBUG -- : CALLING SUBSCRIPTION CALLBACK FOR CHANNEL a
D, [2013-12-16T20:54:05.389806 #3767] DEBUG -- : AFTER CALLING SUBSCRIPTION CALLBACK FOR CHANNEL a
D, [2013-12-16T20:54:05.399125 #3767] DEBUG -- : SETTING CHANNELS
D, [2013-12-16T20:54:05.399222 #3767] DEBUG -- : SENDING SUBSCRIBE REQUEST
D, [2013-12-16T20:54:05.399257 #3767] DEBUG -- : ENCODING PATH
D, [2013-12-16T20:54:05.399303 #3767] DEBUG -- : /subscribe/demo/a/0/13872236453114256
D, [2013-12-16T20:54:06.504982 #3767] DEBUG -- : GOT SUBSCRIBE RESPONSE
D, [2013-12-16T20:54:06.505070 #3767] DEBUG -- : GOT VALID JSON
D, [2013-12-16T20:54:06.505130 #3767] DEBUG -- : ENCODING PATH
D, [2013-12-16T20:54:06.505170 #3767] DEBUG -- : /subscribe/demo/a/0/13872236464213932
D, [2013-12-16T20:54:06.505211 #3767] DEBUG -- : HANDLED RESPONSE
D, [2013-12-16T20:54:06.505237 #3767] DEBUG -- : TIMETOKEN UPDATED
D, [2013-12-16T20:54:06.505263 #3767] DEBUG -- : CALLING SUBSCRIPTION CALLBACK FOR CHANNEL a
D, [2013-12-16T20:54:06.505309 #3767] DEBUG -- : AFTER CALLING SUBSCRIPTION CALLBACK FOR CHANNEL a
D, [2013-12-16T20:54:06.650939 #3767] DEBUG -- : SETTING CHANNELS
D, [2013-12-16T20:54:06.651035 #3767] DEBUG -- : SENDING SUBSCRIBE REQUEST
D, [2013-12-16T20:54:06.651080 #3767] DEBUG -- : ENCODING PATH
D, [2013-12-16T20:54:06.651135 #3767] DEBUG -- : /subscribe/demo/a/0/13872236464213932
D, [2013-12-16T20:54:07.637277 #3767] DEBUG -- : GOT SUBSCRIBE RESPONSE
D, [2013-12-16T20:54:07.637370 #3767] DEBUG -- : GOT VALID JSON
D, [2013-12-16T20:54:07.637439 #3767] DEBUG -- : ENCODING PATH
D, [2013-12-16T20:54:07.637502 #3767] DEBUG -- : /subscribe/demo/a/0/13872236475671558
D, [2013-12-16T20:54:07.637570 #3767] DEBUG -- : HANDLED RESPONSE
D, [2013-12-16T20:54:07.637600 #3767] DEBUG -- : TIMETOKEN UPDATED
D, [2013-12-16T20:54:07.637633 #3767] DEBUG -- : CALLING SUBSCRIPTION CALLBACK FOR CHANNEL a
D, [2013-12-16T20:54:07.637684 #3767] DEBUG -- : AFTER CALLING SUBSCRIPTION CALLBACK FOR CHANNEL a
D, [2013-12-16T20:54:07.652270 #3767] DEBUG -- : SETTING CHANNELS
D, [2013-12-16T20:54:07.652368 #3767] DEBUG -- : SENDING SUBSCRIBE REQUEST
D, [2013-12-16T20:54:07.652399 #3767] DEBUG -- : ENCODING PATH
D, [2013-12-16T20:54:07.652442 #3767] DEBUG -- : /subscribe/demo/a/0/13872236475671558
D, [2013-12-16T20:54:08.706374 #3767] DEBUG -- : GOT SUBSCRIBE RESPONSE
D, [2013-12-16T20:54:08.706462 #3767] DEBUG -- : GOT VALID JSON
D, [2013-12-16T20:54:08.706526 #3767] DEBUG -- : ENCODING PATH
D, [2013-12-16T20:54:08.706575 #3767] DEBUG -- : /subscribe/demo/a/0/13872236486251124
D, [2013-12-16T20:54:08.706619 #3767] DEBUG -- : HANDLED RESPONSE
D, [2013-12-16T20:54:08.706647 #3767] DEBUG -- : TIMETOKEN UPDATED
D, [2013-12-16T20:54:08.706695 #3767] DEBUG -- : CALLING SUBSCRIPTION CALLBACK FOR CHANNEL a
D, [2013-12-16T20:54:08.706739 #3767] DEBUG -- : AFTER CALLING SUBSCRIPTION CALLBACK FOR CHANNEL a
D, [2013-12-16T20:54:08.904991 #3767] DEBUG -- : SETTING CHANNELS
D, [2013-12-16T20:54:08.905085 #3767] DEBUG -- : SENDING SUBSCRIBE REQUEST
D, [2013-12-16T20:54:08.905118 #3767] DEBUG -- : ENCODING PATH
D, [2013-12-16T20:54:08.905164 #3767] DEBUG -- : /subscribe/demo/a/0/13872236486251124
D, [2013-12-16T20:54:09.735899 #3767] DEBUG -- : GOT SUBSCRIBE RESPONSE
D, [2013-12-16T20:54:09.735984 #3767] DEBUG -- : GOT VALID JSON
D, [2013-12-16T20:54:09.736034 #3767] DEBUG -- : ENCODING PATH
D, [2013-12-16T20:54:09.736078 #3767] DEBUG -- : /subscribe/demo/a/0/13872236496624602
D, [2013-12-16T20:54:09.736126 #3767] DEBUG -- : HANDLED RESPONSE
D, [2013-12-16T20:54:09.736199 #3767] DEBUG -- : TIMETOKEN UPDATED
D, [2013-12-16T20:54:09.736239 #3767] DEBUG -- : CALLING SUBSCRIPTION CALLBACK FOR CHANNEL a
D, [2013-12-16T20:54:09.736289 #3767] DEBUG -- : AFTER CALLING SUBSCRIPTION CALLBACK FOR CHANNEL a
D, [2013-12-16T20:54:09.906506 #3767] DEBUG -- : SETTING CHANNELS
D, [2013-12-16T20:54:09.906596 #3767] DEBUG -- : SENDING SUBSCRIBE REQUEST
D, [2013-12-16T20:54:09.906631 #3767] DEBUG -- : ENCODING PATH
D, [2013-12-16T20:54:09.906678 #3767] DEBUG -- : /subscribe/demo/a/0/13872236496624602
D, [2013-12-16T20:54:10.874669 #3767] DEBUG -- : GOT SUBSCRIBE RESPONSE
D, [2013-12-16T20:54:10.874760 #3767] DEBUG -- : GOT VALID JSON
D, [2013-12-16T20:54:10.874812 #3767] DEBUG -- : ENCODING PATH
D, [2013-12-16T20:54:10.874893 #3767] DEBUG -- : /subscribe/demo/a/0/13872236508072284
D, [2013-12-16T20:54:10.874949 #3767] DEBUG -- : HANDLED RESPONSE
D, [2013-12-16T20:54:10.874977 #3767] DEBUG -- : TIMETOKEN UPDATED
D, [2013-12-16T20:54:10.875005 #3767] DEBUG -- : CALLING SUBSCRIPTION CALLBACK FOR CHANNEL a
D, [2013-12-16T20:54:10.875053 #3767] DEBUG -- : AFTER CALLING SUBSCRIPTION CALLBACK FOR CHANNEL a
D, [2013-12-16T20:54:10.908933 #3767] DEBUG -- : SETTING CHANNELS
D, [2013-12-16T20:54:10.909045 #3767] DEBUG -- : SENDING SUBSCRIBE REQUEST
D, [2013-12-16T20:54:10.909092 #3767] DEBUG -- : ENCODING PATH
D, [2013-12-16T20:54:10.909155 #3767] DEBUG -- : /subscribe/demo/a/0/13872236508072284
E, [2013-12-16T20:54:11.305287 #3767] ERROR -- : GOT SUBSCRIBE ERROR
E, [2013-12-16T20:54:11.305368 #3767] ERROR -- : AN ERROR OCCURRED: [0, "connection closed by server"]
D, [2013-12-16T20:54:11.305570 #3767] DEBUG -- : SENDING OTHER REQUEST
D, [2013-12-16T20:54:11.305987 #3767] DEBUG -- : ENCODING PATH
D, [2013-12-16T20:54:11.306066 #3767] DEBUG -- : /v2/presence/sub-key/demo/channel/a/leave
D, [2013-12-16T20:54:11.957475 #3767] DEBUG -- : GOT OTHER RESPONSE
D, [2013-12-16T20:54:11.957624 #3767] DEBUG -- : ENCODING PATH
D, [2013-12-16T20:54:11.957682 #3767] DEBUG -- : /v2/presence/sub-key/demo/channel/a/leave
D, [2013-12-16T20:54:11.957741 #3767] DEBUG -- : CALLING PARAMETER CALLBACK
D, [2013-12-16T20:54:31.829907 #3767] DEBUG -- : SETTING CHANNELS
D, [2013-12-16T20:54:31.830013 #3767] DEBUG -- : SENDING SUBSCRIBE REQUEST
D, [2013-12-16T20:54:31.830065 #3767] DEBUG -- : ENCODING PATH
D, [2013-12-16T20:54:31.830110 #3767] DEBUG -- : /subscribe/demo/demo/0/0
D, [2013-12-16T20:54:32.097582 #3767] DEBUG -- : GOT SUBSCRIBE RESPONSE
D, [2013-12-16T20:54:32.097664 #3767] DEBUG -- : GOT VALID JSON
D, [2013-12-16T20:54:32.097714 #3767] DEBUG -- : HANDLED RESPONSE
D, [2013-12-16T20:54:32.097760 #3767] DEBUG -- : TIMETOKEN UPDATED
D, [2013-12-16T20:54:32.097796 #3767] DEBUG -- : SETTING CHANNELS
D, [2013-12-16T20:54:32.097824 #3767] DEBUG -- : SENDING SUBSCRIBE REQUEST
D, [2013-12-16T20:54:32.097851 #3767] DEBUG -- : ENCODING PATH
D, [2013-12-16T20:54:32.097890 #3767] DEBUG -- : /subscribe/demo/demo/0/13872236719048879
E, [2013-12-16T20:59:04.350666 #3767] ERROR -- : GOT SUBSCRIBE ERROR
E, [2013-12-16T20:59:04.351617 #3767] ERROR -- : AN ERROR OCCURRED: [0, "connection closed by server"]
D, [2013-12-20T19:00:04.329454 #4901] DEBUG -- : SETTING CHANNELS
D, [2013-12-20T19:00:04.340384 #4901] DEBUG -- : SENDING SUBSCRIBE REQUEST
D, [2013-12-20T19:00:04.347905 #4901] DEBUG -- : ENCODING PATH
D, [2013-12-20T19:00:04.347993 #4901] DEBUG -- : /subscribe/sub-2f610f4c-a98d-11e0-a8dc-f9b6701e4370/ac_la_maso/0/0
I, [2013-12-20T19:00:04.469243 #4901]  INFO -- : CONNECTED: ASYNC SUBSCRIBE CONNECTION
D, [2013-12-20T19:00:04.916811 #4901] DEBUG -- : GOT SUBSCRIBE RESPONSE
D, [2013-12-20T19:00:04.917053 #4901] DEBUG -- : GOT VALID JSON
D, [2013-12-20T19:00:04.917194 #4901] DEBUG -- : HANDLED RESPONSE
D, [2013-12-20T19:00:04.917271 #4901] DEBUG -- : TIMETOKEN UPDATED
D, [2013-12-20T19:00:05.099384 #4901] DEBUG -- : SETTING CHANNELS
D, [2013-12-20T19:00:05.099509 #4901] DEBUG -- : SENDING SUBSCRIBE REQUEST
D, [2013-12-20T19:00:05.099567 #4901] DEBUG -- : ENCODING PATH
D, [2013-12-20T19:00:05.099646 #4901] DEBUG -- : /subscribe/sub-2f610f4c-a98d-11e0-a8dc-f9b6701e4370/ac_la_maso/0/13875624048293993
E, [2013-12-20T19:00:49.556825 #4901] ERROR -- : GOT SUBSCRIBE ERROR
E, [2013-12-20T19:00:49.556906 #4901] ERROR -- : AN ERROR OCCURRED: [0, "connection closed by server"]
D, [2013-12-20T19:00:49.682646 #4901] DEBUG -- : SETTING CHANNELS
D, [2013-12-20T19:00:49.682756 #4901] DEBUG -- : SENDING SUBSCRIBE REQUEST
D, [2013-12-20T19:00:49.682806 #4901] DEBUG -- : ENCODING PATH
D, [2013-12-20T19:00:49.682872 #4901] DEBUG -- : /subscribe/sub-2f610f4c-a98d-11e0-a8dc-f9b6701e4370/ac_la_maso,a/0/0
D, [2013-12-20T19:00:49.800047 #4901] DEBUG -- : GOT SUBSCRIBE RESPONSE
D, [2013-12-20T19:00:49.800128 #4901] DEBUG -- : GOT VALID JSON
D, [2013-12-20T19:00:49.800178 #4901] DEBUG -- : HANDLED RESPONSE
D, [2013-12-20T19:00:49.800207 #4901] DEBUG -- : TIMETOKEN UPDATED
D, [2013-12-20T19:00:49.981254 #4901] DEBUG -- : SETTING CHANNELS
D, [2013-12-20T19:00:49.981360 #4901] DEBUG -- : SENDING SUBSCRIBE REQUEST
D, [2013-12-20T19:00:49.981396 #4901] DEBUG -- : ENCODING PATH
D, [2013-12-20T19:00:49.981443 #4901] DEBUG -- : /subscribe/sub-2f610f4c-a98d-11e0-a8dc-f9b6701e4370/ac_la_maso,a/0/13875624497082481
E, [2013-12-20T19:00:56.580480 #4901] ERROR -- : AN ERROR OCCURRED: YOU ARE ALREADY SUBSCRIBED TO THAT CHANNEL
E, [2013-12-20T19:00:56.580565 #4901] ERROR -- : YOU ARE ALREADY SUBSCRIBED TO THAT CHANNEL
D, [2013-12-20T19:01:25.017902 #4901] DEBUG -- : SENDING OTHER REQUEST
D, [2013-12-20T19:01:25.018247 #4901] DEBUG -- : ENCODING PATH
D, [2013-12-20T19:01:25.018336 #4901] DEBUG -- : /v2/presence/sub-key/sub-2f610f4c-a98d-11e0-a8dc-f9b6701e4370/channel/ac_la_maso/leave
D, [2013-12-20T19:01:25.955496 #4901] DEBUG -- : GOT OTHER RESPONSE
D, [2013-12-20T19:01:25.955660 #4901] DEBUG -- : ENCODING PATH
D, [2013-12-20T19:01:25.955716 #4901] DEBUG -- : /v2/presence/sub-key/sub-2f610f4c-a98d-11e0-a8dc-f9b6701e4370/channel/ac_la_maso/leave
D, [2013-12-20T19:01:25.955771 #4901] DEBUG -- : CALLING PARAMETER CALLBACK
D, [2013-12-20T19:05:30.035084 #4901] DEBUG -- : GOT SUBSCRIBE RESPONSE
D, [2013-12-20T19:05:30.035198 #4901] DEBUG -- : GOT VALID JSON
D, [2013-12-20T19:05:30.035257 #4901] DEBUG -- : HANDLED RESPONSE
D, [2013-12-20T19:05:30.035287 #4901] DEBUG -- : TIMETOKEN UPDATED
D, [2013-12-20T19:05:30.307761 #4901] DEBUG -- : SETTING CHANNELS
D, [2013-12-20T19:05:30.307863 #4901] DEBUG -- : SENDING SUBSCRIBE REQUEST
D, [2013-12-20T19:05:30.307914 #4901] DEBUG -- : ENCODING PATH
D, [2013-12-20T19:05:30.307986 #4901] DEBUG -- : /subscribe/sub-2f610f4c-a98d-11e0-a8dc-f9b6701e4370/a/0/13875627299483652
D, [2013-12-20T19:10:10.484446 #4901] DEBUG -- : GOT SUBSCRIBE RESPONSE
D, [2013-12-20T19:10:10.484554 #4901] DEBUG -- : GOT VALID JSON
D, [2013-12-20T19:10:10.484611 #4901] DEBUG -- : HANDLED RESPONSE
D, [2013-12-20T19:10:10.484642 #4901] DEBUG -- : TIMETOKEN UPDATED
D, [2013-12-20T19:10:10.665386 #4901] DEBUG -- : SETTING CHANNELS
D, [2013-12-20T19:10:10.665490 #4901] DEBUG -- : SENDING SUBSCRIBE REQUEST
D, [2013-12-20T19:10:10.665541 #4901] DEBUG -- : ENCODING PATH
D, [2013-12-20T19:10:10.665613 #4901] DEBUG -- : /subscribe/sub-2f610f4c-a98d-11e0-a8dc-f9b6701e4370/a/0/13875630103991776
E, [2013-12-20T19:12:13.418291 #4901] ERROR -- : GOT SUBSCRIBE ERROR
E, [2013-12-20T19:12:13.418409 #4901] ERROR -- : AN ERROR OCCURRED: [0, "connection closed by server"]
D, [2013-12-20T19:12:13.603438 #4901] DEBUG -- : SETTING CHANNELS
D, [2013-12-20T19:12:13.603544 #4901] DEBUG -- : SENDING SUBSCRIBE REQUEST
D, [2013-12-20T19:12:13.603598 #4901] DEBUG -- : ENCODING PATH
D, [2013-12-20T19:12:13.603691 #4901] DEBUG -- : /subscribe/sub-2f610f4c-a98d-11e0-a8dc-f9b6701e4370/a,ac_la_maso/0/0
D, [2013-12-20T19:12:13.860360 #4901] DEBUG -- : GOT SUBSCRIBE RESPONSE
D, [2013-12-20T19:12:13.860441 #4901] DEBUG -- : GOT VALID JSON
D, [2013-12-20T19:12:13.860490 #4901] DEBUG -- : HANDLED RESPONSE
D, [2013-12-20T19:12:13.860519 #4901] DEBUG -- : TIMETOKEN UPDATED
D, [2013-12-20T19:12:13.950842 #4901] DEBUG -- : SETTING CHANNELS
D, [2013-12-20T19:12:13.950933 #4901] DEBUG -- : SENDING SUBSCRIBE REQUEST
D, [2013-12-20T19:12:13.950969 #4901] DEBUG -- : ENCODING PATH
D, [2013-12-20T19:12:13.951017 #4901] DEBUG -- : /subscribe/sub-2f610f4c-a98d-11e0-a8dc-f9b6701e4370/a,ac_la_maso/0/13875631337759679
E, [2013-12-20T19:13:00.107394 #4901] ERROR -- : AN ERROR OCCURRED: YOU ARE ALREADY SUBSCRIBED TO THAT CHANNEL
E, [2013-12-20T19:13:00.107578 #4901] ERROR -- : YOU ARE ALREADY SUBSCRIBED TO THAT CHANNEL
D, [2013-12-20T19:14:34.146005 #5309] DEBUG -- : SETTING CHANNELS
D, [2013-12-20T19:14:34.146169 #5309] DEBUG -- : SENDING SUBSCRIBE REQUEST
D, [2013-12-20T19:14:34.152526 #5309] DEBUG -- : ENCODING PATH
D, [2013-12-20T19:14:34.152669 #5309] DEBUG -- : /subscribe/demo/a/0/0
D, [2013-12-20T19:14:34.314376 #5309] DEBUG -- : GOT SUBSCRIBE RESPONSE
I, [2013-12-20T19:14:34.314484 #5309]  INFO -- : CONNECTED: ASYNC SUBSCRIBE CONNECTION
D, [2013-12-20T19:14:34.314874 #5309] DEBUG -- : GOT VALID JSON
D, [2013-12-20T19:14:34.315070 #5309] DEBUG -- : HANDLED RESPONSE
D, [2013-12-20T19:14:34.315109 #5309] DEBUG -- : TIMETOKEN UPDATED
D, [2013-12-20T19:14:34.403992 #5309] DEBUG -- : SETTING CHANNELS
D, [2013-12-20T19:14:34.404155 #5309] DEBUG -- : SENDING SUBSCRIBE REQUEST
D, [2013-12-20T19:14:34.404221 #5309] DEBUG -- : ENCODING PATH
D, [2013-12-20T19:14:34.404291 #5309] DEBUG -- : /subscribe/demo/a/0/13875632737506336
D, [2013-12-20T19:14:34.793672 #5309] DEBUG -- : GOT SUBSCRIBE RESPONSE
D, [2013-12-20T19:14:34.793760 #5309] DEBUG -- : GOT VALID JSON
D, [2013-12-20T19:14:34.793820 #5309] DEBUG -- : ENCODING PATH
D, [2013-12-20T19:14:34.793868 #5309] DEBUG -- : /subscribe/demo/a/0/13875632748045382
D, [2013-12-20T19:14:34.793922 #5309] DEBUG -- : HANDLED RESPONSE
D, [2013-12-20T19:14:34.793954 #5309] DEBUG -- : TIMETOKEN UPDATED
D, [2013-12-20T19:14:34.793987 #5309] DEBUG -- : CALLING SUBSCRIPTION CALLBACK FOR CHANNEL a
D, [2013-12-20T19:14:34.794055 #5309] DEBUG -- : AFTER CALLING SUBSCRIPTION CALLBACK FOR CHANNEL a
D, [2013-12-20T19:14:34.905903 #5309] DEBUG -- : SETTING CHANNELS
D, [2013-12-20T19:14:34.905996 #5309] DEBUG -- : SENDING SUBSCRIBE REQUEST
D, [2013-12-20T19:14:34.906032 #5309] DEBUG -- : ENCODING PATH
D, [2013-12-20T19:14:34.906092 #5309] DEBUG -- : /subscribe/demo/a/0/13875632748045382
D, [2013-12-20T19:14:35.999477 #5309] DEBUG -- : GOT SUBSCRIBE RESPONSE
D, [2013-12-20T19:14:35.999587 #5309] DEBUG -- : GOT VALID JSON
D, [2013-12-20T19:14:35.999670 #5309] DEBUG -- : ENCODING PATH
D, [2013-12-20T19:14:35.999742 #5309] DEBUG -- : /subscribe/demo/a/0/13875632759957992
D, [2013-12-20T19:14:35.999822 #5309] DEBUG -- : HANDLED RESPONSE
D, [2013-12-20T19:14:35.999872 #5309] DEBUG -- : TIMETOKEN UPDATED
D, [2013-12-20T19:14:35.999921 #5309] DEBUG -- : CALLING SUBSCRIPTION CALLBACK FOR CHANNEL a
D, [2013-12-20T19:14:35.999996 #5309] DEBUG -- : AFTER CALLING SUBSCRIPTION CALLBACK FOR CHANNEL a
D, [2013-12-20T19:14:36.158364 #5309] DEBUG -- : SETTING CHANNELS
D, [2013-12-20T19:14:36.158498 #5309] DEBUG -- : SENDING SUBSCRIBE REQUEST
D, [2013-12-20T19:14:36.158556 #5309] DEBUG -- : ENCODING PATH
D, [2013-12-20T19:14:36.158633 #5309] DEBUG -- : /subscribe/demo/a/0/13875632759957992
D, [2013-12-20T19:14:37.122174 #5309] DEBUG -- : GOT SUBSCRIBE RESPONSE
D, [2013-12-20T19:14:37.122279 #5309] DEBUG -- : GOT VALID JSON
D, [2013-12-20T19:14:37.122364 #5309] DEBUG -- : ENCODING PATH
D, [2013-12-20T19:14:37.122415 #5309] DEBUG -- : /subscribe/demo/a/0/13875632771325868
D, [2013-12-20T19:14:37.122469 #5309] DEBUG -- : HANDLED RESPONSE
D, [2013-12-20T19:14:37.122500 #5309] DEBUG -- : TIMETOKEN UPDATED
D, [2013-12-20T19:14:37.122533 #5309] DEBUG -- : CALLING SUBSCRIPTION CALLBACK FOR CHANNEL a
D, [2013-12-20T19:14:37.122616 #5309] DEBUG -- : AFTER CALLING SUBSCRIPTION CALLBACK FOR CHANNEL a
D, [2013-12-20T19:14:37.161310 #5309] DEBUG -- : SETTING CHANNELS
D, [2013-12-20T19:14:37.161421 #5309] DEBUG -- : SENDING SUBSCRIBE REQUEST
D, [2013-12-20T19:14:37.161476 #5309] DEBUG -- : ENCODING PATH
D, [2013-12-20T19:14:37.161551 #5309] DEBUG -- : /subscribe/demo/a/0/13875632771325868
D, [2013-12-20T19:14:38.209538 #5309] DEBUG -- : GOT SUBSCRIBE RESPONSE
D, [2013-12-20T19:14:38.209657 #5309] DEBUG -- : GOT VALID JSON
D, [2013-12-20T19:14:38.209714 #5309] DEBUG -- : ENCODING PATH
D, [2013-12-20T19:14:38.209761 #5309] DEBUG -- : /subscribe/demo/a/0/13875632782136356
D, [2013-12-20T19:14:38.209812 #5309] DEBUG -- : HANDLED RESPONSE
D, [2013-12-20T19:14:38.209843 #5309] DEBUG -- : TIMETOKEN UPDATED
D, [2013-12-20T19:14:38.209874 #5309] DEBUG -- : CALLING SUBSCRIPTION CALLBACK FOR CHANNEL a
D, [2013-12-20T19:14:38.209927 #5309] DEBUG -- : AFTER CALLING SUBSCRIPTION CALLBACK FOR CHANNEL a
D, [2013-12-20T19:14:38.413460 #5309] DEBUG -- : SETTING CHANNELS
D, [2013-12-20T19:14:38.413550 #5309] DEBUG -- : SENDING SUBSCRIBE REQUEST
D, [2013-12-20T19:14:38.413586 #5309] DEBUG -- : ENCODING PATH
D, [2013-12-20T19:14:38.413635 #5309] DEBUG -- : /subscribe/demo/a/0/13875632782136356
D, [2013-12-20T19:14:39.164231 #5309] DEBUG -- : GOT SUBSCRIBE RESPONSE
D, [2013-12-20T19:14:39.164332 #5309] DEBUG -- : GOT VALID JSON
D, [2013-12-20T19:14:39.164409 #5309] DEBUG -- : ENCODING PATH
D, [2013-12-20T19:14:39.164474 #5309] DEBUG -- : /subscribe/demo/a/0/13875632791733626
D, [2013-12-20T19:14:39.164545 #5309] DEBUG -- : HANDLED RESPONSE
D, [2013-12-20T19:14:39.164590 #5309] DEBUG -- : TIMETOKEN UPDATED
D, [2013-12-20T19:14:39.164636 #5309] DEBUG -- : CALLING SUBSCRIPTION CALLBACK FOR CHANNEL a
D, [2013-12-20T19:14:39.164704 #5309] DEBUG -- : AFTER CALLING SUBSCRIPTION CALLBACK FOR CHANNEL a
D, [2013-12-20T19:14:39.165664 #5309] DEBUG -- : SETTING CHANNELS
D, [2013-12-20T19:14:39.165738 #5309] DEBUG -- : SENDING SUBSCRIBE REQUEST
D, [2013-12-20T19:14:39.165795 #5309] DEBUG -- : ENCODING PATH
D, [2013-12-20T19:14:39.165865 #5309] DEBUG -- : /subscribe/demo/a/0/13875632791733626
D, [2013-12-20T19:14:40.341205 #5309] DEBUG -- : GOT SUBSCRIBE RESPONSE
D, [2013-12-20T19:14:40.341371 #5309] DEBUG -- : GOT VALID JSON
D, [2013-12-20T19:14:40.341488 #5309] DEBUG -- : ENCODING PATH
D, [2013-12-20T19:14:40.341588 #5309] DEBUG -- : /subscribe/demo/a/0/13875632803516268
D, [2013-12-20T19:14:40.341696 #5309] DEBUG -- : HANDLED RESPONSE
D, [2013-12-20T19:14:40.341765 #5309] DEBUG -- : TIMETOKEN UPDATED
D, [2013-12-20T19:14:40.341833 #5309] DEBUG -- : CALLING SUBSCRIPTION CALLBACK FOR CHANNEL a
D, [2013-12-20T19:14:40.341939 #5309] DEBUG -- : AFTER CALLING SUBSCRIPTION CALLBACK FOR CHANNEL a
D, [2013-12-20T19:14:40.418297 #5309] DEBUG -- : SETTING CHANNELS
D, [2013-12-20T19:14:40.418411 #5309] DEBUG -- : SENDING SUBSCRIBE REQUEST
D, [2013-12-20T19:14:40.418467 #5309] DEBUG -- : ENCODING PATH
D, [2013-12-20T19:14:40.418533 #5309] DEBUG -- : /subscribe/demo/a/0/13875632803516268
D, [2013-12-20T19:14:41.278438 #5309] DEBUG -- : GOT SUBSCRIBE RESPONSE
D, [2013-12-20T19:14:41.278522 #5309] DEBUG -- : GOT VALID JSON
D, [2013-12-20T19:14:41.278574 #5309] DEBUG -- : ENCODING PATH
D, [2013-12-20T19:14:41.278617 #5309] DEBUG -- : /subscribe/demo/a/0/13875632812824824
D, [2013-12-20T19:14:41.278663 #5309] DEBUG -- : HANDLED RESPONSE
D, [2013-12-20T19:14:41.278690 #5309] DEBUG -- : TIMETOKEN UPDATED
D, [2013-12-20T19:14:41.278717 #5309] DEBUG -- : CALLING SUBSCRIPTION CALLBACK FOR CHANNEL a
D, [2013-12-20T19:14:41.278768 #5309] DEBUG -- : AFTER CALLING SUBSCRIPTION CALLBACK FOR CHANNEL a
D, [2013-12-20T19:14:41.421661 #5309] DEBUG -- : SETTING CHANNELS
D, [2013-12-20T19:14:41.421772 #5309] DEBUG -- : SENDING SUBSCRIBE REQUEST
D, [2013-12-20T19:14:41.421826 #5309] DEBUG -- : ENCODING PATH
D, [2013-12-20T19:14:41.421901 #5309] DEBUG -- : /subscribe/demo/a/0/13875632812824824
D, [2013-12-20T19:14:42.359987 #5309] DEBUG -- : GOT SUBSCRIBE RESPONSE
D, [2013-12-20T19:14:42.360072 #5309] DEBUG -- : GOT VALID JSON
D, [2013-12-20T19:14:42.360124 #5309] DEBUG -- : ENCODING PATH
D, [2013-12-20T19:14:42.360186 #5309] DEBUG -- : /subscribe/demo/a/0/13875632823709654
D, [2013-12-20T19:14:42.360296 #5309] DEBUG -- : HANDLED RESPONSE
D, [2013-12-20T19:14:42.360346 #5309] DEBUG -- : TIMETOKEN UPDATED
D, [2013-12-20T19:14:42.360393 #5309] DEBUG -- : CALLING SUBSCRIPTION CALLBACK FOR CHANNEL a
D, [2013-12-20T19:14:42.360460 #5309] DEBUG -- : AFTER CALLING SUBSCRIPTION CALLBACK FOR CHANNEL a
D, [2013-12-20T19:14:42.423803 #5309] DEBUG -- : SETTING CHANNELS
D, [2013-12-20T19:14:42.423942 #5309] DEBUG -- : SENDING SUBSCRIBE REQUEST
D, [2013-12-20T19:14:42.423998 #5309] DEBUG -- : ENCODING PATH
D, [2013-12-20T19:14:42.424077 #5309] DEBUG -- : /subscribe/demo/a/0/13875632823709654
D, [2013-12-20T19:14:43.479229 #5309] DEBUG -- : GOT SUBSCRIBE RESPONSE
D, [2013-12-20T19:14:43.479347 #5309] DEBUG -- : GOT VALID JSON
D, [2013-12-20T19:14:43.479409 #5309] DEBUG -- : ENCODING PATH
D, [2013-12-20T19:14:43.479454 #5309] DEBUG -- : /subscribe/demo/a/0/13875632834902640
D, [2013-12-20T19:14:43.479501 #5309] DEBUG -- : HANDLED RESPONSE
D, [2013-12-20T19:14:43.479529 #5309] DEBUG -- : TIMETOKEN UPDATED
D, [2013-12-20T19:14:43.479557 #5309] DEBUG -- : CALLING SUBSCRIPTION CALLBACK FOR CHANNEL a
D, [2013-12-20T19:14:43.479606 #5309] DEBUG -- : AFTER CALLING SUBSCRIPTION CALLBACK FOR CHANNEL a
D, [2013-12-20T19:14:43.676874 #5309] DEBUG -- : SETTING CHANNELS
D, [2013-12-20T19:14:43.677081 #5309] DEBUG -- : SENDING SUBSCRIBE REQUEST
D, [2013-12-20T19:14:43.677181 #5309] DEBUG -- : ENCODING PATH
D, [2013-12-20T19:14:43.677332 #5309] DEBUG -- : /subscribe/demo/a/0/13875632834902640
D, [2013-12-20T19:14:44.570125 #5309] DEBUG -- : GOT SUBSCRIBE RESPONSE
D, [2013-12-20T19:14:44.570205 #5309] DEBUG -- : GOT VALID JSON
D, [2013-12-20T19:14:44.570257 #5309] DEBUG -- : ENCODING PATH
D, [2013-12-20T19:14:44.570300 #5309] DEBUG -- : /subscribe/demo/a/0/13875632845789680
D, [2013-12-20T19:14:44.570346 #5309] DEBUG -- : HANDLED RESPONSE
D, [2013-12-20T19:14:44.570377 #5309] DEBUG -- : TIMETOKEN UPDATED
D, [2013-12-20T19:14:44.570406 #5309] DEBUG -- : CALLING SUBSCRIPTION CALLBACK FOR CHANNEL a
D, [2013-12-20T19:14:44.570450 #5309] DEBUG -- : AFTER CALLING SUBSCRIPTION CALLBACK FOR CHANNEL a
D, [2013-12-20T19:14:44.680734 #5309] DEBUG -- : SETTING CHANNELS
D, [2013-12-20T19:14:44.680866 #5309] DEBUG -- : SENDING SUBSCRIBE REQUEST
D, [2013-12-20T19:14:44.680918 #5309] DEBUG -- : ENCODING PATH
D, [2013-12-20T19:14:44.680986 #5309] DEBUG -- : /subscribe/demo/a/0/13875632845789680
D, [2013-12-20T19:14:45.566380 #5309] DEBUG -- : GOT SUBSCRIBE RESPONSE
D, [2013-12-20T19:14:45.566485 #5309] DEBUG -- : GOT VALID JSON
D, [2013-12-20T19:14:45.566555 #5309] DEBUG -- : ENCODING PATH
D, [2013-12-20T19:14:45.566635 #5309] DEBUG -- : /subscribe/demo/a/0/13875632855773372
D, [2013-12-20T19:14:45.566734 #5309] DEBUG -- : HANDLED RESPONSE
D, [2013-12-20T19:14:45.566783 #5309] DEBUG -- : TIMETOKEN UPDATED
D, [2013-12-20T19:14:45.566833 #5309] DEBUG -- : CALLING SUBSCRIPTION CALLBACK FOR CHANNEL a
D, [2013-12-20T19:14:45.566902 #5309] DEBUG -- : AFTER CALLING SUBSCRIPTION CALLBACK FOR CHANNEL a
D, [2013-12-20T19:14:45.683497 #5309] DEBUG -- : SETTING CHANNELS
D, [2013-12-20T19:14:45.683580 #5309] DEBUG -- : SENDING SUBSCRIBE REQUEST
D, [2013-12-20T19:14:45.683613 #5309] DEBUG -- : ENCODING PATH
D, [2013-12-20T19:14:45.683659 #5309] DEBUG -- : /subscribe/demo/a/0/13875632855773372
D, [2013-12-20T19:14:46.663865 #5309] DEBUG -- : GOT SUBSCRIBE RESPONSE
D, [2013-12-20T19:14:46.663965 #5309] DEBUG -- : GOT VALID JSON
D, [2013-12-20T19:14:46.664040 #5309] DEBUG -- : ENCODING PATH
D, [2013-12-20T19:14:46.664131 #5309] DEBUG -- : /subscribe/demo/a/0/13875632866720590
D, [2013-12-20T19:14:46.664203 #5309] DEBUG -- : HANDLED RESPONSE
D, [2013-12-20T19:14:46.664246 #5309] DEBUG -- : TIMETOKEN UPDATED
D, [2013-12-20T19:14:46.664293 #5309] DEBUG -- : CALLING SUBSCRIPTION CALLBACK FOR CHANNEL a
D, [2013-12-20T19:14:46.664360 #5309] DEBUG -- : AFTER CALLING SUBSCRIPTION CALLBACK FOR CHANNEL a
D, [2013-12-20T19:14:46.684636 #5309] DEBUG -- : SETTING CHANNELS
D, [2013-12-20T19:14:46.684741 #5309] DEBUG -- : SENDING SUBSCRIBE REQUEST
D, [2013-12-20T19:14:46.684789 #5309] DEBUG -- : ENCODING PATH
D, [2013-12-20T19:14:46.684863 #5309] DEBUG -- : /subscribe/demo/a/0/13875632866720590
D, [2013-12-20T19:14:47.669111 #5309] DEBUG -- : GOT SUBSCRIBE RESPONSE
D, [2013-12-20T19:14:47.669196 #5309] DEBUG -- : GOT VALID JSON
D, [2013-12-20T19:14:47.669248 #5309] DEBUG -- : ENCODING PATH
D, [2013-12-20T19:14:47.669290 #5309] DEBUG -- : /subscribe/demo/a/0/13875632876797224
D, [2013-12-20T19:14:47.669336 #5309] DEBUG -- : HANDLED RESPONSE
D, [2013-12-20T19:14:47.669364 #5309] DEBUG -- : TIMETOKEN UPDATED
D, [2013-12-20T19:14:47.669392 #5309] DEBUG -- : CALLING SUBSCRIPTION CALLBACK FOR CHANNEL a
D, [2013-12-20T19:14:47.669436 #5309] DEBUG -- : AFTER CALLING SUBSCRIPTION CALLBACK FOR CHANNEL a
D, [2013-12-20T19:14:47.688462 #5309] DEBUG -- : SETTING CHANNELS
D, [2013-12-20T19:14:47.688568 #5309] DEBUG -- : SENDING SUBSCRIBE REQUEST
D, [2013-12-20T19:14:47.688625 #5309] DEBUG -- : ENCODING PATH
D, [2013-12-20T19:14:47.688704 #5309] DEBUG -- : /subscribe/demo/a/0/13875632876797224
E, [2013-12-20T19:14:48.606702 #5309] ERROR -- : GOT SUBSCRIBE ERROR
E, [2013-12-20T19:14:48.606781 #5309] ERROR -- : AN ERROR OCCURRED: [0, "connection closed by server"]
D, [2013-12-20T19:14:48.607176 #5309] DEBUG -- : SENDING OTHER REQUEST
D, [2013-12-20T19:14:48.607354 #5309] DEBUG -- : ENCODING PATH
D, [2013-12-20T19:14:48.607429 #5309] DEBUG -- : /v2/presence/sub-key/demo/channel/a/leave
D, [2013-12-20T19:14:49.095638 #5309] DEBUG -- : GOT OTHER RESPONSE
D, [2013-12-20T19:14:49.095802 #5309] DEBUG -- : ENCODING PATH
D, [2013-12-20T19:14:49.095867 #5309] DEBUG -- : /v2/presence/sub-key/demo/channel/a/leave
D, [2013-12-20T19:14:49.095937 #5309] DEBUG -- : CALLING PARAMETER CALLBACK
D, [2013-12-20T19:15:02.031615 #5309] DEBUG -- : SETTING CHANNELS
D, [2013-12-20T19:15:02.031716 #5309] DEBUG -- : SENDING SUBSCRIBE REQUEST
D, [2013-12-20T19:15:02.031771 #5309] DEBUG -- : ENCODING PATH
D, [2013-12-20T19:15:02.031866 #5309] DEBUG -- : /subscribe/demo/demo/0/0
D, [2013-12-20T19:15:02.137701 #5309] DEBUG -- : GOT SUBSCRIBE RESPONSE
D, [2013-12-20T19:15:02.137782 #5309] DEBUG -- : GOT VALID JSON
D, [2013-12-20T19:15:02.137829 #5309] DEBUG -- : HANDLED RESPONSE
D, [2013-12-20T19:15:02.137856 #5309] DEBUG -- : TIMETOKEN UPDATED
D, [2013-12-20T19:15:02.318426 #5309] DEBUG -- : SETTING CHANNELS
D, [2013-12-20T19:15:02.318536 #5309] DEBUG -- : SENDING SUBSCRIBE REQUEST
D, [2013-12-20T19:15:02.318617 #5309] DEBUG -- : ENCODING PATH
D, [2013-12-20T19:15:02.318697 #5309] DEBUG -- : /subscribe/demo/demo/0/13875633020484790
D, [2013-12-20T19:16:11.671297 #5520] DEBUG -- : SETTING CHANNELS
D, [2013-12-20T19:16:11.671431 #5520] DEBUG -- : SENDING SUBSCRIBE REQUEST
D, [2013-12-20T19:16:11.679302 #5520] DEBUG -- : ENCODING PATH
D, [2013-12-20T19:16:11.679414 #5520] DEBUG -- : /subscribe/demo/demo/0/0
D, [2013-12-20T19:16:11.816473 #5520] DEBUG -- : GOT SUBSCRIBE RESPONSE
I, [2013-12-20T19:16:11.816602 #5520]  INFO -- : CONNECTED: ASYNC SUBSCRIBE CONNECTION
D, [2013-12-20T19:16:11.817019 #5520] DEBUG -- : GOT VALID JSON
D, [2013-12-20T19:16:11.817260 #5520] DEBUG -- : HANDLED RESPONSE
D, [2013-12-20T19:16:11.817316 #5520] DEBUG -- : TIMETOKEN UPDATED
D, [2013-12-20T19:16:11.929784 #5520] DEBUG -- : SETTING CHANNELS
D, [2013-12-20T19:16:11.929969 #5520] DEBUG -- : SENDING SUBSCRIBE REQUEST
D, [2013-12-20T19:16:11.930178 #5520] DEBUG -- : ENCODING PATH
D, [2013-12-20T19:16:11.930256 #5520] DEBUG -- : /subscribe/demo/demo/0/13875633716988870
D, [2013-12-20T19:16:54.004375 #4901] DEBUG -- : GOT SUBSCRIBE RESPONSE
D, [2013-12-20T19:16:54.004496 #4901] DEBUG -- : GOT VALID JSON
D, [2013-12-20T19:16:54.004555 #4901] DEBUG -- : HANDLED RESPONSE
D, [2013-12-20T19:16:54.004590 #4901] DEBUG -- : TIMETOKEN UPDATED
D, [2013-12-20T19:16:54.097018 #4901] DEBUG -- : SETTING CHANNELS
D, [2013-12-20T19:16:54.097206 #4901] DEBUG -- : SENDING SUBSCRIBE REQUEST
D, [2013-12-20T19:16:54.097287 #4901] DEBUG -- : ENCODING PATH
D, [2013-12-20T19:16:54.097409 #4901] DEBUG -- : /subscribe/sub-2f610f4c-a98d-11e0-a8dc-f9b6701e4370/a,ac_la_maso/0/13875634139171644
D, [2013-12-20T19:19:42.385370 #5309] DEBUG -- : GOT SUBSCRIBE RESPONSE
D, [2013-12-20T19:19:42.385451 #5309] DEBUG -- : GOT VALID JSON
D, [2013-12-20T19:19:42.385530 #5309] DEBUG -- : HANDLED RESPONSE
D, [2013-12-20T19:19:42.385587 #5309] DEBUG -- : TIMETOKEN UPDATED
D, [2013-12-20T19:19:42.657051 #5309] DEBUG -- : SETTING CHANNELS
D, [2013-12-20T19:19:42.657158 #5309] DEBUG -- : SENDING SUBSCRIBE REQUEST
D, [2013-12-20T19:19:42.657193 #5309] DEBUG -- : ENCODING PATH
D, [2013-12-20T19:19:42.657239 #5309] DEBUG -- : /subscribe/demo/demo/0/13875635822808729
D, [2013-12-20T19:20:51.986322 #5520] DEBUG -- : GOT SUBSCRIBE RESPONSE
D, [2013-12-20T19:20:51.986407 #5520] DEBUG -- : GOT VALID JSON
D, [2013-12-20T19:20:51.986463 #5520] DEBUG -- : HANDLED RESPONSE
D, [2013-12-20T19:20:51.986496 #5520] DEBUG -- : TIMETOKEN UPDATED
D, [2013-12-20T19:20:52.161215 #5520] DEBUG -- : SETTING CHANNELS
D, [2013-12-20T19:20:52.161342 #5520] DEBUG -- : SENDING SUBSCRIBE REQUEST
D, [2013-12-20T19:20:52.161391 #5520] DEBUG -- : ENCODING PATH
D, [2013-12-20T19:20:52.161444 #5520] DEBUG -- : /subscribe/demo/demo/0/13875636518974388
D, [2013-12-20T19:21:34.161252 #4901] DEBUG -- : GOT SUBSCRIBE RESPONSE
D, [2013-12-20T19:21:34.161358 #4901] DEBUG -- : GOT VALID JSON
D, [2013-12-20T19:21:34.161433 #4901] DEBUG -- : HANDLED RESPONSE
D, [2013-12-20T19:21:34.161479 #4901] DEBUG -- : TIMETOKEN UPDATED
D, [2013-12-20T19:21:34.252012 #4901] DEBUG -- : SETTING CHANNELS
D, [2013-12-20T19:21:34.252104 #4901] DEBUG -- : SENDING SUBSCRIBE REQUEST
D, [2013-12-20T19:21:34.252139 #4901] DEBUG -- : ENCODING PATH
D, [2013-12-20T19:21:34.252189 #4901] DEBUG -- : /subscribe/sub-2f610f4c-a98d-11e0-a8dc-f9b6701e4370/a,ac_la_maso/0/13875636940742505
D, [2013-12-20T19:24:22.720779 #5309] DEBUG -- : GOT SUBSCRIBE RESPONSE
D, [2013-12-20T19:24:22.720919 #5309] DEBUG -- : GOT VALID JSON
D, [2013-12-20T19:24:22.721014 #5309] DEBUG -- : HANDLED RESPONSE
D, [2013-12-20T19:24:22.721073 #5309] DEBUG -- : TIMETOKEN UPDATED
D, [2013-12-20T19:24:22.811353 #5309] DEBUG -- : SETTING CHANNELS
D, [2013-12-20T19:24:22.811469 #5309] DEBUG -- : SENDING SUBSCRIBE REQUEST
D, [2013-12-20T19:24:22.811531 #5309] DEBUG -- : ENCODING PATH
D, [2013-12-20T19:24:22.811877 #5309] DEBUG -- : /subscribe/demo/demo/0/13875638626333546
E, [2013-12-20T19:24:40.343330 #5520] ERROR -- : GOT SUBSCRIBE ERROR
E, [2013-12-20T19:24:40.343432 #5520] ERROR -- : AN ERROR OCCURRED: [0, "connection closed by server"]
D, [2013-12-20T19:26:14.443606 #4901] DEBUG -- : GOT SUBSCRIBE RESPONSE
D, [2013-12-20T19:26:14.443686 #4901] DEBUG -- : GOT VALID JSON
D, [2013-12-20T19:26:14.443735 #4901] DEBUG -- : HANDLED RESPONSE
D, [2013-12-20T19:26:14.443764 #4901] DEBUG -- : TIMETOKEN UPDATED
D, [2013-12-20T19:26:14.534439 #4901] DEBUG -- : SETTING CHANNELS
D, [2013-12-20T19:26:14.534539 #4901] DEBUG -- : SENDING SUBSCRIBE REQUEST
D, [2013-12-20T19:26:14.534573 #4901] DEBUG -- : ENCODING PATH
D, [2013-12-20T19:26:14.534620 #4901] DEBUG -- : /subscribe/sub-2f610f4c-a98d-11e0-a8dc-f9b6701e4370/a,ac_la_maso/0/13875639743611003
D, [2013-12-20T19:29:02.867133 #5309] DEBUG -- : GOT SUBSCRIBE RESPONSE
D, [2013-12-20T19:29:02.867253 #5309] DEBUG -- : GOT VALID JSON
D, [2013-12-20T19:29:02.867347 #5309] DEBUG -- : HANDLED RESPONSE
D, [2013-12-20T19:29:02.867405 #5309] DEBUG -- : TIMETOKEN UPDATED
D, [2013-12-20T19:29:02.867480 #5309] DEBUG -- : SETTING CHANNELS
D, [2013-12-20T19:29:02.867540 #5309] DEBUG -- : SENDING SUBSCRIBE REQUEST
D, [2013-12-20T19:29:02.867624 #5309] DEBUG -- : ENCODING PATH
D, [2013-12-20T19:29:02.867708 #5309] DEBUG -- : /subscribe/demo/demo/0/13875641427797199
