package configuration for libxslt is not found
package configuration for libxml-2.0 is not found
package configuration for libiconv is not found
find_header: checking for libxml/parser.h... -------------------- yes

"/usr/local/opt/gcc46/bin/gcc-4.6 -o conftest -I/Users/padilla/.rvm/rubies/ruby-1.9.3-p545/include/ruby-1.9.1/x86_64-darwin13.1.0 -I/Users/padilla/.rvm/rubies/ruby-1.9.3-p545/include/ruby-1.9.1/ruby/backward -I/Users/padilla/.rvm/rubies/ruby-1.9.3-p545/include/ruby-1.9.1 -I. -I/Users/padilla/DropBox/Private/TheDevelopmentBox/thepista/httparty/ruby/1.9.1/gems/nokogiri-1.6.1/ports/x86_64-apple-darwin13.0.0/libxml2/2.8.0/include/libxml2 -I/Users/padilla/DropBox/Private/TheDevelopmentBox/thepista/httparty/ruby/1.9.1/gems/nokogiri-1.6.1/ports/x86_64-apple-darwin13.0.0/libxml2/2.8.0/include -I/Users/padilla/DropBox/Private/TheDevelopmentBox/thepista/httparty/ruby/1.9.1/gems/nokogiri-1.6.1/ports/x86_64-apple-darwin13.0.0/libxslt/1.1.26/include -D_XOPEN_SOURCE -D_DARWIN_C_SOURCE   -I/usr/local/opt/libyaml/include -I/usr/local/opt/readline/include -I/usr/local/opt/libksba/include -I/usr/local/opt/openssl/include  -O3 -ggdb -Wall -Wextra -Wno-unused-parameter -Wno-parentheses -Wno-long-long -Wno-missing-field-initializers -Wpointer-arith -Wwrite-strings -Wdeclaration-after-statement -Wimplicit-function-declaration  -fno-common -pipe  -g -DXP_UNIX -O3 -Wall -Wcast-qual -Wwrite-strings -Wconversion -Wmissing-noreturn -Winline -DNOKOGIRI_USE_PACKAGED_LIBRARIES -DNOKOGIRI_LIBXML2_PATH='"/Users/padilla/DropBox/Private/TheDevelopmentBox/thepista/httparty/ruby/1.9.1/gems/nokogiri-1.6.1/ports/x86_64-apple-darwin13.0.0/libxml2/2.8.0"' -DNOKOGIRI_LIBXSLT_PATH='"/Users/padilla/DropBox/Private/TheDevelopmentBox/thepista/httparty/ruby/1.9.1/gems/nokogiri-1.6.1/ports/x86_64-apple-darwin13.0.0/libxslt/1.1.26"' conftest.c  -L. -L/Users/padilla/.rvm/rubies/ruby-1.9.3-p545/lib -L/Users/padilla/DropBox/Private/TheDevelopmentBox/thepista/httparty/ruby/1.9.1/gems/nokogiri-1.6.1/ports/x86_64-apple-darwin13.0.0/libxml2/2.8.0/lib -L/Users/padilla/DropBox/Private/TheDevelopmentBox/thepista/httparty/ruby/1.9.1/gems/nokogiri-1.6.1/ports/x86_64-apple-darwin13.0.0/libxslt/1.1.26/lib -L/usr/local/opt/libyaml/lib -L/usr/local/opt/readline/lib -L/usr/local/opt/libksba/lib -L/usr/local/opt/openssl/lib -L.  -L/usr/local/opt/libyaml/lib -L/usr/local/opt/readline/lib -L/usr/local/opt/libksba/lib -L/usr/local/opt/openssl/lib  -Wl,-rpath,/Users/padilla/DropBox/Private/TheDevelopmentBox/thepista/httparty/ruby/1.9.1/gems/nokogiri-1.6.1/ports/x86_64-apple-darwin13.0.0/libxml2/2.8.0/lib -Wl,-rpath,/Users/padilla/DropBox/Private/TheDevelopmentBox/thepista/httparty/ruby/1.9.1/gems/nokogiri-1.6.1/ports/x86_64-apple-darwin13.0.0/libxslt/1.1.26/lib     -lruby.1.9.1  -lpthread -ldl -lobjc  "
checked program was:
/* begin */
1: #include "ruby.h"
2: 
3: int main(int argc, char **argv)
4: {
5:   return 0;
6: }
/* end */

"/usr/local/opt/gcc46/bin/gcc-4.6 -E -I/Users/padilla/.rvm/rubies/ruby-1.9.3-p545/include/ruby-1.9.1/x86_64-darwin13.1.0 -I/Users/padilla/.rvm/rubies/ruby-1.9.3-p545/include/ruby-1.9.1/ruby/backward -I/Users/padilla/.rvm/rubies/ruby-1.9.3-p545/include/ruby-1.9.1 -I. -I/Users/padilla/DropBox/Private/TheDevelopmentBox/thepista/httparty/ruby/1.9.1/gems/nokogiri-1.6.1/ports/x86_64-apple-darwin13.0.0/libxml2/2.8.0/include/libxml2 -I/Users/padilla/DropBox/Private/TheDevelopmentBox/thepista/httparty/ruby/1.9.1/gems/nokogiri-1.6.1/ports/x86_64-apple-darwin13.0.0/libxml2/2.8.0/include -I/Users/padilla/DropBox/Private/TheDevelopmentBox/thepista/httparty/ruby/1.9.1/gems/nokogiri-1.6.1/ports/x86_64-apple-darwin13.0.0/libxslt/1.1.26/include -D_XOPEN_SOURCE -D_DARWIN_C_SOURCE   -I/usr/local/opt/libyaml/include -I/usr/local/opt/readline/include -I/usr/local/opt/libksba/include -I/usr/local/opt/openssl/include  -O3 -ggdb -Wall -Wextra -Wno-unused-parameter -Wno-parentheses -Wno-long-long -Wno-missing-field-initializers -Wpointer-arith -Wwrite-strings -Wdeclaration-after-statement -Wimplicit-function-declaration  -fno-common -pipe  -g -DXP_UNIX -O3 -Wall -Wcast-qual -Wwrite-strings -Wconversion -Wmissing-noreturn -Winline -DNOKOGIRI_USE_PACKAGED_LIBRARIES -DNOKOGIRI_LIBXML2_PATH='"/Users/padilla/DropBox/Private/TheDevelopmentBox/thepista/httparty/ruby/1.9.1/gems/nokogiri-1.6.1/ports/x86_64-apple-darwin13.0.0/libxml2/2.8.0"' -DNOKOGIRI_LIBXSLT_PATH='"/Users/padilla/DropBox/Private/TheDevelopmentBox/thepista/httparty/ruby/1.9.1/gems/nokogiri-1.6.1/ports/x86_64-apple-darwin13.0.0/libxslt/1.1.26"'  conftest.c -o conftest.i"
checked program was:
/* begin */
1: #include "ruby.h"
2: 
3: #include <libxml/parser.h>
/* end */

--------------------

find_header: checking for libxslt/xslt.h... -------------------- yes

"/usr/local/opt/gcc46/bin/gcc-4.6 -E -I/Users/padilla/.rvm/rubies/ruby-1.9.3-p545/include/ruby-1.9.1/x86_64-darwin13.1.0 -I/Users/padilla/.rvm/rubies/ruby-1.9.3-p545/include/ruby-1.9.1/ruby/backward -I/Users/padilla/.rvm/rubies/ruby-1.9.3-p545/include/ruby-1.9.1 -I. -I/Users/padilla/DropBox/Private/TheDevelopmentBox/thepista/httparty/ruby/1.9.1/gems/nokogiri-1.6.1/ports/x86_64-apple-darwin13.0.0/libxml2/2.8.0/include/libxml2 -I/Users/padilla/DropBox/Private/TheDevelopmentBox/thepista/httparty/ruby/1.9.1/gems/nokogiri-1.6.1/ports/x86_64-apple-darwin13.0.0/libxml2/2.8.0/include -I/Users/padilla/DropBox/Private/TheDevelopmentBox/thepista/httparty/ruby/1.9.1/gems/nokogiri-1.6.1/ports/x86_64-apple-darwin13.0.0/libxslt/1.1.26/include -D_XOPEN_SOURCE -D_DARWIN_C_SOURCE   -I/usr/local/opt/libyaml/include -I/usr/local/opt/readline/include -I/usr/local/opt/libksba/include -I/usr/local/opt/openssl/include  -O3 -ggdb -Wall -Wextra -Wno-unused-parameter -Wno-parentheses -Wno-long-long -Wno-missing-field-initializers -Wpointer-arith -Wwrite-strings -Wdeclaration-after-statement -Wimplicit-function-declaration  -fno-common -pipe  -g -DXP_UNIX -O3 -Wall -Wcast-qual -Wwrite-strings -Wconversion -Wmissing-noreturn -Winline -DNOKOGIRI_USE_PACKAGED_LIBRARIES -DNOKOGIRI_LIBXML2_PATH='"/Users/padilla/DropBox/Private/TheDevelopmentBox/thepista/httparty/ruby/1.9.1/gems/nokogiri-1.6.1/ports/x86_64-apple-darwin13.0.0/libxml2/2.8.0"' -DNOKOGIRI_LIBXSLT_PATH='"/Users/padilla/DropBox/Private/TheDevelopmentBox/thepista/httparty/ruby/1.9.1/gems/nokogiri-1.6.1/ports/x86_64-apple-darwin13.0.0/libxslt/1.1.26"'  conftest.c -o conftest.i"
checked program was:
/* begin */
1: #include "ruby.h"
2: 
3: #include <libxslt/xslt.h>
/* end */

--------------------

find_header: checking for libexslt/exslt.h... -------------------- yes

"/usr/local/opt/gcc46/bin/gcc-4.6 -E -I/Users/padilla/.rvm/rubies/ruby-1.9.3-p545/include/ruby-1.9.1/x86_64-darwin13.1.0 -I/Users/padilla/.rvm/rubies/ruby-1.9.3-p545/include/ruby-1.9.1/ruby/backward -I/Users/padilla/.rvm/rubies/ruby-1.9.3-p545/include/ruby-1.9.1 -I. -I/Users/padilla/DropBox/Private/TheDevelopmentBox/thepista/httparty/ruby/1.9.1/gems/nokogiri-1.6.1/ports/x86_64-apple-darwin13.0.0/libxml2/2.8.0/include/libxml2 -I/Users/padilla/DropBox/Private/TheDevelopmentBox/thepista/httparty/ruby/1.9.1/gems/nokogiri-1.6.1/ports/x86_64-apple-darwin13.0.0/libxml2/2.8.0/include -I/Users/padilla/DropBox/Private/TheDevelopmentBox/thepista/httparty/ruby/1.9.1/gems/nokogiri-1.6.1/ports/x86_64-apple-darwin13.0.0/libxslt/1.1.26/include -D_XOPEN_SOURCE -D_DARWIN_C_SOURCE   -I/usr/local/opt/libyaml/include -I/usr/local/opt/readline/include -I/usr/local/opt/libksba/include -I/usr/local/opt/openssl/include  -O3 -ggdb -Wall -Wextra -Wno-unused-parameter -Wno-parentheses -Wno-long-long -Wno-missing-field-initializers -Wpointer-arith -Wwrite-strings -Wdeclaration-after-statement -Wimplicit-function-declaration  -fno-common -pipe  -g -DXP_UNIX -O3 -Wall -Wcast-qual -Wwrite-strings -Wconversion -Wmissing-noreturn -Winline -DNOKOGIRI_USE_PACKAGED_LIBRARIES -DNOKOGIRI_LIBXML2_PATH='"/Users/padilla/DropBox/Private/TheDevelopmentBox/thepista/httparty/ruby/1.9.1/gems/nokogiri-1.6.1/ports/x86_64-apple-darwin13.0.0/libxml2/2.8.0"' -DNOKOGIRI_LIBXSLT_PATH='"/Users/padilla/DropBox/Private/TheDevelopmentBox/thepista/httparty/ruby/1.9.1/gems/nokogiri-1.6.1/ports/x86_64-apple-darwin13.0.0/libxslt/1.1.26"'  conftest.c -o conftest.i"
checked program was:
/* begin */
1: #include "ruby.h"
2: 
3: #include <libexslt/exslt.h>
/* end */

--------------------

have_func: checking for iconv_open() in iconv.h... -------------------- no

"/usr/local/opt/gcc46/bin/gcc-4.6 -o conftest -I/Users/padilla/.rvm/rubies/ruby-1.9.3-p545/include/ruby-1.9.1/x86_64-darwin13.1.0 -I/Users/padilla/.rvm/rubies/ruby-1.9.3-p545/include/ruby-1.9.1/ruby/backward -I/Users/padilla/.rvm/rubies/ruby-1.9.3-p545/include/ruby-1.9.1 -I. -I/Users/padilla/DropBox/Private/TheDevelopmentBox/thepista/httparty/ruby/1.9.1/gems/nokogiri-1.6.1/ports/x86_64-apple-darwin13.0.0/libxml2/2.8.0/include/libxml2 -I/Users/padilla/DropBox/Private/TheDevelopmentBox/thepista/httparty/ruby/1.9.1/gems/nokogiri-1.6.1/ports/x86_64-apple-darwin13.0.0/libxml2/2.8.0/include -I/Users/padilla/DropBox/Private/TheDevelopmentBox/thepista/httparty/ruby/1.9.1/gems/nokogiri-1.6.1/ports/x86_64-apple-darwin13.0.0/libxslt/1.1.26/include -D_XOPEN_SOURCE -D_DARWIN_C_SOURCE   -I/usr/local/opt/libyaml/include -I/usr/local/opt/readline/include -I/usr/local/opt/libksba/include -I/usr/local/opt/openssl/include  -O3 -ggdb -Wall -Wextra -Wno-unused-parameter -Wno-parentheses -Wno-long-long -Wno-missing-field-initializers -Wpointer-arith -Wwrite-strings -Wdeclaration-after-statement -Wimplicit-function-declaration  -fno-common -pipe  -g -DXP_UNIX -O3 -Wall -Wcast-qual -Wwrite-strings -Wconversion -Wmissing-noreturn -Winline -DNOKOGIRI_USE_PACKAGED_LIBRARIES -DNOKOGIRI_LIBXML2_PATH='"/Users/padilla/DropBox/Private/TheDevelopmentBox/thepista/httparty/ruby/1.9.1/gems/nokogiri-1.6.1/ports/x86_64-apple-darwin13.0.0/libxml2/2.8.0"' -DNOKOGIRI_LIBXSLT_PATH='"/Users/padilla/DropBox/Private/TheDevelopmentBox/thepista/httparty/ruby/1.9.1/gems/nokogiri-1.6.1/ports/x86_64-apple-darwin13.0.0/libxslt/1.1.26"' conftest.c  -L. -L/Users/padilla/.rvm/rubies/ruby-1.9.3-p545/lib -L/Users/padilla/DropBox/Private/TheDevelopmentBox/thepista/httparty/ruby/1.9.1/gems/nokogiri-1.6.1/ports/x86_64-apple-darwin13.0.0/libxml2/2.8.0/lib -L/Users/padilla/DropBox/Private/TheDevelopmentBox/thepista/httparty/ruby/1.9.1/gems/nokogiri-1.6.1/ports/x86_64-apple-darwin13.0.0/libxslt/1.1.26/lib -L/usr/local/opt/libyaml/lib -L/usr/local/opt/readline/lib -L/usr/local/opt/libksba/lib -L/usr/local/opt/openssl/lib -L.  -L/usr/local/opt/libyaml/lib -L/usr/local/opt/readline/lib -L/usr/local/opt/libksba/lib -L/usr/local/opt/openssl/lib  -Wl,-rpath,/Users/padilla/DropBox/Private/TheDevelopmentBox/thepista/httparty/ruby/1.9.1/gems/nokogiri-1.6.1/ports/x86_64-apple-darwin13.0.0/libxml2/2.8.0/lib -Wl,-rpath,/Users/padilla/DropBox/Private/TheDevelopmentBox/thepista/httparty/ruby/1.9.1/gems/nokogiri-1.6.1/ports/x86_64-apple-darwin13.0.0/libxslt/1.1.26/lib     -lruby.1.9.1  -lpthread -ldl -lobjc  "
conftest.c: In function 't':
conftest.c:6:28: warning: variable 'p' set but not used [-Wunused-but-set-variable]
Undefined symbols for architecture x86_64:
  "_iconv_open", referenced from:
      _t in ccL8TmMy.o
ld: symbol(s) not found for architecture x86_64
collect2: ld returned 1 exit status
checked program was:
/* begin */
 1: #include "ruby.h"
 2: 
 3: #include <iconv.h>
 4: 
 5: /*top*/
 6: int t() { void ((*volatile p)()); p = (void ((*)()))iconv_open; return 0; }
 7: int main(int argc, char **argv)
 8: {
 9:   if (argc > 1000000) {
10:     printf("%p", &t);
11:   }
12: 
13:   return 0;
14: }
/* end */

"/usr/local/opt/gcc46/bin/gcc-4.6 -o conftest -I/Users/padilla/.rvm/rubies/ruby-1.9.3-p545/include/ruby-1.9.1/x86_64-darwin13.1.0 -I/Users/padilla/.rvm/rubies/ruby-1.9.3-p545/include/ruby-1.9.1/ruby/backward -I/Users/padilla/.rvm/rubies/ruby-1.9.3-p545/include/ruby-1.9.1 -I. -I/Users/padilla/DropBox/Private/TheDevelopmentBox/thepista/httparty/ruby/1.9.1/gems/nokogiri-1.6.1/ports/x86_64-apple-darwin13.0.0/libxml2/2.8.0/include/libxml2 -I/Users/padilla/DropBox/Private/TheDevelopmentBox/thepista/httparty/ruby/1.9.1/gems/nokogiri-1.6.1/ports/x86_64-apple-darwin13.0.0/libxml2/2.8.0/include -I/Users/padilla/DropBox/Private/TheDevelopmentBox/thepista/httparty/ruby/1.9.1/gems/nokogiri-1.6.1/ports/x86_64-apple-darwin13.0.0/libxslt/1.1.26/include -D_XOPEN_SOURCE -D_DARWIN_C_SOURCE   -I/usr/local/opt/libyaml/include -I/usr/local/opt/readline/include -I/usr/local/opt/libksba/include -I/usr/local/opt/openssl/include  -O3 -ggdb -Wall -Wextra -Wno-unused-parameter -Wno-parentheses -Wno-long-long -Wno-missing-field-initializers -Wpointer-arith -Wwrite-strings -Wdeclaration-after-statement -Wimplicit-function-declaration  -fno-common -pipe  -g -DXP_UNIX -O3 -Wall -Wcast-qual -Wwrite-strings -Wconversion -Wmissing-noreturn -Winline -DNOKOGIRI_USE_PACKAGED_LIBRARIES -DNOKOGIRI_LIBXML2_PATH='"/Users/padilla/DropBox/Private/TheDevelopmentBox/thepista/httparty/ruby/1.9.1/gems/nokogiri-1.6.1/ports/x86_64-apple-darwin13.0.0/libxml2/2.8.0"' -DNOKOGIRI_LIBXSLT_PATH='"/Users/padilla/DropBox/Private/TheDevelopmentBox/thepista/httparty/ruby/1.9.1/gems/nokogiri-1.6.1/ports/x86_64-apple-darwin13.0.0/libxslt/1.1.26"' conftest.c  -L. -L/Users/padilla/.rvm/rubies/ruby-1.9.3-p545/lib -L/Users/padilla/DropBox/Private/TheDevelopmentBox/thepista/httparty/ruby/1.9.1/gems/nokogiri-1.6.1/ports/x86_64-apple-darwin13.0.0/libxml2/2.8.0/lib -L/Users/padilla/DropBox/Private/TheDevelopmentBox/thepista/httparty/ruby/1.9.1/gems/nokogiri-1.6.1/ports/x86_64-apple-darwin13.0.0/libxslt/1.1.26/lib -L/usr/local/opt/libyaml/lib -L/usr/local/opt/readline/lib -L/usr/local/opt/libksba/lib -L/usr/local/opt/openssl/lib -L.  -L/usr/local/opt/libyaml/lib -L/usr/local/opt/readline/lib -L/usr/local/opt/libksba/lib -L/usr/local/opt/openssl/lib  -Wl,-rpath,/Users/padilla/DropBox/Private/TheDevelopmentBox/thepista/httparty/ruby/1.9.1/gems/nokogiri-1.6.1/ports/x86_64-apple-darwin13.0.0/libxml2/2.8.0/lib -Wl,-rpath,/Users/padilla/DropBox/Private/TheDevelopmentBox/thepista/httparty/ruby/1.9.1/gems/nokogiri-1.6.1/ports/x86_64-apple-darwin13.0.0/libxslt/1.1.26/lib     -lruby.1.9.1  -lpthread -ldl -lobjc  "
conftest.c: In function 't':
conftest.c:6:1: error: too few arguments to function 'iconv_open'
/usr/include/iconv.h:62:9: note: declared here
checked program was:
/* begin */
 1: #include "ruby.h"
 2: 
 3: #include <iconv.h>
 4: 
 5: /*top*/
 6: int t() { iconv_open(); return 0; }
 7: int main(int argc, char **argv)
 8: {
 9:   if (argc > 1000000) {
10:     printf("%p", &t);
11:   }
12: 
13:   return 0;
14: }
/* end */

--------------------

have_library: checking for iconv_open() in -liconv... -------------------- yes

"/usr/local/opt/gcc46/bin/gcc-4.6 -o conftest -I/Users/padilla/.rvm/rubies/ruby-1.9.3-p545/include/ruby-1.9.1/x86_64-darwin13.1.0 -I/Users/padilla/.rvm/rubies/ruby-1.9.3-p545/include/ruby-1.9.1/ruby/backward -I/Users/padilla/.rvm/rubies/ruby-1.9.3-p545/include/ruby-1.9.1 -I. -I/Users/padilla/DropBox/Private/TheDevelopmentBox/thepista/httparty/ruby/1.9.1/gems/nokogiri-1.6.1/ports/x86_64-apple-darwin13.0.0/libxml2/2.8.0/include/libxml2 -I/Users/padilla/DropBox/Private/TheDevelopmentBox/thepista/httparty/ruby/1.9.1/gems/nokogiri-1.6.1/ports/x86_64-apple-darwin13.0.0/libxml2/2.8.0/include -I/Users/padilla/DropBox/Private/TheDevelopmentBox/thepista/httparty/ruby/1.9.1/gems/nokogiri-1.6.1/ports/x86_64-apple-darwin13.0.0/libxslt/1.1.26/include -D_XOPEN_SOURCE -D_DARWIN_C_SOURCE   -I/usr/local/opt/libyaml/include -I/usr/local/opt/readline/include -I/usr/local/opt/libksba/include -I/usr/local/opt/openssl/include  -O3 -ggdb -Wall -Wextra -Wno-unused-parameter -Wno-parentheses -Wno-long-long -Wno-missing-field-initializers -Wpointer-arith -Wwrite-strings -Wdeclaration-after-statement -Wimplicit-function-declaration  -fno-common -pipe  -g -DXP_UNIX -O3 -Wall -Wcast-qual -Wwrite-strings -Wconversion -Wmissing-noreturn -Winline -DNOKOGIRI_USE_PACKAGED_LIBRARIES -DNOKOGIRI_LIBXML2_PATH='"/Users/padilla/DropBox/Private/TheDevelopmentBox/thepista/httparty/ruby/1.9.1/gems/nokogiri-1.6.1/ports/x86_64-apple-darwin13.0.0/libxml2/2.8.0"' -DNOKOGIRI_LIBXSLT_PATH='"/Users/padilla/DropBox/Private/TheDevelopmentBox/thepista/httparty/ruby/1.9.1/gems/nokogiri-1.6.1/ports/x86_64-apple-darwin13.0.0/libxslt/1.1.26"' conftest.c  -L. -L/Users/padilla/.rvm/rubies/ruby-1.9.3-p545/lib -L/Users/padilla/DropBox/Private/TheDevelopmentBox/thepista/httparty/ruby/1.9.1/gems/nokogiri-1.6.1/ports/x86_64-apple-darwin13.0.0/libxml2/2.8.0/lib -L/Users/padilla/DropBox/Private/TheDevelopmentBox/thepista/httparty/ruby/1.9.1/gems/nokogiri-1.6.1/ports/x86_64-apple-darwin13.0.0/libxslt/1.1.26/lib -L/usr/local/opt/libyaml/lib -L/usr/local/opt/readline/lib -L/usr/local/opt/libksba/lib -L/usr/local/opt/openssl/lib -L.  -L/usr/local/opt/libyaml/lib -L/usr/local/opt/readline/lib -L/usr/local/opt/libksba/lib -L/usr/local/opt/openssl/lib  -Wl,-rpath,/Users/padilla/DropBox/Private/TheDevelopmentBox/thepista/httparty/ruby/1.9.1/gems/nokogiri-1.6.1/ports/x86_64-apple-darwin13.0.0/libxml2/2.8.0/lib -Wl,-rpath,/Users/padilla/DropBox/Private/TheDevelopmentBox/thepista/httparty/ruby/1.9.1/gems/nokogiri-1.6.1/ports/x86_64-apple-darwin13.0.0/libxslt/1.1.26/lib     -lruby.1.9.1 -liconv  -lpthread -ldl -lobjc  "
conftest.c: In function 't':
conftest.c:6:28: warning: variable 'p' set but not used [-Wunused-but-set-variable]
checked program was:
/* begin */
 1: #include "ruby.h"
 2: 
 3: #include <iconv.h>
 4: 
 5: /*top*/
 6: int t() { void ((*volatile p)()); p = (void ((*)()))iconv_open; return 0; }
 7: int main(int argc, char **argv)
 8: {
 9:   if (argc > 1000000) {
10:     printf("%p", &t);
11:   }
12: 
13:   return 0;
14: }
/* end */

--------------------

find_library: checking for xmlParseDoc() in -lxml2... -------------------- yes

"/usr/local/opt/gcc46/bin/gcc-4.6 -o conftest -I/Users/padilla/.rvm/rubies/ruby-1.9.3-p545/include/ruby-1.9.1/x86_64-darwin13.1.0 -I/Users/padilla/.rvm/rubies/ruby-1.9.3-p545/include/ruby-1.9.1/ruby/backward -I/Users/padilla/.rvm/rubies/ruby-1.9.3-p545/include/ruby-1.9.1 -I. -I/Users/padilla/DropBox/Private/TheDevelopmentBox/thepista/httparty/ruby/1.9.1/gems/nokogiri-1.6.1/ports/x86_64-apple-darwin13.0.0/libxml2/2.8.0/include/libxml2 -I/Users/padilla/DropBox/Private/TheDevelopmentBox/thepista/httparty/ruby/1.9.1/gems/nokogiri-1.6.1/ports/x86_64-apple-darwin13.0.0/libxml2/2.8.0/include -I/Users/padilla/DropBox/Private/TheDevelopmentBox/thepista/httparty/ruby/1.9.1/gems/nokogiri-1.6.1/ports/x86_64-apple-darwin13.0.0/libxslt/1.1.26/include -D_XOPEN_SOURCE -D_DARWIN_C_SOURCE   -I/usr/local/opt/libyaml/include -I/usr/local/opt/readline/include -I/usr/local/opt/libksba/include -I/usr/local/opt/openssl/include  -O3 -ggdb -Wall -Wextra -Wno-unused-parameter -Wno-parentheses -Wno-long-long -Wno-missing-field-initializers -Wpointer-arith -Wwrite-strings -Wdeclaration-after-statement -Wimplicit-function-declaration  -fno-common -pipe  -g -DXP_UNIX -O3 -Wall -Wcast-qual -Wwrite-strings -Wconversion -Wmissing-noreturn -Winline -DNOKOGIRI_USE_PACKAGED_LIBRARIES -DNOKOGIRI_LIBXML2_PATH='"/Users/padilla/DropBox/Private/TheDevelopmentBox/thepista/httparty/ruby/1.9.1/gems/nokogiri-1.6.1/ports/x86_64-apple-darwin13.0.0/libxml2/2.8.0"' -DNOKOGIRI_LIBXSLT_PATH='"/Users/padilla/DropBox/Private/TheDevelopmentBox/thepista/httparty/ruby/1.9.1/gems/nokogiri-1.6.1/ports/x86_64-apple-darwin13.0.0/libxslt/1.1.26"' conftest.c  -L. -L/Users/padilla/.rvm/rubies/ruby-1.9.3-p545/lib -L/Users/padilla/DropBox/Private/TheDevelopmentBox/thepista/httparty/ruby/1.9.1/gems/nokogiri-1.6.1/ports/x86_64-apple-darwin13.0.0/libxml2/2.8.0/lib -L/Users/padilla/DropBox/Private/TheDevelopmentBox/thepista/httparty/ruby/1.9.1/gems/nokogiri-1.6.1/ports/x86_64-apple-darwin13.0.0/libxslt/1.1.26/lib -L/usr/local/opt/libyaml/lib -L/usr/local/opt/readline/lib -L/usr/local/opt/libksba/lib -L/usr/local/opt/openssl/lib -L.  -L/usr/local/opt/libyaml/lib -L/usr/local/opt/readline/lib -L/usr/local/opt/libksba/lib -L/usr/local/opt/openssl/lib  -Wl,-rpath,/Users/padilla/DropBox/Private/TheDevelopmentBox/thepista/httparty/ruby/1.9.1/gems/nokogiri-1.6.1/ports/x86_64-apple-darwin13.0.0/libxml2/2.8.0/lib -Wl,-rpath,/Users/padilla/DropBox/Private/TheDevelopmentBox/thepista/httparty/ruby/1.9.1/gems/nokogiri-1.6.1/ports/x86_64-apple-darwin13.0.0/libxslt/1.1.26/lib    -liconv  -lruby.1.9.1 -lxml2 -liconv  -lpthread -ldl -lobjc  "
conftest.c: In function 't':
conftest.c:4:53: error: 'xmlParseDoc' undeclared (first use in this function)
conftest.c:4:53: note: each undeclared identifier is reported only once for each function it appears in
conftest.c:4:28: warning: variable 'p' set but not used [-Wunused-but-set-variable]
checked program was:
/* begin */
 1: #include "ruby.h"
 2: 
 3: /*top*/
 4: int t() { void ((*volatile p)()); p = (void ((*)()))xmlParseDoc; return 0; }
 5: int main(int argc, char **argv)
 6: {
 7:   if (argc > 1000000) {
 8:     printf("%p", &t);
 9:   }
10: 
11:   return 0;
12: }
/* end */

"/usr/local/opt/gcc46/bin/gcc-4.6 -o conftest -I/Users/padilla/.rvm/rubies/ruby-1.9.3-p545/include/ruby-1.9.1/x86_64-darwin13.1.0 -I/Users/padilla/.rvm/rubies/ruby-1.9.3-p545/include/ruby-1.9.1/ruby/backward -I/Users/padilla/.rvm/rubies/ruby-1.9.3-p545/include/ruby-1.9.1 -I. -I/Users/padilla/DropBox/Private/TheDevelopmentBox/thepista/httparty/ruby/1.9.1/gems/nokogiri-1.6.1/ports/x86_64-apple-darwin13.0.0/libxml2/2.8.0/include/libxml2 -I/Users/padilla/DropBox/Private/TheDevelopmentBox/thepista/httparty/ruby/1.9.1/gems/nokogiri-1.6.1/ports/x86_64-apple-darwin13.0.0/libxml2/2.8.0/include -I/Users/padilla/DropBox/Private/TheDevelopmentBox/thepista/httparty/ruby/1.9.1/gems/nokogiri-1.6.1/ports/x86_64-apple-darwin13.0.0/libxslt/1.1.26/include -D_XOPEN_SOURCE -D_DARWIN_C_SOURCE   -I/usr/local/opt/libyaml/include -I/usr/local/opt/readline/include -I/usr/local/opt/libksba/include -I/usr/local/opt/openssl/include  -O3 -ggdb -Wall -Wextra -Wno-unused-parameter -Wno-parentheses -Wno-long-long -Wno-missing-field-initializers -Wpointer-arith -Wwrite-strings -Wdeclaration-after-statement -Wimplicit-function-declaration  -fno-common -pipe  -g -DXP_UNIX -O3 -Wall -Wcast-qual -Wwrite-strings -Wconversion -Wmissing-noreturn -Winline -DNOKOGIRI_USE_PACKAGED_LIBRARIES -DNOKOGIRI_LIBXML2_PATH='"/Users/padilla/DropBox/Private/TheDevelopmentBox/thepista/httparty/ruby/1.9.1/gems/nokogiri-1.6.1/ports/x86_64-apple-darwin13.0.0/libxml2/2.8.0"' -DNOKOGIRI_LIBXSLT_PATH='"/Users/padilla/DropBox/Private/TheDevelopmentBox/thepista/httparty/ruby/1.9.1/gems/nokogiri-1.6.1/ports/x86_64-apple-darwin13.0.0/libxslt/1.1.26"' conftest.c  -L. -L/Users/padilla/.rvm/rubies/ruby-1.9.3-p545/lib -L/Users/padilla/DropBox/Private/TheDevelopmentBox/thepista/httparty/ruby/1.9.1/gems/nokogiri-1.6.1/ports/x86_64-apple-darwin13.0.0/libxml2/2.8.0/lib -L/Users/padilla/DropBox/Private/TheDevelopmentBox/thepista/httparty/ruby/1.9.1/gems/nokogiri-1.6.1/ports/x86_64-apple-darwin13.0.0/libxslt/1.1.26/lib -L/usr/local/opt/libyaml/lib -L/usr/local/opt/readline/lib -L/usr/local/opt/libksba/lib -L/usr/local/opt/openssl/lib -L.  -L/usr/local/opt/libyaml/lib -L/usr/local/opt/readline/lib -L/usr/local/opt/libksba/lib -L/usr/local/opt/openssl/lib  -Wl,-rpath,/Users/padilla/DropBox/Private/TheDevelopmentBox/thepista/httparty/ruby/1.9.1/gems/nokogiri-1.6.1/ports/x86_64-apple-darwin13.0.0/libxml2/2.8.0/lib -Wl,-rpath,/Users/padilla/DropBox/Private/TheDevelopmentBox/thepista/httparty/ruby/1.9.1/gems/nokogiri-1.6.1/ports/x86_64-apple-darwin13.0.0/libxslt/1.1.26/lib    -liconv  -lruby.1.9.1 -lxml2 -liconv  -lpthread -ldl -lobjc  "
conftest.c: In function 't':
conftest.c:4:1: warning: implicit declaration of function 'xmlParseDoc' [-Wimplicit-function-declaration]
checked program was:
/* begin */
 1: #include "ruby.h"
 2: 
 3: /*top*/
 4: int t() { xmlParseDoc(); return 0; }
 5: int main(int argc, char **argv)
 6: {
 7:   if (argc > 1000000) {
 8:     printf("%p", &t);
 9:   }
10: 
11:   return 0;
12: }
/* end */

--------------------

find_library: checking for xsltParseStylesheetDoc() in -lxslt... -------------------- yes

"/usr/local/opt/gcc46/bin/gcc-4.6 -o conftest -I/Users/padilla/.rvm/rubies/ruby-1.9.3-p545/include/ruby-1.9.1/x86_64-darwin13.1.0 -I/Users/padilla/.rvm/rubies/ruby-1.9.3-p545/include/ruby-1.9.1/ruby/backward -I/Users/padilla/.rvm/rubies/ruby-1.9.3-p545/include/ruby-1.9.1 -I. -I/Users/padilla/DropBox/Private/TheDevelopmentBox/thepista/httparty/ruby/1.9.1/gems/nokogiri-1.6.1/ports/x86_64-apple-darwin13.0.0/libxml2/2.8.0/include/libxml2 -I/Users/padilla/DropBox/Private/TheDevelopmentBox/thepista/httparty/ruby/1.9.1/gems/nokogiri-1.6.1/ports/x86_64-apple-darwin13.0.0/libxml2/2.8.0/include -I/Users/padilla/DropBox/Private/TheDevelopmentBox/thepista/httparty/ruby/1.9.1/gems/nokogiri-1.6.1/ports/x86_64-apple-darwin13.0.0/libxslt/1.1.26/include -D_XOPEN_SOURCE -D_DARWIN_C_SOURCE   -I/usr/local/opt/libyaml/include -I/usr/local/opt/readline/include -I/usr/local/opt/libksba/include -I/usr/local/opt/openssl/include  -O3 -ggdb -Wall -Wextra -Wno-unused-parameter -Wno-parentheses -Wno-long-long -Wno-missing-field-initializers -Wpointer-arith -Wwrite-strings -Wdeclaration-after-statement -Wimplicit-function-declaration  -fno-common -pipe  -g -DXP_UNIX -O3 -Wall -Wcast-qual -Wwrite-strings -Wconversion -Wmissing-noreturn -Winline -DNOKOGIRI_USE_PACKAGED_LIBRARIES -DNOKOGIRI_LIBXML2_PATH='"/Users/padilla/DropBox/Private/TheDevelopmentBox/thepista/httparty/ruby/1.9.1/gems/nokogiri-1.6.1/ports/x86_64-apple-darwin13.0.0/libxml2/2.8.0"' -DNOKOGIRI_LIBXSLT_PATH='"/Users/padilla/DropBox/Private/TheDevelopmentBox/thepista/httparty/ruby/1.9.1/gems/nokogiri-1.6.1/ports/x86_64-apple-darwin13.0.0/libxslt/1.1.26"' conftest.c  -L. -L/Users/padilla/.rvm/rubies/ruby-1.9.3-p545/lib -L/Users/padilla/DropBox/Private/TheDevelopmentBox/thepista/httparty/ruby/1.9.1/gems/nokogiri-1.6.1/ports/x86_64-apple-darwin13.0.0/libxml2/2.8.0/lib -L/Users/padilla/DropBox/Private/TheDevelopmentBox/thepista/httparty/ruby/1.9.1/gems/nokogiri-1.6.1/ports/x86_64-apple-darwin13.0.0/libxslt/1.1.26/lib -L/usr/local/opt/libyaml/lib -L/usr/local/opt/readline/lib -L/usr/local/opt/libksba/lib -L/usr/local/opt/openssl/lib -L.  -L/usr/local/opt/libyaml/lib -L/usr/local/opt/readline/lib -L/usr/local/opt/libksba/lib -L/usr/local/opt/openssl/lib  -Wl,-rpath,/Users/padilla/DropBox/Private/TheDevelopmentBox/thepista/httparty/ruby/1.9.1/gems/nokogiri-1.6.1/ports/x86_64-apple-darwin13.0.0/libxml2/2.8.0/lib -Wl,-rpath,/Users/padilla/DropBox/Private/TheDevelopmentBox/thepista/httparty/ruby/1.9.1/gems/nokogiri-1.6.1/ports/x86_64-apple-darwin13.0.0/libxslt/1.1.26/lib    -lxml2 -liconv  -lruby.1.9.1 -lxslt -lxml2 -liconv  -lpthread -ldl -lobjc  "
conftest.c: In function 't':
conftest.c:4:53: error: 'xsltParseStylesheetDoc' undeclared (first use in this function)
conftest.c:4:53: note: each undeclared identifier is reported only once for each function it appears in
conftest.c:4:28: warning: variable 'p' set but not used [-Wunused-but-set-variable]
checked program was:
/* begin */
 1: #include "ruby.h"
 2: 
 3: /*top*/
 4: int t() { void ((*volatile p)()); p = (void ((*)()))xsltParseStylesheetDoc; return 0; }
 5: int main(int argc, char **argv)
 6: {
 7:   if (argc > 1000000) {
 8:     printf("%p", &t);
 9:   }
10: 
11:   return 0;
12: }
/* end */

"/usr/local/opt/gcc46/bin/gcc-4.6 -o conftest -I/Users/padilla/.rvm/rubies/ruby-1.9.3-p545/include/ruby-1.9.1/x86_64-darwin13.1.0 -I/Users/padilla/.rvm/rubies/ruby-1.9.3-p545/include/ruby-1.9.1/ruby/backward -I/Users/padilla/.rvm/rubies/ruby-1.9.3-p545/include/ruby-1.9.1 -I. -I/Users/padilla/DropBox/Private/TheDevelopmentBox/thepista/httparty/ruby/1.9.1/gems/nokogiri-1.6.1/ports/x86_64-apple-darwin13.0.0/libxml2/2.8.0/include/libxml2 -I/Users/padilla/DropBox/Private/TheDevelopmentBox/thepista/httparty/ruby/1.9.1/gems/nokogiri-1.6.1/ports/x86_64-apple-darwin13.0.0/libxml2/2.8.0/include -I/Users/padilla/DropBox/Private/TheDevelopmentBox/thepista/httparty/ruby/1.9.1/gems/nokogiri-1.6.1/ports/x86_64-apple-darwin13.0.0/libxslt/1.1.26/include -D_XOPEN_SOURCE -D_DARWIN_C_SOURCE   -I/usr/local/opt/libyaml/include -I/usr/local/opt/readline/include -I/usr/local/opt/libksba/include -I/usr/local/opt/openssl/include  -O3 -ggdb -Wall -Wextra -Wno-unused-parameter -Wno-parentheses -Wno-long-long -Wno-missing-field-initializers -Wpointer-arith -Wwrite-strings -Wdeclaration-after-statement -Wimplicit-function-declaration  -fno-common -pipe  -g -DXP_UNIX -O3 -Wall -Wcast-qual -Wwrite-strings -Wconversion -Wmissing-noreturn -Winline -DNOKOGIRI_USE_PACKAGED_LIBRARIES -DNOKOGIRI_LIBXML2_PATH='"/Users/padilla/DropBox/Private/TheDevelopmentBox/thepista/httparty/ruby/1.9.1/gems/nokogiri-1.6.1/ports/x86_64-apple-darwin13.0.0/libxml2/2.8.0"' -DNOKOGIRI_LIBXSLT_PATH='"/Users/padilla/DropBox/Private/TheDevelopmentBox/thepista/httparty/ruby/1.9.1/gems/nokogiri-1.6.1/ports/x86_64-apple-darwin13.0.0/libxslt/1.1.26"' conftest.c  -L. -L/Users/padilla/.rvm/rubies/ruby-1.9.3-p545/lib -L/Users/padilla/DropBox/Private/TheDevelopmentBox/thepista/httparty/ruby/1.9.1/gems/nokogiri-1.6.1/ports/x86_64-apple-darwin13.0.0/libxml2/2.8.0/lib -L/Users/padilla/DropBox/Private/TheDevelopmentBox/thepista/httparty/ruby/1.9.1/gems/nokogiri-1.6.1/ports/x86_64-apple-darwin13.0.0/libxslt/1.1.26/lib -L/usr/local/opt/libyaml/lib -L/usr/local/opt/readline/lib -L/usr/local/opt/libksba/lib -L/usr/local/opt/openssl/lib -L.  -L/usr/local/opt/libyaml/lib -L/usr/local/opt/readline/lib -L/usr/local/opt/libksba/lib -L/usr/local/opt/openssl/lib  -Wl,-rpath,/Users/padilla/DropBox/Private/TheDevelopmentBox/thepista/httparty/ruby/1.9.1/gems/nokogiri-1.6.1/ports/x86_64-apple-darwin13.0.0/libxml2/2.8.0/lib -Wl,-rpath,/Users/padilla/DropBox/Private/TheDevelopmentBox/thepista/httparty/ruby/1.9.1/gems/nokogiri-1.6.1/ports/x86_64-apple-darwin13.0.0/libxslt/1.1.26/lib    -lxml2 -liconv  -lruby.1.9.1 -lxslt -lxml2 -liconv  -lpthread -ldl -lobjc  "
conftest.c: In function 't':
conftest.c:4:1: warning: implicit declaration of function 'xsltParseStylesheetDoc' [-Wimplicit-function-declaration]
checked program was:
/* begin */
 1: #include "ruby.h"
 2: 
 3: /*top*/
 4: int t() { xsltParseStylesheetDoc(); return 0; }
 5: int main(int argc, char **argv)
 6: {
 7:   if (argc > 1000000) {
 8:     printf("%p", &t);
 9:   }
10: 
11:   return 0;
12: }
/* end */

--------------------

find_library: checking for exsltFuncRegister() in -lexslt... -------------------- yes

"/usr/local/opt/gcc46/bin/gcc-4.6 -o conftest -I/Users/padilla/.rvm/rubies/ruby-1.9.3-p545/include/ruby-1.9.1/x86_64-darwin13.1.0 -I/Users/padilla/.rvm/rubies/ruby-1.9.3-p545/include/ruby-1.9.1/ruby/backward -I/Users/padilla/.rvm/rubies/ruby-1.9.3-p545/include/ruby-1.9.1 -I. -I/Users/padilla/DropBox/Private/TheDevelopmentBox/thepista/httparty/ruby/1.9.1/gems/nokogiri-1.6.1/ports/x86_64-apple-darwin13.0.0/libxml2/2.8.0/include/libxml2 -I/Users/padilla/DropBox/Private/TheDevelopmentBox/thepista/httparty/ruby/1.9.1/gems/nokogiri-1.6.1/ports/x86_64-apple-darwin13.0.0/libxml2/2.8.0/include -I/Users/padilla/DropBox/Private/TheDevelopmentBox/thepista/httparty/ruby/1.9.1/gems/nokogiri-1.6.1/ports/x86_64-apple-darwin13.0.0/libxslt/1.1.26/include -D_XOPEN_SOURCE -D_DARWIN_C_SOURCE   -I/usr/local/opt/libyaml/include -I/usr/local/opt/readline/include -I/usr/local/opt/libksba/include -I/usr/local/opt/openssl/include  -O3 -ggdb -Wall -Wextra -Wno-unused-parameter -Wno-parentheses -Wno-long-long -Wno-missing-field-initializers -Wpointer-arith -Wwrite-strings -Wdeclaration-after-statement -Wimplicit-function-declaration  -fno-common -pipe  -g -DXP_UNIX -O3 -Wall -Wcast-qual -Wwrite-strings -Wconversion -Wmissing-noreturn -Winline -DNOKOGIRI_USE_PACKAGED_LIBRARIES -DNOKOGIRI_LIBXML2_PATH='"/Users/padilla/DropBox/Private/TheDevelopmentBox/thepista/httparty/ruby/1.9.1/gems/nokogiri-1.6.1/ports/x86_64-apple-darwin13.0.0/libxml2/2.8.0"' -DNOKOGIRI_LIBXSLT_PATH='"/Users/padilla/DropBox/Private/TheDevelopmentBox/thepista/httparty/ruby/1.9.1/gems/nokogiri-1.6.1/ports/x86_64-apple-darwin13.0.0/libxslt/1.1.26"' conftest.c  -L. -L/Users/padilla/.rvm/rubies/ruby-1.9.3-p545/lib -L/Users/padilla/DropBox/Private/TheDevelopmentBox/thepista/httparty/ruby/1.9.1/gems/nokogiri-1.6.1/ports/x86_64-apple-darwin13.0.0/libxml2/2.8.0/lib -L/Users/padilla/DropBox/Private/TheDevelopmentBox/thepista/httparty/ruby/1.9.1/gems/nokogiri-1.6.1/ports/x86_64-apple-darwin13.0.0/libxslt/1.1.26/lib -L/usr/local/opt/libyaml/lib -L/usr/local/opt/readline/lib -L/usr/local/opt/libksba/lib -L/usr/local/opt/openssl/lib -L.  -L/usr/local/opt/libyaml/lib -L/usr/local/opt/readline/lib -L/usr/local/opt/libksba/lib -L/usr/local/opt/openssl/lib  -Wl,-rpath,/Users/padilla/DropBox/Private/TheDevelopmentBox/thepista/httparty/ruby/1.9.1/gems/nokogiri-1.6.1/ports/x86_64-apple-darwin13.0.0/libxml2/2.8.0/lib -Wl,-rpath,/Users/padilla/DropBox/Private/TheDevelopmentBox/thepista/httparty/ruby/1.9.1/gems/nokogiri-1.6.1/ports/x86_64-apple-darwin13.0.0/libxslt/1.1.26/lib    -lxslt -lxml2 -liconv  -lruby.1.9.1 -lexslt -lxslt -lxml2 -liconv  -lpthread -ldl -lobjc  "
conftest.c: In function 't':
conftest.c:4:53: error: 'exsltFuncRegister' undeclared (first use in this function)
conftest.c:4:53: note: each undeclared identifier is reported only once for each function it appears in
conftest.c:4:28: warning: variable 'p' set but not used [-Wunused-but-set-variable]
checked program was:
/* begin */
 1: #include "ruby.h"
 2: 
 3: /*top*/
 4: int t() { void ((*volatile p)()); p = (void ((*)()))exsltFuncRegister; return 0; }
 5: int main(int argc, char **argv)
 6: {
 7:   if (argc > 1000000) {
 8:     printf("%p", &t);
 9:   }
10: 
11:   return 0;
12: }
/* end */

"/usr/local/opt/gcc46/bin/gcc-4.6 -o conftest -I/Users/padilla/.rvm/rubies/ruby-1.9.3-p545/include/ruby-1.9.1/x86_64-darwin13.1.0 -I/Users/padilla/.rvm/rubies/ruby-1.9.3-p545/include/ruby-1.9.1/ruby/backward -I/Users/padilla/.rvm/rubies/ruby-1.9.3-p545/include/ruby-1.9.1 -I. -I/Users/padilla/DropBox/Private/TheDevelopmentBox/thepista/httparty/ruby/1.9.1/gems/nokogiri-1.6.1/ports/x86_64-apple-darwin13.0.0/libxml2/2.8.0/include/libxml2 -I/Users/padilla/DropBox/Private/TheDevelopmentBox/thepista/httparty/ruby/1.9.1/gems/nokogiri-1.6.1/ports/x86_64-apple-darwin13.0.0/libxml2/2.8.0/include -I/Users/padilla/DropBox/Private/TheDevelopmentBox/thepista/httparty/ruby/1.9.1/gems/nokogiri-1.6.1/ports/x86_64-apple-darwin13.0.0/libxslt/1.1.26/include -D_XOPEN_SOURCE -D_DARWIN_C_SOURCE   -I/usr/local/opt/libyaml/include -I/usr/local/opt/readline/include -I/usr/local/opt/libksba/include -I/usr/local/opt/openssl/include  -O3 -ggdb -Wall -Wextra -Wno-unused-parameter -Wno-parentheses -Wno-long-long -Wno-missing-field-initializers -Wpointer-arith -Wwrite-strings -Wdeclaration-after-statement -Wimplicit-function-declaration  -fno-common -pipe  -g -DXP_UNIX -O3 -Wall -Wcast-qual -Wwrite-strings -Wconversion -Wmissing-noreturn -Winline -DNOKOGIRI_USE_PACKAGED_LIBRARIES -DNOKOGIRI_LIBXML2_PATH='"/Users/padilla/DropBox/Private/TheDevelopmentBox/thepista/httparty/ruby/1.9.1/gems/nokogiri-1.6.1/ports/x86_64-apple-darwin13.0.0/libxml2/2.8.0"' -DNOKOGIRI_LIBXSLT_PATH='"/Users/padilla/DropBox/Private/TheDevelopmentBox/thepista/httparty/ruby/1.9.1/gems/nokogiri-1.6.1/ports/x86_64-apple-darwin13.0.0/libxslt/1.1.26"' conftest.c  -L. -L/Users/padilla/.rvm/rubies/ruby-1.9.3-p545/lib -L/Users/padilla/DropBox/Private/TheDevelopmentBox/thepista/httparty/ruby/1.9.1/gems/nokogiri-1.6.1/ports/x86_64-apple-darwin13.0.0/libxml2/2.8.0/lib -L/Users/padilla/DropBox/Private/TheDevelopmentBox/thepista/httparty/ruby/1.9.1/gems/nokogiri-1.6.1/ports/x86_64-apple-darwin13.0.0/libxslt/1.1.26/lib -L/usr/local/opt/libyaml/lib -L/usr/local/opt/readline/lib -L/usr/local/opt/libksba/lib -L/usr/local/opt/openssl/lib -L.  -L/usr/local/opt/libyaml/lib -L/usr/local/opt/readline/lib -L/usr/local/opt/libksba/lib -L/usr/local/opt/openssl/lib  -Wl,-rpath,/Users/padilla/DropBox/Private/TheDevelopmentBox/thepista/httparty/ruby/1.9.1/gems/nokogiri-1.6.1/ports/x86_64-apple-darwin13.0.0/libxml2/2.8.0/lib -Wl,-rpath,/Users/padilla/DropBox/Private/TheDevelopmentBox/thepista/httparty/ruby/1.9.1/gems/nokogiri-1.6.1/ports/x86_64-apple-darwin13.0.0/libxslt/1.1.26/lib    -lxslt -lxml2 -liconv  -lruby.1.9.1 -lexslt -lxslt -lxml2 -liconv  -lpthread -ldl -lobjc  "
conftest.c: In function 't':
conftest.c:4:1: warning: implicit declaration of function 'exsltFuncRegister' [-Wimplicit-function-declaration]
checked program was:
/* begin */
 1: #include "ruby.h"
 2: 
 3: /*top*/
 4: int t() { exsltFuncRegister(); return 0; }
 5: int main(int argc, char **argv)
 6: {
 7:   if (argc > 1000000) {
 8:     printf("%p", &t);
 9:   }
10: 
11:   return 0;
12: }
/* end */

--------------------

have_func: checking for xmlHasFeature()... -------------------- yes

"/usr/local/opt/gcc46/bin/gcc-4.6 -o conftest -I/Users/padilla/.rvm/rubies/ruby-1.9.3-p545/include/ruby-1.9.1/x86_64-darwin13.1.0 -I/Users/padilla/.rvm/rubies/ruby-1.9.3-p545/include/ruby-1.9.1/ruby/backward -I/Users/padilla/.rvm/rubies/ruby-1.9.3-p545/include/ruby-1.9.1 -I. -I/Users/padilla/DropBox/Private/TheDevelopmentBox/thepista/httparty/ruby/1.9.1/gems/nokogiri-1.6.1/ports/x86_64-apple-darwin13.0.0/libxml2/2.8.0/include/libxml2 -I/Users/padilla/DropBox/Private/TheDevelopmentBox/thepista/httparty/ruby/1.9.1/gems/nokogiri-1.6.1/ports/x86_64-apple-darwin13.0.0/libxml2/2.8.0/include -I/Users/padilla/DropBox/Private/TheDevelopmentBox/thepista/httparty/ruby/1.9.1/gems/nokogiri-1.6.1/ports/x86_64-apple-darwin13.0.0/libxslt/1.1.26/include -D_XOPEN_SOURCE -D_DARWIN_C_SOURCE   -I/usr/local/opt/libyaml/include -I/usr/local/opt/readline/include -I/usr/local/opt/libksba/include -I/usr/local/opt/openssl/include  -O3 -ggdb -Wall -Wextra -Wno-unused-parameter -Wno-parentheses -Wno-long-long -Wno-missing-field-initializers -Wpointer-arith -Wwrite-strings -Wdeclaration-after-statement -Wimplicit-function-declaration  -fno-common -pipe  -g -DXP_UNIX -O3 -Wall -Wcast-qual -Wwrite-strings -Wconversion -Wmissing-noreturn -Winline -DNOKOGIRI_USE_PACKAGED_LIBRARIES -DNOKOGIRI_LIBXML2_PATH='"/Users/padilla/DropBox/Private/TheDevelopmentBox/thepista/httparty/ruby/1.9.1/gems/nokogiri-1.6.1/ports/x86_64-apple-darwin13.0.0/libxml2/2.8.0"' -DNOKOGIRI_LIBXSLT_PATH='"/Users/padilla/DropBox/Private/TheDevelopmentBox/thepista/httparty/ruby/1.9.1/gems/nokogiri-1.6.1/ports/x86_64-apple-darwin13.0.0/libxslt/1.1.26"' conftest.c  -L. -L/Users/padilla/.rvm/rubies/ruby-1.9.3-p545/lib -L/Users/padilla/DropBox/Private/TheDevelopmentBox/thepista/httparty/ruby/1.9.1/gems/nokogiri-1.6.1/ports/x86_64-apple-darwin13.0.0/libxml2/2.8.0/lib -L/Users/padilla/DropBox/Private/TheDevelopmentBox/thepista/httparty/ruby/1.9.1/gems/nokogiri-1.6.1/ports/x86_64-apple-darwin13.0.0/libxslt/1.1.26/lib -L/usr/local/opt/libyaml/lib -L/usr/local/opt/readline/lib -L/usr/local/opt/libksba/lib -L/usr/local/opt/openssl/lib -L.  -L/usr/local/opt/libyaml/lib -L/usr/local/opt/readline/lib -L/usr/local/opt/libksba/lib -L/usr/local/opt/openssl/lib  -Wl,-rpath,/Users/padilla/DropBox/Private/TheDevelopmentBox/thepista/httparty/ruby/1.9.1/gems/nokogiri-1.6.1/ports/x86_64-apple-darwin13.0.0/libxml2/2.8.0/lib -Wl,-rpath,/Users/padilla/DropBox/Private/TheDevelopmentBox/thepista/httparty/ruby/1.9.1/gems/nokogiri-1.6.1/ports/x86_64-apple-darwin13.0.0/libxslt/1.1.26/lib    -lexslt -lxslt -lxml2 -liconv  -lruby.1.9.1 -lexslt -lxslt -lxml2 -liconv  -lpthread -ldl -lobjc  "
conftest.c: In function 't':
conftest.c:4:53: error: 'xmlHasFeature' undeclared (first use in this function)
conftest.c:4:53: note: each undeclared identifier is reported only once for each function it appears in
conftest.c:4:28: warning: variable 'p' set but not used [-Wunused-but-set-variable]
checked program was:
/* begin */
 1: #include "ruby.h"
 2: 
 3: /*top*/
 4: int t() { void ((*volatile p)()); p = (void ((*)()))xmlHasFeature; return 0; }
 5: int main(int argc, char **argv)
 6: {
 7:   if (argc > 1000000) {
 8:     printf("%p", &t);
 9:   }
10: 
11:   return 0;
12: }
/* end */

"/usr/local/opt/gcc46/bin/gcc-4.6 -o conftest -I/Users/padilla/.rvm/rubies/ruby-1.9.3-p545/include/ruby-1.9.1/x86_64-darwin13.1.0 -I/Users/padilla/.rvm/rubies/ruby-1.9.3-p545/include/ruby-1.9.1/ruby/backward -I/Users/padilla/.rvm/rubies/ruby-1.9.3-p545/include/ruby-1.9.1 -I. -I/Users/padilla/DropBox/Private/TheDevelopmentBox/thepista/httparty/ruby/1.9.1/gems/nokogiri-1.6.1/ports/x86_64-apple-darwin13.0.0/libxml2/2.8.0/include/libxml2 -I/Users/padilla/DropBox/Private/TheDevelopmentBox/thepista/httparty/ruby/1.9.1/gems/nokogiri-1.6.1/ports/x86_64-apple-darwin13.0.0/libxml2/2.8.0/include -I/Users/padilla/DropBox/Private/TheDevelopmentBox/thepista/httparty/ruby/1.9.1/gems/nokogiri-1.6.1/ports/x86_64-apple-darwin13.0.0/libxslt/1.1.26/include -D_XOPEN_SOURCE -D_DARWIN_C_SOURCE   -I/usr/local/opt/libyaml/include -I/usr/local/opt/readline/include -I/usr/local/opt/libksba/include -I/usr/local/opt/openssl/include  -O3 -ggdb -Wall -Wextra -Wno-unused-parameter -Wno-parentheses -Wno-long-long -Wno-missing-field-initializers -Wpointer-arith -Wwrite-strings -Wdeclaration-after-statement -Wimplicit-function-declaration  -fno-common -pipe  -g -DXP_UNIX -O3 -Wall -Wcast-qual -Wwrite-strings -Wconversion -Wmissing-noreturn -Winline -DNOKOGIRI_USE_PACKAGED_LIBRARIES -DNOKOGIRI_LIBXML2_PATH='"/Users/padilla/DropBox/Private/TheDevelopmentBox/thepista/httparty/ruby/1.9.1/gems/nokogiri-1.6.1/ports/x86_64-apple-darwin13.0.0/libxml2/2.8.0"' -DNOKOGIRI_LIBXSLT_PATH='"/Users/padilla/DropBox/Private/TheDevelopmentBox/thepista/httparty/ruby/1.9.1/gems/nokogiri-1.6.1/ports/x86_64-apple-darwin13.0.0/libxslt/1.1.26"' conftest.c  -L. -L/Users/padilla/.rvm/rubies/ruby-1.9.3-p545/lib -L/Users/padilla/DropBox/Private/TheDevelopmentBox/thepista/httparty/ruby/1.9.1/gems/nokogiri-1.6.1/ports/x86_64-apple-darwin13.0.0/libxml2/2.8.0/lib -L/Users/padilla/DropBox/Private/TheDevelopmentBox/thepista/httparty/ruby/1.9.1/gems/nokogiri-1.6.1/ports/x86_64-apple-darwin13.0.0/libxslt/1.1.26/lib -L/usr/local/opt/libyaml/lib -L/usr/local/opt/readline/lib -L/usr/local/opt/libksba/lib -L/usr/local/opt/openssl/lib -L.  -L/usr/local/opt/libyaml/lib -L/usr/local/opt/readline/lib -L/usr/local/opt/libksba/lib -L/usr/local/opt/openssl/lib  -Wl,-rpath,/Users/padilla/DropBox/Private/TheDevelopmentBox/thepista/httparty/ruby/1.9.1/gems/nokogiri-1.6.1/ports/x86_64-apple-darwin13.0.0/libxml2/2.8.0/lib -Wl,-rpath,/Users/padilla/DropBox/Private/TheDevelopmentBox/thepista/httparty/ruby/1.9.1/gems/nokogiri-1.6.1/ports/x86_64-apple-darwin13.0.0/libxslt/1.1.26/lib    -lexslt -lxslt -lxml2 -liconv  -lruby.1.9.1 -lexslt -lxslt -lxml2 -liconv  -lpthread -ldl -lobjc  "
conftest.c: In function 't':
conftest.c:4:1: warning: implicit declaration of function 'xmlHasFeature' [-Wimplicit-function-declaration]
checked program was:
/* begin */
 1: #include "ruby.h"
 2: 
 3: /*top*/
 4: int t() { xmlHasFeature(); return 0; }
 5: int main(int argc, char **argv)
 6: {
 7:   if (argc > 1000000) {
 8:     printf("%p", &t);
 9:   }
10: 
11:   return 0;
12: }
/* end */

--------------------

have_func: checking for xmlFirstElementChild()... -------------------- yes

"/usr/local/opt/gcc46/bin/gcc-4.6 -o conftest -I/Users/padilla/.rvm/rubies/ruby-1.9.3-p545/include/ruby-1.9.1/x86_64-darwin13.1.0 -I/Users/padilla/.rvm/rubies/ruby-1.9.3-p545/include/ruby-1.9.1/ruby/backward -I/Users/padilla/.rvm/rubies/ruby-1.9.3-p545/include/ruby-1.9.1 -I. -I/Users/padilla/DropBox/Private/TheDevelopmentBox/thepista/httparty/ruby/1.9.1/gems/nokogiri-1.6.1/ports/x86_64-apple-darwin13.0.0/libxml2/2.8.0/include/libxml2 -I/Users/padilla/DropBox/Private/TheDevelopmentBox/thepista/httparty/ruby/1.9.1/gems/nokogiri-1.6.1/ports/x86_64-apple-darwin13.0.0/libxml2/2.8.0/include -I/Users/padilla/DropBox/Private/TheDevelopmentBox/thepista/httparty/ruby/1.9.1/gems/nokogiri-1.6.1/ports/x86_64-apple-darwin13.0.0/libxslt/1.1.26/include -D_XOPEN_SOURCE -D_DARWIN_C_SOURCE   -I/usr/local/opt/libyaml/include -I/usr/local/opt/readline/include -I/usr/local/opt/libksba/include -I/usr/local/opt/openssl/include  -O3 -ggdb -Wall -Wextra -Wno-unused-parameter -Wno-parentheses -Wno-long-long -Wno-missing-field-initializers -Wpointer-arith -Wwrite-strings -Wdeclaration-after-statement -Wimplicit-function-declaration  -fno-common -pipe  -g -DXP_UNIX -O3 -Wall -Wcast-qual -Wwrite-strings -Wconversion -Wmissing-noreturn -Winline -DNOKOGIRI_USE_PACKAGED_LIBRARIES -DNOKOGIRI_LIBXML2_PATH='"/Users/padilla/DropBox/Private/TheDevelopmentBox/thepista/httparty/ruby/1.9.1/gems/nokogiri-1.6.1/ports/x86_64-apple-darwin13.0.0/libxml2/2.8.0"' -DNOKOGIRI_LIBXSLT_PATH='"/Users/padilla/DropBox/Private/TheDevelopmentBox/thepista/httparty/ruby/1.9.1/gems/nokogiri-1.6.1/ports/x86_64-apple-darwin13.0.0/libxslt/1.1.26"' conftest.c  -L. -L/Users/padilla/.rvm/rubies/ruby-1.9.3-p545/lib -L/Users/padilla/DropBox/Private/TheDevelopmentBox/thepista/httparty/ruby/1.9.1/gems/nokogiri-1.6.1/ports/x86_64-apple-darwin13.0.0/libxml2/2.8.0/lib -L/Users/padilla/DropBox/Private/TheDevelopmentBox/thepista/httparty/ruby/1.9.1/gems/nokogiri-1.6.1/ports/x86_64-apple-darwin13.0.0/libxslt/1.1.26/lib -L/usr/local/opt/libyaml/lib -L/usr/local/opt/readline/lib -L/usr/local/opt/libksba/lib -L/usr/local/opt/openssl/lib -L.  -L/usr/local/opt/libyaml/lib -L/usr/local/opt/readline/lib -L/usr/local/opt/libksba/lib -L/usr/local/opt/openssl/lib  -Wl,-rpath,/Users/padilla/DropBox/Private/TheDevelopmentBox/thepista/httparty/ruby/1.9.1/gems/nokogiri-1.6.1/ports/x86_64-apple-darwin13.0.0/libxml2/2.8.0/lib -Wl,-rpath,/Users/padilla/DropBox/Private/TheDevelopmentBox/thepista/httparty/ruby/1.9.1/gems/nokogiri-1.6.1/ports/x86_64-apple-darwin13.0.0/libxslt/1.1.26/lib    -lexslt -lxslt -lxml2 -liconv  -lruby.1.9.1 -lexslt -lxslt -lxml2 -liconv  -lpthread -ldl -lobjc  "
conftest.c: In function 't':
conftest.c:4:53: error: 'xmlFirstElementChild' undeclared (first use in this function)
conftest.c:4:53: note: each undeclared identifier is reported only once for each function it appears in
conftest.c:4:28: warning: variable 'p' set but not used [-Wunused-but-set-variable]
checked program was:
/* begin */
 1: #include "ruby.h"
 2: 
 3: /*top*/
 4: int t() { void ((*volatile p)()); p = (void ((*)()))xmlFirstElementChild; return 0; }
 5: int main(int argc, char **argv)
 6: {
 7:   if (argc > 1000000) {
 8:     printf("%p", &t);
 9:   }
10: 
11:   return 0;
12: }
/* end */

"/usr/local/opt/gcc46/bin/gcc-4.6 -o conftest -I/Users/padilla/.rvm/rubies/ruby-1.9.3-p545/include/ruby-1.9.1/x86_64-darwin13.1.0 -I/Users/padilla/.rvm/rubies/ruby-1.9.3-p545/include/ruby-1.9.1/ruby/backward -I/Users/padilla/.rvm/rubies/ruby-1.9.3-p545/include/ruby-1.9.1 -I. -I/Users/padilla/DropBox/Private/TheDevelopmentBox/thepista/httparty/ruby/1.9.1/gems/nokogiri-1.6.1/ports/x86_64-apple-darwin13.0.0/libxml2/2.8.0/include/libxml2 -I/Users/padilla/DropBox/Private/TheDevelopmentBox/thepista/httparty/ruby/1.9.1/gems/nokogiri-1.6.1/ports/x86_64-apple-darwin13.0.0/libxml2/2.8.0/include -I/Users/padilla/DropBox/Private/TheDevelopmentBox/thepista/httparty/ruby/1.9.1/gems/nokogiri-1.6.1/ports/x86_64-apple-darwin13.0.0/libxslt/1.1.26/include -D_XOPEN_SOURCE -D_DARWIN_C_SOURCE   -I/usr/local/opt/libyaml/include -I/usr/local/opt/readline/include -I/usr/local/opt/libksba/include -I/usr/local/opt/openssl/include  -O3 -ggdb -Wall -Wextra -Wno-unused-parameter -Wno-parentheses -Wno-long-long -Wno-missing-field-initializers -Wpointer-arith -Wwrite-strings -Wdeclaration-after-statement -Wimplicit-function-declaration  -fno-common -pipe  -g -DXP_UNIX -O3 -Wall -Wcast-qual -Wwrite-strings -Wconversion -Wmissing-noreturn -Winline -DNOKOGIRI_USE_PACKAGED_LIBRARIES -DNOKOGIRI_LIBXML2_PATH='"/Users/padilla/DropBox/Private/TheDevelopmentBox/thepista/httparty/ruby/1.9.1/gems/nokogiri-1.6.1/ports/x86_64-apple-darwin13.0.0/libxml2/2.8.0"' -DNOKOGIRI_LIBXSLT_PATH='"/Users/padilla/DropBox/Private/TheDevelopmentBox/thepista/httparty/ruby/1.9.1/gems/nokogiri-1.6.1/ports/x86_64-apple-darwin13.0.0/libxslt/1.1.26"' conftest.c  -L. -L/Users/padilla/.rvm/rubies/ruby-1.9.3-p545/lib -L/Users/padilla/DropBox/Private/TheDevelopmentBox/thepista/httparty/ruby/1.9.1/gems/nokogiri-1.6.1/ports/x86_64-apple-darwin13.0.0/libxml2/2.8.0/lib -L/Users/padilla/DropBox/Private/TheDevelopmentBox/thepista/httparty/ruby/1.9.1/gems/nokogiri-1.6.1/ports/x86_64-apple-darwin13.0.0/libxslt/1.1.26/lib -L/usr/local/opt/libyaml/lib -L/usr/local/opt/readline/lib -L/usr/local/opt/libksba/lib -L/usr/local/opt/openssl/lib -L.  -L/usr/local/opt/libyaml/lib -L/usr/local/opt/readline/lib -L/usr/local/opt/libksba/lib -L/usr/local/opt/openssl/lib  -Wl,-rpath,/Users/padilla/DropBox/Private/TheDevelopmentBox/thepista/httparty/ruby/1.9.1/gems/nokogiri-1.6.1/ports/x86_64-apple-darwin13.0.0/libxml2/2.8.0/lib -Wl,-rpath,/Users/padilla/DropBox/Private/TheDevelopmentBox/thepista/httparty/ruby/1.9.1/gems/nokogiri-1.6.1/ports/x86_64-apple-darwin13.0.0/libxslt/1.1.26/lib    -lexslt -lxslt -lxml2 -liconv  -lruby.1.9.1 -lexslt -lxslt -lxml2 -liconv  -lpthread -ldl -lobjc  "
conftest.c: In function 't':
conftest.c:4:1: warning: implicit declaration of function 'xmlFirstElementChild' [-Wimplicit-function-declaration]
checked program was:
/* begin */
 1: #include "ruby.h"
 2: 
 3: /*top*/
 4: int t() { xmlFirstElementChild(); return 0; }
 5: int main(int argc, char **argv)
 6: {
 7:   if (argc > 1000000) {
 8:     printf("%p", &t);
 9:   }
10: 
11:   return 0;
12: }
/* end */

--------------------

have_func: checking for xmlRelaxNGSetParserStructuredErrors()... -------------------- yes

"/usr/local/opt/gcc46/bin/gcc-4.6 -o conftest -I/Users/padilla/.rvm/rubies/ruby-1.9.3-p545/include/ruby-1.9.1/x86_64-darwin13.1.0 -I/Users/padilla/.rvm/rubies/ruby-1.9.3-p545/include/ruby-1.9.1/ruby/backward -I/Users/padilla/.rvm/rubies/ruby-1.9.3-p545/include/ruby-1.9.1 -I. -I/Users/padilla/DropBox/Private/TheDevelopmentBox/thepista/httparty/ruby/1.9.1/gems/nokogiri-1.6.1/ports/x86_64-apple-darwin13.0.0/libxml2/2.8.0/include/libxml2 -I/Users/padilla/DropBox/Private/TheDevelopmentBox/thepista/httparty/ruby/1.9.1/gems/nokogiri-1.6.1/ports/x86_64-apple-darwin13.0.0/libxml2/2.8.0/include -I/Users/padilla/DropBox/Private/TheDevelopmentBox/thepista/httparty/ruby/1.9.1/gems/nokogiri-1.6.1/ports/x86_64-apple-darwin13.0.0/libxslt/1.1.26/include -D_XOPEN_SOURCE -D_DARWIN_C_SOURCE   -I/usr/local/opt/libyaml/include -I/usr/local/opt/readline/include -I/usr/local/opt/libksba/include -I/usr/local/opt/openssl/include  -O3 -ggdb -Wall -Wextra -Wno-unused-parameter -Wno-parentheses -Wno-long-long -Wno-missing-field-initializers -Wpointer-arith -Wwrite-strings -Wdeclaration-after-statement -Wimplicit-function-declaration  -fno-common -pipe  -g -DXP_UNIX -O3 -Wall -Wcast-qual -Wwrite-strings -Wconversion -Wmissing-noreturn -Winline -DNOKOGIRI_USE_PACKAGED_LIBRARIES -DNOKOGIRI_LIBXML2_PATH='"/Users/padilla/DropBox/Private/TheDevelopmentBox/thepista/httparty/ruby/1.9.1/gems/nokogiri-1.6.1/ports/x86_64-apple-darwin13.0.0/libxml2/2.8.0"' -DNOKOGIRI_LIBXSLT_PATH='"/Users/padilla/DropBox/Private/TheDevelopmentBox/thepista/httparty/ruby/1.9.1/gems/nokogiri-1.6.1/ports/x86_64-apple-darwin13.0.0/libxslt/1.1.26"' conftest.c  -L. -L/Users/padilla/.rvm/rubies/ruby-1.9.3-p545/lib -L/Users/padilla/DropBox/Private/TheDevelopmentBox/thepista/httparty/ruby/1.9.1/gems/nokogiri-1.6.1/ports/x86_64-apple-darwin13.0.0/libxml2/2.8.0/lib -L/Users/padilla/DropBox/Private/TheDevelopmentBox/thepista/httparty/ruby/1.9.1/gems/nokogiri-1.6.1/ports/x86_64-apple-darwin13.0.0/libxslt/1.1.26/lib -L/usr/local/opt/libyaml/lib -L/usr/local/opt/readline/lib -L/usr/local/opt/libksba/lib -L/usr/local/opt/openssl/lib -L.  -L/usr/local/opt/libyaml/lib -L/usr/local/opt/readline/lib -L/usr/local/opt/libksba/lib -L/usr/local/opt/openssl/lib  -Wl,-rpath,/Users/padilla/DropBox/Private/TheDevelopmentBox/thepista/httparty/ruby/1.9.1/gems/nokogiri-1.6.1/ports/x86_64-apple-darwin13.0.0/libxml2/2.8.0/lib -Wl,-rpath,/Users/padilla/DropBox/Private/TheDevelopmentBox/thepista/httparty/ruby/1.9.1/gems/nokogiri-1.6.1/ports/x86_64-apple-darwin13.0.0/libxslt/1.1.26/lib    -lexslt -lxslt -lxml2 -liconv  -lruby.1.9.1 -lexslt -lxslt -lxml2 -liconv  -lpthread -ldl -lobjc  "
conftest.c: In function 't':
conftest.c:4:53: error: 'xmlRelaxNGSetParserStructuredErrors' undeclared (first use in this function)
conftest.c:4:53: note: each undeclared identifier is reported only once for each function it appears in
conftest.c:4:28: warning: variable 'p' set but not used [-Wunused-but-set-variable]
checked program was:
/* begin */
 1: #include "ruby.h"
 2: 
 3: /*top*/
 4: int t() { void ((*volatile p)()); p = (void ((*)()))xmlRelaxNGSetParserStructuredErrors; return 0; }
 5: int main(int argc, char **argv)
 6: {
 7:   if (argc > 1000000) {
 8:     printf("%p", &t);
 9:   }
10: 
11:   return 0;
12: }
/* end */

"/usr/local/opt/gcc46/bin/gcc-4.6 -o conftest -I/Users/padilla/.rvm/rubies/ruby-1.9.3-p545/include/ruby-1.9.1/x86_64-darwin13.1.0 -I/Users/padilla/.rvm/rubies/ruby-1.9.3-p545/include/ruby-1.9.1/ruby/backward -I/Users/padilla/.rvm/rubies/ruby-1.9.3-p545/include/ruby-1.9.1 -I. -I/Users/padilla/DropBox/Private/TheDevelopmentBox/thepista/httparty/ruby/1.9.1/gems/nokogiri-1.6.1/ports/x86_64-apple-darwin13.0.0/libxml2/2.8.0/include/libxml2 -I/Users/padilla/DropBox/Private/TheDevelopmentBox/thepista/httparty/ruby/1.9.1/gems/nokogiri-1.6.1/ports/x86_64-apple-darwin13.0.0/libxml2/2.8.0/include -I/Users/padilla/DropBox/Private/TheDevelopmentBox/thepista/httparty/ruby/1.9.1/gems/nokogiri-1.6.1/ports/x86_64-apple-darwin13.0.0/libxslt/1.1.26/include -D_XOPEN_SOURCE -D_DARWIN_C_SOURCE   -I/usr/local/opt/libyaml/include -I/usr/local/opt/readline/include -I/usr/local/opt/libksba/include -I/usr/local/opt/openssl/include  -O3 -ggdb -Wall -Wextra -Wno-unused-parameter -Wno-parentheses -Wno-long-long -Wno-missing-field-initializers -Wpointer-arith -Wwrite-strings -Wdeclaration-after-statement -Wimplicit-function-declaration  -fno-common -pipe  -g -DXP_UNIX -O3 -Wall -Wcast-qual -Wwrite-strings -Wconversion -Wmissing-noreturn -Winline -DNOKOGIRI_USE_PACKAGED_LIBRARIES -DNOKOGIRI_LIBXML2_PATH='"/Users/padilla/DropBox/Private/TheDevelopmentBox/thepista/httparty/ruby/1.9.1/gems/nokogiri-1.6.1/ports/x86_64-apple-darwin13.0.0/libxml2/2.8.0"' -DNOKOGIRI_LIBXSLT_PATH='"/Users/padilla/DropBox/Private/TheDevelopmentBox/thepista/httparty/ruby/1.9.1/gems/nokogiri-1.6.1/ports/x86_64-apple-darwin13.0.0/libxslt/1.1.26"' conftest.c  -L. -L/Users/padilla/.rvm/rubies/ruby-1.9.3-p545/lib -L/Users/padilla/DropBox/Private/TheDevelopmentBox/thepista/httparty/ruby/1.9.1/gems/nokogiri-1.6.1/ports/x86_64-apple-darwin13.0.0/libxml2/2.8.0/lib -L/Users/padilla/DropBox/Private/TheDevelopmentBox/thepista/httparty/ruby/1.9.1/gems/nokogiri-1.6.1/ports/x86_64-apple-darwin13.0.0/libxslt/1.1.26/lib -L/usr/local/opt/libyaml/lib -L/usr/local/opt/readline/lib -L/usr/local/opt/libksba/lib -L/usr/local/opt/openssl/lib -L.  -L/usr/local/opt/libyaml/lib -L/usr/local/opt/readline/lib -L/usr/local/opt/libksba/lib -L/usr/local/opt/openssl/lib  -Wl,-rpath,/Users/padilla/DropBox/Private/TheDevelopmentBox/thepista/httparty/ruby/1.9.1/gems/nokogiri-1.6.1/ports/x86_64-apple-darwin13.0.0/libxml2/2.8.0/lib -Wl,-rpath,/Users/padilla/DropBox/Private/TheDevelopmentBox/thepista/httparty/ruby/1.9.1/gems/nokogiri-1.6.1/ports/x86_64-apple-darwin13.0.0/libxslt/1.1.26/lib    -lexslt -lxslt -lxml2 -liconv  -lruby.1.9.1 -lexslt -lxslt -lxml2 -liconv  -lpthread -ldl -lobjc  "
conftest.c: In function 't':
conftest.c:4:1: warning: implicit declaration of function 'xmlRelaxNGSetParserStructuredErrors' [-Wimplicit-function-declaration]
checked program was:
/* begin */
 1: #include "ruby.h"
 2: 
 3: /*top*/
 4: int t() { xmlRelaxNGSetParserStructuredErrors(); return 0; }
 5: int main(int argc, char **argv)
 6: {
 7:   if (argc > 1000000) {
 8:     printf("%p", &t);
 9:   }
10: 
11:   return 0;
12: }
/* end */

--------------------

have_func: checking for xmlRelaxNGSetParserStructuredErrors()... -------------------- yes

"/usr/local/opt/gcc46/bin/gcc-4.6 -o conftest -I/Users/padilla/.rvm/rubies/ruby-1.9.3-p545/include/ruby-1.9.1/x86_64-darwin13.1.0 -I/Users/padilla/.rvm/rubies/ruby-1.9.3-p545/include/ruby-1.9.1/ruby/backward -I/Users/padilla/.rvm/rubies/ruby-1.9.3-p545/include/ruby-1.9.1 -I. -I/Users/padilla/DropBox/Private/TheDevelopmentBox/thepista/httparty/ruby/1.9.1/gems/nokogiri-1.6.1/ports/x86_64-apple-darwin13.0.0/libxml2/2.8.0/include/libxml2 -I/Users/padilla/DropBox/Private/TheDevelopmentBox/thepista/httparty/ruby/1.9.1/gems/nokogiri-1.6.1/ports/x86_64-apple-darwin13.0.0/libxml2/2.8.0/include -I/Users/padilla/DropBox/Private/TheDevelopmentBox/thepista/httparty/ruby/1.9.1/gems/nokogiri-1.6.1/ports/x86_64-apple-darwin13.0.0/libxslt/1.1.26/include -D_XOPEN_SOURCE -D_DARWIN_C_SOURCE   -I/usr/local/opt/libyaml/include -I/usr/local/opt/readline/include -I/usr/local/opt/libksba/include -I/usr/local/opt/openssl/include  -O3 -ggdb -Wall -Wextra -Wno-unused-parameter -Wno-parentheses -Wno-long-long -Wno-missing-field-initializers -Wpointer-arith -Wwrite-strings -Wdeclaration-after-statement -Wimplicit-function-declaration  -fno-common -pipe  -g -DXP_UNIX -O3 -Wall -Wcast-qual -Wwrite-strings -Wconversion -Wmissing-noreturn -Winline -DNOKOGIRI_USE_PACKAGED_LIBRARIES -DNOKOGIRI_LIBXML2_PATH='"/Users/padilla/DropBox/Private/TheDevelopmentBox/thepista/httparty/ruby/1.9.1/gems/nokogiri-1.6.1/ports/x86_64-apple-darwin13.0.0/libxml2/2.8.0"' -DNOKOGIRI_LIBXSLT_PATH='"/Users/padilla/DropBox/Private/TheDevelopmentBox/thepista/httparty/ruby/1.9.1/gems/nokogiri-1.6.1/ports/x86_64-apple-darwin13.0.0/libxslt/1.1.26"' conftest.c  -L. -L/Users/padilla/.rvm/rubies/ruby-1.9.3-p545/lib -L/Users/padilla/DropBox/Private/TheDevelopmentBox/thepista/httparty/ruby/1.9.1/gems/nokogiri-1.6.1/ports/x86_64-apple-darwin13.0.0/libxml2/2.8.0/lib -L/Users/padilla/DropBox/Private/TheDevelopmentBox/thepista/httparty/ruby/1.9.1/gems/nokogiri-1.6.1/ports/x86_64-apple-darwin13.0.0/libxslt/1.1.26/lib -L/usr/local/opt/libyaml/lib -L/usr/local/opt/readline/lib -L/usr/local/opt/libksba/lib -L/usr/local/opt/openssl/lib -L.  -L/usr/local/opt/libyaml/lib -L/usr/local/opt/readline/lib -L/usr/local/opt/libksba/lib -L/usr/local/opt/openssl/lib  -Wl,-rpath,/Users/padilla/DropBox/Private/TheDevelopmentBox/thepista/httparty/ruby/1.9.1/gems/nokogiri-1.6.1/ports/x86_64-apple-darwin13.0.0/libxml2/2.8.0/lib -Wl,-rpath,/Users/padilla/DropBox/Private/TheDevelopmentBox/thepista/httparty/ruby/1.9.1/gems/nokogiri-1.6.1/ports/x86_64-apple-darwin13.0.0/libxslt/1.1.26/lib    -lexslt -lxslt -lxml2 -liconv  -lruby.1.9.1 -lexslt -lxslt -lxml2 -liconv  -lpthread -ldl -lobjc  "
conftest.c: In function 't':
conftest.c:4:53: error: 'xmlRelaxNGSetParserStructuredErrors' undeclared (first use in this function)
conftest.c:4:53: note: each undeclared identifier is reported only once for each function it appears in
conftest.c:4:28: warning: variable 'p' set but not used [-Wunused-but-set-variable]
checked program was:
/* begin */
 1: #include "ruby.h"
 2: 
 3: /*top*/
 4: int t() { void ((*volatile p)()); p = (void ((*)()))xmlRelaxNGSetParserStructuredErrors; return 0; }
 5: int main(int argc, char **argv)
 6: {
 7:   if (argc > 1000000) {
 8:     printf("%p", &t);
 9:   }
10: 
11:   return 0;
12: }
/* end */

"/usr/local/opt/gcc46/bin/gcc-4.6 -o conftest -I/Users/padilla/.rvm/rubies/ruby-1.9.3-p545/include/ruby-1.9.1/x86_64-darwin13.1.0 -I/Users/padilla/.rvm/rubies/ruby-1.9.3-p545/include/ruby-1.9.1/ruby/backward -I/Users/padilla/.rvm/rubies/ruby-1.9.3-p545/include/ruby-1.9.1 -I. -I/Users/padilla/DropBox/Private/TheDevelopmentBox/thepista/httparty/ruby/1.9.1/gems/nokogiri-1.6.1/ports/x86_64-apple-darwin13.0.0/libxml2/2.8.0/include/libxml2 -I/Users/padilla/DropBox/Private/TheDevelopmentBox/thepista/httparty/ruby/1.9.1/gems/nokogiri-1.6.1/ports/x86_64-apple-darwin13.0.0/libxml2/2.8.0/include -I/Users/padilla/DropBox/Private/TheDevelopmentBox/thepista/httparty/ruby/1.9.1/gems/nokogiri-1.6.1/ports/x86_64-apple-darwin13.0.0/libxslt/1.1.26/include -D_XOPEN_SOURCE -D_DARWIN_C_SOURCE   -I/usr/local/opt/libyaml/include -I/usr/local/opt/readline/include -I/usr/local/opt/libksba/include -I/usr/local/opt/openssl/include  -O3 -ggdb -Wall -Wextra -Wno-unused-parameter -Wno-parentheses -Wno-long-long -Wno-missing-field-initializers -Wpointer-arith -Wwrite-strings -Wdeclaration-after-statement -Wimplicit-function-declaration  -fno-common -pipe  -g -DXP_UNIX -O3 -Wall -Wcast-qual -Wwrite-strings -Wconversion -Wmissing-noreturn -Winline -DNOKOGIRI_USE_PACKAGED_LIBRARIES -DNOKOGIRI_LIBXML2_PATH='"/Users/padilla/DropBox/Private/TheDevelopmentBox/thepista/httparty/ruby/1.9.1/gems/nokogiri-1.6.1/ports/x86_64-apple-darwin13.0.0/libxml2/2.8.0"' -DNOKOGIRI_LIBXSLT_PATH='"/Users/padilla/DropBox/Private/TheDevelopmentBox/thepista/httparty/ruby/1.9.1/gems/nokogiri-1.6.1/ports/x86_64-apple-darwin13.0.0/libxslt/1.1.26"' conftest.c  -L. -L/Users/padilla/.rvm/rubies/ruby-1.9.3-p545/lib -L/Users/padilla/DropBox/Private/TheDevelopmentBox/thepista/httparty/ruby/1.9.1/gems/nokogiri-1.6.1/ports/x86_64-apple-darwin13.0.0/libxml2/2.8.0/lib -L/Users/padilla/DropBox/Private/TheDevelopmentBox/thepista/httparty/ruby/1.9.1/gems/nokogiri-1.6.1/ports/x86_64-apple-darwin13.0.0/libxslt/1.1.26/lib -L/usr/local/opt/libyaml/lib -L/usr/local/opt/readline/lib -L/usr/local/opt/libksba/lib -L/usr/local/opt/openssl/lib -L.  -L/usr/local/opt/libyaml/lib -L/usr/local/opt/readline/lib -L/usr/local/opt/libksba/lib -L/usr/local/opt/openssl/lib  -Wl,-rpath,/Users/padilla/DropBox/Private/TheDevelopmentBox/thepista/httparty/ruby/1.9.1/gems/nokogiri-1.6.1/ports/x86_64-apple-darwin13.0.0/libxml2/2.8.0/lib -Wl,-rpath,/Users/padilla/DropBox/Private/TheDevelopmentBox/thepista/httparty/ruby/1.9.1/gems/nokogiri-1.6.1/ports/x86_64-apple-darwin13.0.0/libxslt/1.1.26/lib    -lexslt -lxslt -lxml2 -liconv  -lruby.1.9.1 -lexslt -lxslt -lxml2 -liconv  -lpthread -ldl -lobjc  "
conftest.c: In function 't':
conftest.c:4:1: warning: implicit declaration of function 'xmlRelaxNGSetParserStructuredErrors' [-Wimplicit-function-declaration]
checked program was:
/* begin */
 1: #include "ruby.h"
 2: 
 3: /*top*/
 4: int t() { xmlRelaxNGSetParserStructuredErrors(); return 0; }
 5: int main(int argc, char **argv)
 6: {
 7:   if (argc > 1000000) {
 8:     printf("%p", &t);
 9:   }
10: 
11:   return 0;
12: }
/* end */

--------------------

have_func: checking for xmlRelaxNGSetValidStructuredErrors()... -------------------- yes

"/usr/local/opt/gcc46/bin/gcc-4.6 -o conftest -I/Users/padilla/.rvm/rubies/ruby-1.9.3-p545/include/ruby-1.9.1/x86_64-darwin13.1.0 -I/Users/padilla/.rvm/rubies/ruby-1.9.3-p545/include/ruby-1.9.1/ruby/backward -I/Users/padilla/.rvm/rubies/ruby-1.9.3-p545/include/ruby-1.9.1 -I. -I/Users/padilla/DropBox/Private/TheDevelopmentBox/thepista/httparty/ruby/1.9.1/gems/nokogiri-1.6.1/ports/x86_64-apple-darwin13.0.0/libxml2/2.8.0/include/libxml2 -I/Users/padilla/DropBox/Private/TheDevelopmentBox/thepista/httparty/ruby/1.9.1/gems/nokogiri-1.6.1/ports/x86_64-apple-darwin13.0.0/libxml2/2.8.0/include -I/Users/padilla/DropBox/Private/TheDevelopmentBox/thepista/httparty/ruby/1.9.1/gems/nokogiri-1.6.1/ports/x86_64-apple-darwin13.0.0/libxslt/1.1.26/include -D_XOPEN_SOURCE -D_DARWIN_C_SOURCE   -I/usr/local/opt/libyaml/include -I/usr/local/opt/readline/include -I/usr/local/opt/libksba/include -I/usr/local/opt/openssl/include  -O3 -ggdb -Wall -Wextra -Wno-unused-parameter -Wno-parentheses -Wno-long-long -Wno-missing-field-initializers -Wpointer-arith -Wwrite-strings -Wdeclaration-after-statement -Wimplicit-function-declaration  -fno-common -pipe  -g -DXP_UNIX -O3 -Wall -Wcast-qual -Wwrite-strings -Wconversion -Wmissing-noreturn -Winline -DNOKOGIRI_USE_PACKAGED_LIBRARIES -DNOKOGIRI_LIBXML2_PATH='"/Users/padilla/DropBox/Private/TheDevelopmentBox/thepista/httparty/ruby/1.9.1/gems/nokogiri-1.6.1/ports/x86_64-apple-darwin13.0.0/libxml2/2.8.0"' -DNOKOGIRI_LIBXSLT_PATH='"/Users/padilla/DropBox/Private/TheDevelopmentBox/thepista/httparty/ruby/1.9.1/gems/nokogiri-1.6.1/ports/x86_64-apple-darwin13.0.0/libxslt/1.1.26"' conftest.c  -L. -L/Users/padilla/.rvm/rubies/ruby-1.9.3-p545/lib -L/Users/padilla/DropBox/Private/TheDevelopmentBox/thepista/httparty/ruby/1.9.1/gems/nokogiri-1.6.1/ports/x86_64-apple-darwin13.0.0/libxml2/2.8.0/lib -L/Users/padilla/DropBox/Private/TheDevelopmentBox/thepista/httparty/ruby/1.9.1/gems/nokogiri-1.6.1/ports/x86_64-apple-darwin13.0.0/libxslt/1.1.26/lib -L/usr/local/opt/libyaml/lib -L/usr/local/opt/readline/lib -L/usr/local/opt/libksba/lib -L/usr/local/opt/openssl/lib -L.  -L/usr/local/opt/libyaml/lib -L/usr/local/opt/readline/lib -L/usr/local/opt/libksba/lib -L/usr/local/opt/openssl/lib  -Wl,-rpath,/Users/padilla/DropBox/Private/TheDevelopmentBox/thepista/httparty/ruby/1.9.1/gems/nokogiri-1.6.1/ports/x86_64-apple-darwin13.0.0/libxml2/2.8.0/lib -Wl,-rpath,/Users/padilla/DropBox/Private/TheDevelopmentBox/thepista/httparty/ruby/1.9.1/gems/nokogiri-1.6.1/ports/x86_64-apple-darwin13.0.0/libxslt/1.1.26/lib    -lexslt -lxslt -lxml2 -liconv  -lruby.1.9.1 -lexslt -lxslt -lxml2 -liconv  -lpthread -ldl -lobjc  "
conftest.c: In function 't':
conftest.c:4:53: error: 'xmlRelaxNGSetValidStructuredErrors' undeclared (first use in this function)
conftest.c:4:53: note: each undeclared identifier is reported only once for each function it appears in
conftest.c:4:28: warning: variable 'p' set but not used [-Wunused-but-set-variable]
checked program was:
/* begin */
 1: #include "ruby.h"
 2: 
 3: /*top*/
 4: int t() { void ((*volatile p)()); p = (void ((*)()))xmlRelaxNGSetValidStructuredErrors; return 0; }
 5: int main(int argc, char **argv)
 6: {
 7:   if (argc > 1000000) {
 8:     printf("%p", &t);
 9:   }
10: 
11:   return 0;
12: }
/* end */

"/usr/local/opt/gcc46/bin/gcc-4.6 -o conftest -I/Users/padilla/.rvm/rubies/ruby-1.9.3-p545/include/ruby-1.9.1/x86_64-darwin13.1.0 -I/Users/padilla/.rvm/rubies/ruby-1.9.3-p545/include/ruby-1.9.1/ruby/backward -I/Users/padilla/.rvm/rubies/ruby-1.9.3-p545/include/ruby-1.9.1 -I. -I/Users/padilla/DropBox/Private/TheDevelopmentBox/thepista/httparty/ruby/1.9.1/gems/nokogiri-1.6.1/ports/x86_64-apple-darwin13.0.0/libxml2/2.8.0/include/libxml2 -I/Users/padilla/DropBox/Private/TheDevelopmentBox/thepista/httparty/ruby/1.9.1/gems/nokogiri-1.6.1/ports/x86_64-apple-darwin13.0.0/libxml2/2.8.0/include -I/Users/padilla/DropBox/Private/TheDevelopmentBox/thepista/httparty/ruby/1.9.1/gems/nokogiri-1.6.1/ports/x86_64-apple-darwin13.0.0/libxslt/1.1.26/include -D_XOPEN_SOURCE -D_DARWIN_C_SOURCE   -I/usr/local/opt/libyaml/include -I/usr/local/opt/readline/include -I/usr/local/opt/libksba/include -I/usr/local/opt/openssl/include  -O3 -ggdb -Wall -Wextra -Wno-unused-parameter -Wno-parentheses -Wno-long-long -Wno-missing-field-initializers -Wpointer-arith -Wwrite-strings -Wdeclaration-after-statement -Wimplicit-function-declaration  -fno-common -pipe  -g -DXP_UNIX -O3 -Wall -Wcast-qual -Wwrite-strings -Wconversion -Wmissing-noreturn -Winline -DNOKOGIRI_USE_PACKAGED_LIBRARIES -DNOKOGIRI_LIBXML2_PATH='"/Users/padilla/DropBox/Private/TheDevelopmentBox/thepista/httparty/ruby/1.9.1/gems/nokogiri-1.6.1/ports/x86_64-apple-darwin13.0.0/libxml2/2.8.0"' -DNOKOGIRI_LIBXSLT_PATH='"/Users/padilla/DropBox/Private/TheDevelopmentBox/thepista/httparty/ruby/1.9.1/gems/nokogiri-1.6.1/ports/x86_64-apple-darwin13.0.0/libxslt/1.1.26"' conftest.c  -L. -L/Users/padilla/.rvm/rubies/ruby-1.9.3-p545/lib -L/Users/padilla/DropBox/Private/TheDevelopmentBox/thepista/httparty/ruby/1.9.1/gems/nokogiri-1.6.1/ports/x86_64-apple-darwin13.0.0/libxml2/2.8.0/lib -L/Users/padilla/DropBox/Private/TheDevelopmentBox/thepista/httparty/ruby/1.9.1/gems/nokogiri-1.6.1/ports/x86_64-apple-darwin13.0.0/libxslt/1.1.26/lib -L/usr/local/opt/libyaml/lib -L/usr/local/opt/readline/lib -L/usr/local/opt/libksba/lib -L/usr/local/opt/openssl/lib -L.  -L/usr/local/opt/libyaml/lib -L/usr/local/opt/readline/lib -L/usr/local/opt/libksba/lib -L/usr/local/opt/openssl/lib  -Wl,-rpath,/Users/padilla/DropBox/Private/TheDevelopmentBox/thepista/httparty/ruby/1.9.1/gems/nokogiri-1.6.1/ports/x86_64-apple-darwin13.0.0/libxml2/2.8.0/lib -Wl,-rpath,/Users/padilla/DropBox/Private/TheDevelopmentBox/thepista/httparty/ruby/1.9.1/gems/nokogiri-1.6.1/ports/x86_64-apple-darwin13.0.0/libxslt/1.1.26/lib    -lexslt -lxslt -lxml2 -liconv  -lruby.1.9.1 -lexslt -lxslt -lxml2 -liconv  -lpthread -ldl -lobjc  "
conftest.c: In function 't':
conftest.c:4:1: warning: implicit declaration of function 'xmlRelaxNGSetValidStructuredErrors' [-Wimplicit-function-declaration]
checked program was:
/* begin */
 1: #include "ruby.h"
 2: 
 3: /*top*/
 4: int t() { xmlRelaxNGSetValidStructuredErrors(); return 0; }
 5: int main(int argc, char **argv)
 6: {
 7:   if (argc > 1000000) {
 8:     printf("%p", &t);
 9:   }
10: 
11:   return 0;
12: }
/* end */

--------------------

have_func: checking for xmlSchemaSetValidStructuredErrors()... -------------------- yes

"/usr/local/opt/gcc46/bin/gcc-4.6 -o conftest -I/Users/padilla/.rvm/rubies/ruby-1.9.3-p545/include/ruby-1.9.1/x86_64-darwin13.1.0 -I/Users/padilla/.rvm/rubies/ruby-1.9.3-p545/include/ruby-1.9.1/ruby/backward -I/Users/padilla/.rvm/rubies/ruby-1.9.3-p545/include/ruby-1.9.1 -I. -I/Users/padilla/DropBox/Private/TheDevelopmentBox/thepista/httparty/ruby/1.9.1/gems/nokogiri-1.6.1/ports/x86_64-apple-darwin13.0.0/libxml2/2.8.0/include/libxml2 -I/Users/padilla/DropBox/Private/TheDevelopmentBox/thepista/httparty/ruby/1.9.1/gems/nokogiri-1.6.1/ports/x86_64-apple-darwin13.0.0/libxml2/2.8.0/include -I/Users/padilla/DropBox/Private/TheDevelopmentBox/thepista/httparty/ruby/1.9.1/gems/nokogiri-1.6.1/ports/x86_64-apple-darwin13.0.0/libxslt/1.1.26/include -D_XOPEN_SOURCE -D_DARWIN_C_SOURCE   -I/usr/local/opt/libyaml/include -I/usr/local/opt/readline/include -I/usr/local/opt/libksba/include -I/usr/local/opt/openssl/include  -O3 -ggdb -Wall -Wextra -Wno-unused-parameter -Wno-parentheses -Wno-long-long -Wno-missing-field-initializers -Wpointer-arith -Wwrite-strings -Wdeclaration-after-statement -Wimplicit-function-declaration  -fno-common -pipe  -g -DXP_UNIX -O3 -Wall -Wcast-qual -Wwrite-strings -Wconversion -Wmissing-noreturn -Winline -DNOKOGIRI_USE_PACKAGED_LIBRARIES -DNOKOGIRI_LIBXML2_PATH='"/Users/padilla/DropBox/Private/TheDevelopmentBox/thepista/httparty/ruby/1.9.1/gems/nokogiri-1.6.1/ports/x86_64-apple-darwin13.0.0/libxml2/2.8.0"' -DNOKOGIRI_LIBXSLT_PATH='"/Users/padilla/DropBox/Private/TheDevelopmentBox/thepista/httparty/ruby/1.9.1/gems/nokogiri-1.6.1/ports/x86_64-apple-darwin13.0.0/libxslt/1.1.26"' conftest.c  -L. -L/Users/padilla/.rvm/rubies/ruby-1.9.3-p545/lib -L/Users/padilla/DropBox/Private/TheDevelopmentBox/thepista/httparty/ruby/1.9.1/gems/nokogiri-1.6.1/ports/x86_64-apple-darwin13.0.0/libxml2/2.8.0/lib -L/Users/padilla/DropBox/Private/TheDevelopmentBox/thepista/httparty/ruby/1.9.1/gems/nokogiri-1.6.1/ports/x86_64-apple-darwin13.0.0/libxslt/1.1.26/lib -L/usr/local/opt/libyaml/lib -L/usr/local/opt/readline/lib -L/usr/local/opt/libksba/lib -L/usr/local/opt/openssl/lib -L.  -L/usr/local/opt/libyaml/lib -L/usr/local/opt/readline/lib -L/usr/local/opt/libksba/lib -L/usr/local/opt/openssl/lib  -Wl,-rpath,/Users/padilla/DropBox/Private/TheDevelopmentBox/thepista/httparty/ruby/1.9.1/gems/nokogiri-1.6.1/ports/x86_64-apple-darwin13.0.0/libxml2/2.8.0/lib -Wl,-rpath,/Users/padilla/DropBox/Private/TheDevelopmentBox/thepista/httparty/ruby/1.9.1/gems/nokogiri-1.6.1/ports/x86_64-apple-darwin13.0.0/libxslt/1.1.26/lib    -lexslt -lxslt -lxml2 -liconv  -lruby.1.9.1 -lexslt -lxslt -lxml2 -liconv  -lpthread -ldl -lobjc  "
conftest.c: In function 't':
conftest.c:4:53: error: 'xmlSchemaSetValidStructuredErrors' undeclared (first use in this function)
conftest.c:4:53: note: each undeclared identifier is reported only once for each function it appears in
conftest.c:4:28: warning: variable 'p' set but not used [-Wunused-but-set-variable]
checked program was:
/* begin */
 1: #include "ruby.h"
 2: 
 3: /*top*/
 4: int t() { void ((*volatile p)()); p = (void ((*)()))xmlSchemaSetValidStructuredErrors; return 0; }
 5: int main(int argc, char **argv)
 6: {
 7:   if (argc > 1000000) {
 8:     printf("%p", &t);
 9:   }
10: 
11:   return 0;
12: }
/* end */

"/usr/local/opt/gcc46/bin/gcc-4.6 -o conftest -I/Users/padilla/.rvm/rubies/ruby-1.9.3-p545/include/ruby-1.9.1/x86_64-darwin13.1.0 -I/Users/padilla/.rvm/rubies/ruby-1.9.3-p545/include/ruby-1.9.1/ruby/backward -I/Users/padilla/.rvm/rubies/ruby-1.9.3-p545/include/ruby-1.9.1 -I. -I/Users/padilla/DropBox/Private/TheDevelopmentBox/thepista/httparty/ruby/1.9.1/gems/nokogiri-1.6.1/ports/x86_64-apple-darwin13.0.0/libxml2/2.8.0/include/libxml2 -I/Users/padilla/DropBox/Private/TheDevelopmentBox/thepista/httparty/ruby/1.9.1/gems/nokogiri-1.6.1/ports/x86_64-apple-darwin13.0.0/libxml2/2.8.0/include -I/Users/padilla/DropBox/Private/TheDevelopmentBox/thepista/httparty/ruby/1.9.1/gems/nokogiri-1.6.1/ports/x86_64-apple-darwin13.0.0/libxslt/1.1.26/include -D_XOPEN_SOURCE -D_DARWIN_C_SOURCE   -I/usr/local/opt/libyaml/include -I/usr/local/opt/readline/include -I/usr/local/opt/libksba/include -I/usr/local/opt/openssl/include  -O3 -ggdb -Wall -Wextra -Wno-unused-parameter -Wno-parentheses -Wno-long-long -Wno-missing-field-initializers -Wpointer-arith -Wwrite-strings -Wdeclaration-after-statement -Wimplicit-function-declaration  -fno-common -pipe  -g -DXP_UNIX -O3 -Wall -Wcast-qual -Wwrite-strings -Wconversion -Wmissing-noreturn -Winline -DNOKOGIRI_USE_PACKAGED_LIBRARIES -DNOKOGIRI_LIBXML2_PATH='"/Users/padilla/DropBox/Private/TheDevelopmentBox/thepista/httparty/ruby/1.9.1/gems/nokogiri-1.6.1/ports/x86_64-apple-darwin13.0.0/libxml2/2.8.0"' -DNOKOGIRI_LIBXSLT_PATH='"/Users/padilla/DropBox/Private/TheDevelopmentBox/thepista/httparty/ruby/1.9.1/gems/nokogiri-1.6.1/ports/x86_64-apple-darwin13.0.0/libxslt/1.1.26"' conftest.c  -L. -L/Users/padilla/.rvm/rubies/ruby-1.9.3-p545/lib -L/Users/padilla/DropBox/Private/TheDevelopmentBox/thepista/httparty/ruby/1.9.1/gems/nokogiri-1.6.1/ports/x86_64-apple-darwin13.0.0/libxml2/2.8.0/lib -L/Users/padilla/DropBox/Private/TheDevelopmentBox/thepista/httparty/ruby/1.9.1/gems/nokogiri-1.6.1/ports/x86_64-apple-darwin13.0.0/libxslt/1.1.26/lib -L/usr/local/opt/libyaml/lib -L/usr/local/opt/readline/lib -L/usr/local/opt/libksba/lib -L/usr/local/opt/openssl/lib -L.  -L/usr/local/opt/libyaml/lib -L/usr/local/opt/readline/lib -L/usr/local/opt/libksba/lib -L/usr/local/opt/openssl/lib  -Wl,-rpath,/Users/padilla/DropBox/Private/TheDevelopmentBox/thepista/httparty/ruby/1.9.1/gems/nokogiri-1.6.1/ports/x86_64-apple-darwin13.0.0/libxml2/2.8.0/lib -Wl,-rpath,/Users/padilla/DropBox/Private/TheDevelopmentBox/thepista/httparty/ruby/1.9.1/gems/nokogiri-1.6.1/ports/x86_64-apple-darwin13.0.0/libxslt/1.1.26/lib    -lexslt -lxslt -lxml2 -liconv  -lruby.1.9.1 -lexslt -lxslt -lxml2 -liconv  -lpthread -ldl -lobjc  "
conftest.c: In function 't':
conftest.c:4:1: warning: implicit declaration of function 'xmlSchemaSetValidStructuredErrors' [-Wimplicit-function-declaration]
checked program was:
/* begin */
 1: #include "ruby.h"
 2: 
 3: /*top*/
 4: int t() { xmlSchemaSetValidStructuredErrors(); return 0; }
 5: int main(int argc, char **argv)
 6: {
 7:   if (argc > 1000000) {
 8:     printf("%p", &t);
 9:   }
10: 
11:   return 0;
12: }
/* end */

--------------------

have_func: checking for xmlSchemaSetParserStructuredErrors()... -------------------- yes

"/usr/local/opt/gcc46/bin/gcc-4.6 -o conftest -I/Users/padilla/.rvm/rubies/ruby-1.9.3-p545/include/ruby-1.9.1/x86_64-darwin13.1.0 -I/Users/padilla/.rvm/rubies/ruby-1.9.3-p545/include/ruby-1.9.1/ruby/backward -I/Users/padilla/.rvm/rubies/ruby-1.9.3-p545/include/ruby-1.9.1 -I. -I/Users/padilla/DropBox/Private/TheDevelopmentBox/thepista/httparty/ruby/1.9.1/gems/nokogiri-1.6.1/ports/x86_64-apple-darwin13.0.0/libxml2/2.8.0/include/libxml2 -I/Users/padilla/DropBox/Private/TheDevelopmentBox/thepista/httparty/ruby/1.9.1/gems/nokogiri-1.6.1/ports/x86_64-apple-darwin13.0.0/libxml2/2.8.0/include -I/Users/padilla/DropBox/Private/TheDevelopmentBox/thepista/httparty/ruby/1.9.1/gems/nokogiri-1.6.1/ports/x86_64-apple-darwin13.0.0/libxslt/1.1.26/include -D_XOPEN_SOURCE -D_DARWIN_C_SOURCE   -I/usr/local/opt/libyaml/include -I/usr/local/opt/readline/include -I/usr/local/opt/libksba/include -I/usr/local/opt/openssl/include  -O3 -ggdb -Wall -Wextra -Wno-unused-parameter -Wno-parentheses -Wno-long-long -Wno-missing-field-initializers -Wpointer-arith -Wwrite-strings -Wdeclaration-after-statement -Wimplicit-function-declaration  -fno-common -pipe  -g -DXP_UNIX -O3 -Wall -Wcast-qual -Wwrite-strings -Wconversion -Wmissing-noreturn -Winline -DNOKOGIRI_USE_PACKAGED_LIBRARIES -DNOKOGIRI_LIBXML2_PATH='"/Users/padilla/DropBox/Private/TheDevelopmentBox/thepista/httparty/ruby/1.9.1/gems/nokogiri-1.6.1/ports/x86_64-apple-darwin13.0.0/libxml2/2.8.0"' -DNOKOGIRI_LIBXSLT_PATH='"/Users/padilla/DropBox/Private/TheDevelopmentBox/thepista/httparty/ruby/1.9.1/gems/nokogiri-1.6.1/ports/x86_64-apple-darwin13.0.0/libxslt/1.1.26"' conftest.c  -L. -L/Users/padilla/.rvm/rubies/ruby-1.9.3-p545/lib -L/Users/padilla/DropBox/Private/TheDevelopmentBox/thepista/httparty/ruby/1.9.1/gems/nokogiri-1.6.1/ports/x86_64-apple-darwin13.0.0/libxml2/2.8.0/lib -L/Users/padilla/DropBox/Private/TheDevelopmentBox/thepista/httparty/ruby/1.9.1/gems/nokogiri-1.6.1/ports/x86_64-apple-darwin13.0.0/libxslt/1.1.26/lib -L/usr/local/opt/libyaml/lib -L/usr/local/opt/readline/lib -L/usr/local/opt/libksba/lib -L/usr/local/opt/openssl/lib -L.  -L/usr/local/opt/libyaml/lib -L/usr/local/opt/readline/lib -L/usr/local/opt/libksba/lib -L/usr/local/opt/openssl/lib  -Wl,-rpath,/Users/padilla/DropBox/Private/TheDevelopmentBox/thepista/httparty/ruby/1.9.1/gems/nokogiri-1.6.1/ports/x86_64-apple-darwin13.0.0/libxml2/2.8.0/lib -Wl,-rpath,/Users/padilla/DropBox/Private/TheDevelopmentBox/thepista/httparty/ruby/1.9.1/gems/nokogiri-1.6.1/ports/x86_64-apple-darwin13.0.0/libxslt/1.1.26/lib    -lexslt -lxslt -lxml2 -liconv  -lruby.1.9.1 -lexslt -lxslt -lxml2 -liconv  -lpthread -ldl -lobjc  "
conftest.c: In function 't':
conftest.c:4:53: error: 'xmlSchemaSetParserStructuredErrors' undeclared (first use in this function)
conftest.c:4:53: note: each undeclared identifier is reported only once for each function it appears in
conftest.c:4:28: warning: variable 'p' set but not used [-Wunused-but-set-variable]
checked program was:
/* begin */
 1: #include "ruby.h"
 2: 
 3: /*top*/
 4: int t() { void ((*volatile p)()); p = (void ((*)()))xmlSchemaSetParserStructuredErrors; return 0; }
 5: int main(int argc, char **argv)
 6: {
 7:   if (argc > 1000000) {
 8:     printf("%p", &t);
 9:   }
10: 
11:   return 0;
12: }
/* end */

"/usr/local/opt/gcc46/bin/gcc-4.6 -o conftest -I/Users/padilla/.rvm/rubies/ruby-1.9.3-p545/include/ruby-1.9.1/x86_64-darwin13.1.0 -I/Users/padilla/.rvm/rubies/ruby-1.9.3-p545/include/ruby-1.9.1/ruby/backward -I/Users/padilla/.rvm/rubies/ruby-1.9.3-p545/include/ruby-1.9.1 -I. -I/Users/padilla/DropBox/Private/TheDevelopmentBox/thepista/httparty/ruby/1.9.1/gems/nokogiri-1.6.1/ports/x86_64-apple-darwin13.0.0/libxml2/2.8.0/include/libxml2 -I/Users/padilla/DropBox/Private/TheDevelopmentBox/thepista/httparty/ruby/1.9.1/gems/nokogiri-1.6.1/ports/x86_64-apple-darwin13.0.0/libxml2/2.8.0/include -I/Users/padilla/DropBox/Private/TheDevelopmentBox/thepista/httparty/ruby/1.9.1/gems/nokogiri-1.6.1/ports/x86_64-apple-darwin13.0.0/libxslt/1.1.26/include -D_XOPEN_SOURCE -D_DARWIN_C_SOURCE   -I/usr/local/opt/libyaml/include -I/usr/local/opt/readline/include -I/usr/local/opt/libksba/include -I/usr/local/opt/openssl/include  -O3 -ggdb -Wall -Wextra -Wno-unused-parameter -Wno-parentheses -Wno-long-long -Wno-missing-field-initializers -Wpointer-arith -Wwrite-strings -Wdeclaration-after-statement -Wimplicit-function-declaration  -fno-common -pipe  -g -DXP_UNIX -O3 -Wall -Wcast-qual -Wwrite-strings -Wconversion -Wmissing-noreturn -Winline -DNOKOGIRI_USE_PACKAGED_LIBRARIES -DNOKOGIRI_LIBXML2_PATH='"/Users/padilla/DropBox/Private/TheDevelopmentBox/thepista/httparty/ruby/1.9.1/gems/nokogiri-1.6.1/ports/x86_64-apple-darwin13.0.0/libxml2/2.8.0"' -DNOKOGIRI_LIBXSLT_PATH='"/Users/padilla/DropBox/Private/TheDevelopmentBox/thepista/httparty/ruby/1.9.1/gems/nokogiri-1.6.1/ports/x86_64-apple-darwin13.0.0/libxslt/1.1.26"' conftest.c  -L. -L/Users/padilla/.rvm/rubies/ruby-1.9.3-p545/lib -L/Users/padilla/DropBox/Private/TheDevelopmentBox/thepista/httparty/ruby/1.9.1/gems/nokogiri-1.6.1/ports/x86_64-apple-darwin13.0.0/libxml2/2.8.0/lib -L/Users/padilla/DropBox/Private/TheDevelopmentBox/thepista/httparty/ruby/1.9.1/gems/nokogiri-1.6.1/ports/x86_64-apple-darwin13.0.0/libxslt/1.1.26/lib -L/usr/local/opt/libyaml/lib -L/usr/local/opt/readline/lib -L/usr/local/opt/libksba/lib -L/usr/local/opt/openssl/lib -L.  -L/usr/local/opt/libyaml/lib -L/usr/local/opt/readline/lib -L/usr/local/opt/libksba/lib -L/usr/local/opt/openssl/lib  -Wl,-rpath,/Users/padilla/DropBox/Private/TheDevelopmentBox/thepista/httparty/ruby/1.9.1/gems/nokogiri-1.6.1/ports/x86_64-apple-darwin13.0.0/libxml2/2.8.0/lib -Wl,-rpath,/Users/padilla/DropBox/Private/TheDevelopmentBox/thepista/httparty/ruby/1.9.1/gems/nokogiri-1.6.1/ports/x86_64-apple-darwin13.0.0/libxslt/1.1.26/lib    -lexslt -lxslt -lxml2 -liconv  -lruby.1.9.1 -lexslt -lxslt -lxml2 -liconv  -lpthread -ldl -lobjc  "
conftest.c: In function 't':
conftest.c:4:1: warning: implicit declaration of function 'xmlSchemaSetParserStructuredErrors' [-Wimplicit-function-declaration]
checked program was:
/* begin */
 1: #include "ruby.h"
 2: 
 3: /*top*/
 4: int t() { xmlSchemaSetParserStructuredErrors(); return 0; }
 5: int main(int argc, char **argv)
 6: {
 7:   if (argc > 1000000) {
 8:     printf("%p", &t);
 9:   }
10: 
11:   return 0;
12: }
/* end */

--------------------

