/Users/padilla/.rvm/rubies/ruby-1.9.3-p545/bin/ruby extconf.rb 
creating Makefile

make  clean

make
compiling ruby_http_parser.c
ruby_http_parser.c: In function 'on_message_begin':
ruby_http_parser.c:108:3: warning: ISO C90 forbids mixed declarations and code [-Wdeclaration-after-statement]
ruby_http_parser.c: In function 'on_header_value':
ruby_http_parser.c:146:3: warning: ISO C90 forbids mixed declarations and code [-Wdeclaration-after-statement]
ruby_http_parser.c: In function 'on_headers_complete':
ruby_http_parser.c:192:3: warning: ISO C90 forbids mixed declarations and code [-Wdeclaration-after-statement]
ruby_http_parser.c: In function 'on_body':
ruby_http_parser.c:213:3: warning: ISO C90 forbids mixed declarations and code [-Wdeclaration-after-statement]
ruby_http_parser.c: In function 'on_message_complete':
ruby_http_parser.c:232:3: warning: ISO C90 forbids mixed declarations and code [-Wdeclaration-after-statement]
ruby_http_parser.c: In function 'Parser_execute':
ruby_http_parser.c:314:3: warning: ISO C90 forbids mixed declarations and code [-Wdeclaration-after-statement]
ruby_http_parser.c:320:3: warning: ISO C90 forbids mixed declarations and code [-Wdeclaration-after-statement]
ruby_http_parser.c: In function 'Parser_set_header_value_type':
ruby_http_parser.c:451:3: warning: ISO C90 forbids mixed declarations and code [-Wdeclaration-after-statement]
compiling ryah_http_parser.c
linking shared-object ruby_http_parser.bundle

make  install
/usr/bin/install -c -m 0755 ruby_http_parser.bundle /Users/padilla/Dropbox/Private/TheDevelopmentBox/thepista/httparty/ruby/1.9.1/gems/http_parser.rb-0.6.0/ext/ruby_http_parser/.gem.20140704-884-18jgbzr
installing default ruby_http_parser libraries
