/Users/padilla/.rvm/rubies/ruby-1.9.3-p545/bin/ruby extconf.rb --with-pg-config=/usr/local/Cellar/postgresql/9.3.1/bin/psql
Using config values from /usr/local/Cellar/postgresql/9.3.1/bin/psql
psql: unrecognized option `--includedir'
Try "psql --help" for more information.
psql: unrecognized option `--libdir'
Try "psql --help" for more information.
checking for libpq-fe.h... yes
checking for libpq/libpq-fs.h... yes
checking for pg_config_manual.h... yes
checking for PQconnectdb() in -lpq... yes
checking for PQconnectionUsedPassword()... yes
checking for PQisthreadsafe()... yes
checking for PQprepare()... yes
checking for PQexecParams()... yes
checking for PQescapeString()... yes
checking for PQescapeStringConn()... yes
checking for PQescapeLiteral()... yes
checking for PQescapeIdentifier()... yes
checking for PQgetCancel()... yes
checking for lo_create()... yes
checking for pg_encoding_to_char()... yes
checking for pg_char_to_encoding()... yes
checking for PQsetClientEncoding()... yes
checking for PQlibVersion()... yes
checking for PQping()... yes
checking for PQsetSingleRowMode()... yes
checking for rb_encdb_alias()... yes
checking for rb_enc_alias()... no
checking for rb_thread_call_without_gvl()... yes
checking for rb_thread_call_with_gvl()... yes
checking for rb_thread_fd_select()... yes
checking for rb_w32_wrap_io_handle()... no
checking for PGRES_COPY_BOTH in libpq-fe.h... yes
checking for PGRES_SINGLE_TUPLE in libpq-fe.h... yes
checking for PG_DIAG_TABLE_NAME in libpq-fe.h... yes
checking for struct pgNotify.extra in libpq-fe.h... yes
checking for unistd.h... yes
checking for ruby/st.h... yes
creating extconf.h
creating Makefile

make  clean

make
compiling gvl_wrappers.c
compiling pg.c
compiling pg_connection.c
compiling pg_errors.c
compiling pg_result.c
linking shared-object pg_ext.bundle

make  install
/usr/bin/install -c -m 0755 pg_ext.bundle /Users/padilla/DropBox/Private/TheDevelopmentBox/thepista/httparty/ruby/1.9.1/gems/pg-0.17.0/ext/.gem.20140620-12404-8aeri9
installing default pg_ext libraries
